Using pre-set license
Built from '2021.3/staging' branch; Version is '2021.3.11f1 (0a5ca18544bf) revision 679073'; Using compiler version '192829333'; Build Type 'Release'
OS: 'Windows 10  (10.0.19044) 64bit CoreSingleLanguage' Language: 'en' Physical Memory: 15724 MB
BatchMode: 1, IsHumanControllingUs: 0, StartBugReporterOnCrash: 0, Is64bit: 1, IsPro: 1

COMMAND LINE ARGUMENTS:
C:\Program Files\Unity\Hub\Editor\2021.3.11f1\Editor\Unity.exe
-adb2
-batchMode
-noUpm
-name
AssetImportWorker15
-projectPath
C:/Users/kyuki/OneDrive/Documents/Arcus/CC/unity-character-customization
-logFile
Logs/AssetImportWorker15.log
-srvPort
52446
Successfully changed project path to: C:/Users/kyuki/OneDrive/Documents/Arcus/CC/unity-character-customization
C:/Users/kyuki/OneDrive/Documents/Arcus/CC/unity-character-customization
[UnityMemory] Configuration Parameters - Can be set up in boot.config
    "memorysetup-bucket-allocator-granularity=16"
    "memorysetup-bucket-allocator-bucket-count=8"
    "memorysetup-bucket-allocator-block-size=33554432"
    "memorysetup-bucket-allocator-block-count=8"
    "memorysetup-main-allocator-block-size=16777216"
    "memorysetup-thread-allocator-block-size=16777216"
    "memorysetup-gfx-main-allocator-block-size=16777216"
    "memorysetup-gfx-thread-allocator-block-size=16777216"
    "memorysetup-cache-allocator-block-size=4194304"
    "memorysetup-typetree-allocator-block-size=2097152"
    "memorysetup-profiler-bucket-allocator-granularity=16"
    "memorysetup-profiler-bucket-allocator-bucket-count=8"
    "memorysetup-profiler-bucket-allocator-block-size=33554432"
    "memorysetup-profiler-bucket-allocator-block-count=8"
    "memorysetup-profiler-allocator-block-size=16777216"
    "memorysetup-profiler-editor-allocator-block-size=1048576"
    "memorysetup-temp-allocator-size-main=16777216"
    "memorysetup-job-temp-allocator-block-size=2097152"
    "memorysetup-job-temp-allocator-block-size-background=1048576"
    "memorysetup-job-temp-allocator-reduction-small-platforms=262144"
    "memorysetup-temp-allocator-size-background-worker=32768"
    "memorysetup-temp-allocator-size-job-worker=262144"
    "memorysetup-temp-allocator-size-preload-manager=33554432"
    "memorysetup-temp-allocator-size-nav-mesh-worker=65536"
    "memorysetup-temp-allocator-size-audio-worker=65536"
    "memorysetup-temp-allocator-size-cloud-worker=32768"
    "memorysetup-temp-allocator-size-gi-baking-worker=262144"
    "memorysetup-temp-allocator-size-gfx=262144"
Refreshing native plugins compatible for Editor in 97.86 ms, found 3 plugins.
Preloading 0 native plugins for Editor in 0.00 ms.
Initialize engine version: 2021.3.11f1 (0a5ca18544bf)
[Subsystems] Discovering subsystems at path C:/Program Files/Unity/Hub/Editor/2021.3.11f1/Editor/Data/Resources/UnitySubsystems
[Subsystems] Discovering subsystems at path C:/Users/kyuki/OneDrive/Documents/Arcus/CC/unity-character-customization/Assets
GfxDevice: creating device client; threaded=0; jobified=0
Direct3D:
    Version:  Direct3D 11.0 [level 11.1]
    Renderer: NVIDIA GeForce RTX 3060 Laptop GPU (ID=0x2520)
    Vendor:   NVIDIA
    VRAM:     6023 MB
    Driver:   30.0.15.1274
Initialize mono
Mono path[0] = 'C:/Program Files/Unity/Hub/Editor/2021.3.11f1/Editor/Data/Managed'
Mono path[1] = 'C:/Program Files/Unity/Hub/Editor/2021.3.11f1/Editor/Data/MonoBleedingEdge/lib/mono/unityjit-win32'
Mono config path = 'C:/Program Files/Unity/Hub/Editor/2021.3.11f1/Editor/Data/MonoBleedingEdge/etc'
Using monoOptions --debugger-agent=transport=dt_socket,embedding=1,server=y,suspend=n,address=127.0.0.1:56512
Begin MonoManager ReloadAssembly
Registering precompiled unity dll's ...
Register platform support module: C:/Program Files/Unity/Hub/Editor/2021.3.11f1/Editor/Data/PlaybackEngines/WebGLSupport/UnityEditor.WebGL.Extensions.dll
Register platform support module: C:/Program Files/Unity/Hub/Editor/2021.3.11f1/Editor/Data/PlaybackEngines/AndroidPlayer/UnityEditor.Android.Extensions.dll
Register platform support module: C:/Program Files/Unity/Hub/Editor/2021.3.11f1/Editor/Data/PlaybackEngines/WindowsStandaloneSupport/UnityEditor.WindowsStandalone.Extensions.dll
Registered in 0.012593 seconds.
Native extension for WindowsStandalone target not found
Native extension for Android target not found
Native extension for WebGL target not found
Refreshing native plugins compatible for Editor in 71.75 ms, found 3 plugins.
Preloading 0 native plugins for Editor in 0.00 ms.
Mono: successfully reloaded assembly
- Completed reload, in  0.647 seconds
Domain Reload Profiling:
	ReloadAssembly (647ms)
		BeginReloadAssembly (86ms)
			ExecutionOrderSort (0ms)
			DisableScriptedObjects (0ms)
			BackupInstance (0ms)
			ReleaseScriptingObjects (0ms)
			CreateAndSetChildDomain (2ms)
		EndReloadAssembly (431ms)
			LoadAssemblies (81ms)
			RebuildTransferFunctionScriptingTraits (0ms)
			SetupTypeCache (105ms)
			ReleaseScriptCaches (0ms)
			RebuildScriptCaches (23ms)
			SetupLoadedEditorAssemblies (256ms)
				LogAssemblyErrors (0ms)
				InitializePlatformSupportModulesInManaged (52ms)
				SetLoadedEditorAssemblies (1ms)
				RefreshPlugins (72ms)
				BeforeProcessingInitializeOnLoad (1ms)
				ProcessInitializeOnLoadAttributes (84ms)
				ProcessInitializeOnLoadMethodAttributes (46ms)
				AfterProcessingInitializeOnLoad (0ms)
				EditorAssembliesLoaded (0ms)
			ExecutionOrderSort2 (0ms)
			AwakeInstancesAfterBackupRestoration (0ms)
Platform modules already initialized, skipping
Registering precompiled user dll's ...
Registered in 0.005864 seconds.
Begin MonoManager ReloadAssembly
Symbol file LoadedFromMemory doesn't match image C:\Users\kyuki\OneDrive\Documents\Arcus\CC\unity-character-customization\Library\PackageCache\com.unity.visualscripting@1.7.8\Editor\VisualScripting.Core\Dependencies\YamlDotNet\Unity.VisualScripting.YamlDotNet.dll
Symbol file LoadedFromMemory doesn't match image C:\Users\kyuki\OneDrive\Documents\Arcus\CC\unity-character-customization\Library\PackageCache\com.unity.visualscripting@1.7.8\Editor\VisualScripting.Core\Dependencies\DotNetZip\Unity.VisualScripting.IonicZip.dll
Native extension for WindowsStandalone target not found
Native extension for Android target not found
Native extension for WebGL target not found
Refreshing native plugins compatible for Editor in 0.68 ms, found 3 plugins.
Preloading 0 native plugins for Editor in 0.00 ms.
Mono: successfully reloaded assembly
- Completed reload, in  1.051 seconds
Domain Reload Profiling:
	ReloadAssembly (1052ms)
		BeginReloadAssembly (206ms)
			ExecutionOrderSort (0ms)
			DisableScriptedObjects (5ms)
			BackupInstance (0ms)
			ReleaseScriptingObjects (0ms)
			CreateAndSetChildDomain (120ms)
		EndReloadAssembly (734ms)
			LoadAssemblies (87ms)
			RebuildTransferFunctionScriptingTraits (0ms)
			SetupTypeCache (222ms)
			ReleaseScriptCaches (1ms)
			RebuildScriptCaches (40ms)
			SetupLoadedEditorAssemblies (353ms)
				LogAssemblyErrors (0ms)
				InitializePlatformSupportModulesInManaged (16ms)
				SetLoadedEditorAssemblies (0ms)
				RefreshPlugins (1ms)
				BeforeProcessingInitializeOnLoad (81ms)
				ProcessInitializeOnLoadAttributes (219ms)
				ProcessInitializeOnLoadMethodAttributes (28ms)
				AfterProcessingInitializeOnLoad (9ms)
				EditorAssembliesLoaded (0ms)
			ExecutionOrderSort2 (0ms)
			AwakeInstancesAfterBackupRestoration (5ms)
Platform modules already initialized, skipping
========================================================================
Worker process is ready to serve import requests
Launched and connected shader compiler UnityShaderCompiler.exe after 0.04 seconds
Refreshing native plugins compatible for Editor in 0.71 ms, found 3 plugins.
Preloading 0 native plugins for Editor in 0.00 ms.
Unloading 3401 Unused Serialized files (Serialized files now loaded: 0)
Unloading 27 unused Assets / (113.8 KB). Loaded Objects now: 3863.
Memory consumption went from 119.8 MB to 119.7 MB.
Total: 3.209800 ms (FindLiveObjects: 0.278300 ms CreateObjectMapping: 0.089300 ms MarkObjects: 2.686100 ms  DeleteObjects: 0.154700 ms)

AssetImportParameters requested are different than current active one (requested -> active):
  custom:video-decoder-ogg-theora: a1e56fd34408186e4bbccfd4996cb3dc -> 
  custom:container-muxer-webm: aa71ff27fc2769a1b78a27578f13a17b -> 
  custom:container-demuxer-webm: 4f35f7cbe854078d1ac9338744f61a02 -> 
  custom:video-encoder-webm-vp8: eb34c28f22e8b96e1ab97ce403110664 -> 
  custom:audio-encoder-webm-vorbis: bf7c407c2cedff20999df2af8eb42d56 -> 
  custom:framework-win-MediaFoundation: 216162199b28c13a410421893ffa2e32 -> 
  custom:container-demuxer-ogg: 62fdf1f143b41e24485cea50d1cbac27 -> 
  custom:video-decoder-webm-vp8: 9c59270c3fd7afecdb556c50c9e8de78 -> 
  custom:audio-decoder-ogg-vorbis: bf7c407c2cedff20999df2af8eb42d56 -> 
========================================================================
Received Import Request.
  Time since last request: 144544.864102 seconds.
  path: Assets/New Lighting Settings.lighting
  artifactKey: Guid(d56d7525e49814145a8dca0aef114f76) Importer(815301076,1909f56bfc062723c751e8b465ee728b)
Start importing Assets/New Lighting Settings.lighting using Guid(d56d7525e49814145a8dca0aef114f76) Importer(815301076,1909f56bfc062723c751e8b465ee728b)  -> (artifact id: '2df4f3f57b90a6878ca51fa0fc32f140') in 0.037630 seconds 
========================================================================
Received Import Request.
  Time since last request: 77.730788 seconds.
  path: Assets/Deathgorge/DeathGorge.fbx
  artifactKey: Guid(0baf82a0266aabf4082ac8e13a1291b6) Importer(815301076,1909f56bfc062723c751e8b465ee728b)
Start importing Assets/Deathgorge/DeathGorge.fbx using Guid(0baf82a0266aabf4082ac8e13a1291b6) Importer(815301076,1909f56bfc062723c751e8b465ee728b)  -> (artifact id: 'e0427f9622619e4f22357cec38b6fd2a') in 1.895350 seconds 
========================================================================
Received Prepare
Registering precompiled user dll's ...
Registered in 0.007043 seconds.
Begin MonoManager ReloadAssembly
Symbol file LoadedFromMemory doesn't match image C:\Users\kyuki\OneDrive\Documents\Arcus\CC\unity-character-customization\Library\PackageCache\com.unity.visualscripting@1.7.8\Editor\VisualScripting.Core\Dependencies\YamlDotNet\Unity.VisualScripting.YamlDotNet.dll
Symbol file LoadedFromMemory doesn't match image C:\Users\kyuki\OneDrive\Documents\Arcus\CC\unity-character-customization\Library\PackageCache\com.unity.visualscripting@1.7.8\Editor\VisualScripting.Core\Dependencies\DotNetZip\Unity.VisualScripting.IonicZip.dll
Native extension for WindowsStandalone target not found
Native extension for Android target not found
Native extension for WebGL target not found
Refreshing native plugins compatible for Editor in 0.70 ms, found 3 plugins.
Preloading 0 native plugins for Editor in 0.00 ms.
Mono: successfully reloaded assembly
- Completed reload, in  0.900 seconds
Domain Reload Profiling:
	ReloadAssembly (900ms)
		BeginReloadAssembly (128ms)
			ExecutionOrderSort (0ms)
			DisableScriptedObjects (4ms)
			BackupInstance (0ms)
			ReleaseScriptingObjects (0ms)
			CreateAndSetChildDomain (38ms)
		EndReloadAssembly (681ms)
			LoadAssemblies (77ms)
			RebuildTransferFunctionScriptingTraits (0ms)
			SetupTypeCache (213ms)
			ReleaseScriptCaches (1ms)
			RebuildScriptCaches (35ms)
			SetupLoadedEditorAssemblies (316ms)
				LogAssemblyErrors (0ms)
				InitializePlatformSupportModulesInManaged (23ms)
				SetLoadedEditorAssemblies (0ms)
				RefreshPlugins (1ms)
				BeforeProcessingInitializeOnLoad (68ms)
				ProcessInitializeOnLoadAttributes (189ms)
				ProcessInitializeOnLoadMethodAttributes (26ms)
				AfterProcessingInitializeOnLoad (9ms)
				EditorAssembliesLoaded (0ms)
			ExecutionOrderSort2 (0ms)
			AwakeInstancesAfterBackupRestoration (6ms)
Platform modules already initialized, skipping
Refreshing native plugins compatible for Editor in 2.19 ms, found 3 plugins.
Preloading 0 native plugins for Editor in 0.00 ms.
Unloading 3383 Unused Serialized files (Serialized files now loaded: 0)
Unloading 20 unused Assets / (80.4 KB). Loaded Objects now: 3877.
Memory consumption went from 123.7 MB to 123.6 MB.
Total: 3.381900 ms (FindLiveObjects: 0.255700 ms CreateObjectMapping: 0.177600 ms MarkObjects: 2.843900 ms  DeleteObjects: 0.103400 ms)

AssetImportParameters requested are different than current active one (requested -> active):
  custom:video-decoder-ogg-theora: a1e56fd34408186e4bbccfd4996cb3dc -> 
  custom:container-muxer-webm: aa71ff27fc2769a1b78a27578f13a17b -> 
  custom:container-demuxer-webm: 4f35f7cbe854078d1ac9338744f61a02 -> 
  custom:video-encoder-webm-vp8: eb34c28f22e8b96e1ab97ce403110664 -> 
  custom:audio-encoder-webm-vorbis: bf7c407c2cedff20999df2af8eb42d56 -> 
  custom:framework-win-MediaFoundation: 216162199b28c13a410421893ffa2e32 -> 
  custom:container-demuxer-ogg: 62fdf1f143b41e24485cea50d1cbac27 -> 
  custom:video-decoder-webm-vp8: 9c59270c3fd7afecdb556c50c9e8de78 -> 
  custom:audio-decoder-ogg-vorbis: bf7c407c2cedff20999df2af8eb42d56 -> 
========================================================================
Received Prepare
Registering precompiled user dll's ...
Registered in 0.006460 seconds.
Begin MonoManager ReloadAssembly
Symbol file LoadedFromMemory doesn't match image C:\Users\kyuki\OneDrive\Documents\Arcus\CC\unity-character-customization\Library\PackageCache\com.unity.visualscripting@1.7.8\Editor\VisualScripting.Core\Dependencies\YamlDotNet\Unity.VisualScripting.YamlDotNet.dll
Symbol file LoadedFromMemory doesn't match image C:\Users\kyuki\OneDrive\Documents\Arcus\CC\unity-character-customization\Library\PackageCache\com.unity.visualscripting@1.7.8\Editor\VisualScripting.Core\Dependencies\DotNetZip\Unity.VisualScripting.IonicZip.dll
Native extension for WindowsStandalone target not found
Native extension for Android target not found
Native extension for WebGL target not found
Refreshing native plugins compatible for Editor in 1.12 ms, found 3 plugins.
Preloading 0 native plugins for Editor in 0.00 ms.
Mono: successfully reloaded assembly
- Completed reload, in  0.927 seconds
Domain Reload Profiling:
	ReloadAssembly (927ms)
		BeginReloadAssembly (141ms)
			ExecutionOrderSort (0ms)
			DisableScriptedObjects (7ms)
			BackupInstance (0ms)
			ReleaseScriptingObjects (0ms)
			CreateAndSetChildDomain (45ms)
		EndReloadAssembly (700ms)
			LoadAssemblies (86ms)
			RebuildTransferFunctionScriptingTraits (0ms)
			SetupTypeCache (216ms)
			ReleaseScriptCaches (2ms)
			RebuildScriptCaches (35ms)
			SetupLoadedEditorAssemblies (323ms)
				LogAssemblyErrors (0ms)
				InitializePlatformSupportModulesInManaged (25ms)
				SetLoadedEditorAssemblies (1ms)
				RefreshPlugins (1ms)
				BeforeProcessingInitializeOnLoad (65ms)
				ProcessInitializeOnLoadAttributes (192ms)
				ProcessInitializeOnLoadMethodAttributes (31ms)
				AfterProcessingInitializeOnLoad (9ms)
				EditorAssembliesLoaded (0ms)
			ExecutionOrderSort2 (0ms)
			AwakeInstancesAfterBackupRestoration (7ms)
Platform modules already initialized, skipping
Refreshing native plugins compatible for Editor in 2.11 ms, found 3 plugins.
Preloading 0 native plugins for Editor in 0.00 ms.
Unloading 3383 Unused Serialized files (Serialized files now loaded: 0)
Unloading 20 unused Assets / (80.4 KB). Loaded Objects now: 3880.
Memory consumption went from 123.7 MB to 123.6 MB.
Total: 3.068900 ms (FindLiveObjects: 0.262600 ms CreateObjectMapping: 0.182900 ms MarkObjects: 2.527800 ms  DeleteObjects: 0.094400 ms)

AssetImportParameters requested are different than current active one (requested -> active):
  custom:video-decoder-ogg-theora: a1e56fd34408186e4bbccfd4996cb3dc -> 
  custom:container-muxer-webm: aa71ff27fc2769a1b78a27578f13a17b -> 
  custom:container-demuxer-webm: 4f35f7cbe854078d1ac9338744f61a02 -> 
  custom:video-encoder-webm-vp8: eb34c28f22e8b96e1ab97ce403110664 -> 
  custom:audio-encoder-webm-vorbis: bf7c407c2cedff20999df2af8eb42d56 -> 
  custom:framework-win-MediaFoundation: 216162199b28c13a410421893ffa2e32 -> 
  custom:container-demuxer-ogg: 62fdf1f143b41e24485cea50d1cbac27 -> 
  custom:video-decoder-webm-vp8: 9c59270c3fd7afecdb556c50c9e8de78 -> 
  custom:audio-decoder-ogg-vorbis: bf7c407c2cedff20999df2af8eb42d56 -> 
========================================================================
Received Prepare
Registering precompiled user dll's ...
Registered in 0.005922 seconds.
Begin MonoManager ReloadAssembly
Symbol file LoadedFromMemory doesn't match image C:\Users\kyuki\OneDrive\Documents\Arcus\CC\unity-character-customization\Library\PackageCache\com.unity.visualscripting@1.7.8\Editor\VisualScripting.Core\Dependencies\YamlDotNet\Unity.VisualScripting.YamlDotNet.dll
Symbol file LoadedFromMemory doesn't match image C:\Users\kyuki\OneDrive\Documents\Arcus\CC\unity-character-customization\Library\PackageCache\com.unity.visualscripting@1.7.8\Editor\VisualScripting.Core\Dependencies\DotNetZip\Unity.VisualScripting.IonicZip.dll
Native extension for WindowsStandalone target not found
Native extension for Android target not found
Native extension for WebGL target not found
Refreshing native plugins compatible for Editor in 0.86 ms, found 3 plugins.
Preloading 0 native plugins for Editor in 0.00 ms.
Mono: successfully reloaded assembly
- Completed reload, in  0.895 seconds
Domain Reload Profiling:
	ReloadAssembly (896ms)
		BeginReloadAssembly (131ms)
			ExecutionOrderSort (0ms)
			DisableScriptedObjects (5ms)
			BackupInstance (0ms)
			ReleaseScriptingObjects (0ms)
			CreateAndSetChildDomain (36ms)
		EndReloadAssembly (674ms)
			LoadAssemblies (84ms)
			RebuildTransferFunctionScriptingTraits (0ms)
			SetupTypeCache (209ms)
			ReleaseScriptCaches (1ms)
			RebuildScriptCaches (33ms)
			SetupLoadedEditorAssemblies (310ms)
				LogAssemblyErrors (0ms)
				InitializePlatformSupportModulesInManaged (22ms)
				SetLoadedEditorAssemblies (0ms)
				RefreshPlugins (1ms)
				BeforeProcessingInitializeOnLoad (63ms)
				ProcessInitializeOnLoadAttributes (184ms)
				ProcessInitializeOnLoadMethodAttributes (29ms)
				AfterProcessingInitializeOnLoad (10ms)
				EditorAssembliesLoaded (0ms)
			ExecutionOrderSort2 (0ms)
			AwakeInstancesAfterBackupRestoration (6ms)
Platform modules already initialized, skipping
Refreshing native plugins compatible for Editor in 2.77 ms, found 3 plugins.
Preloading 0 native plugins for Editor in 0.00 ms.
Unloading 3383 Unused Serialized files (Serialized files now loaded: 0)
Unloading 20 unused Assets / (80.5 KB). Loaded Objects now: 3883.
Memory consumption went from 123.7 MB to 123.6 MB.
Total: 3.402300 ms (FindLiveObjects: 0.258900 ms CreateObjectMapping: 0.208700 ms MarkObjects: 2.827200 ms  DeleteObjects: 0.105800 ms)

AssetImportParameters requested are different than current active one (requested -> active):
  custom:video-decoder-ogg-theora: a1e56fd34408186e4bbccfd4996cb3dc -> 
  custom:container-muxer-webm: aa71ff27fc2769a1b78a27578f13a17b -> 
  custom:container-demuxer-webm: 4f35f7cbe854078d1ac9338744f61a02 -> 
  custom:video-encoder-webm-vp8: eb34c28f22e8b96e1ab97ce403110664 -> 
  custom:audio-encoder-webm-vorbis: bf7c407c2cedff20999df2af8eb42d56 -> 
  custom:framework-win-MediaFoundation: 216162199b28c13a410421893ffa2e32 -> 
  custom:container-demuxer-ogg: 62fdf1f143b41e24485cea50d1cbac27 -> 
  custom:video-decoder-webm-vp8: 9c59270c3fd7afecdb556c50c9e8de78 -> 
  custom:audio-decoder-ogg-vorbis: bf7c407c2cedff20999df2af8eb42d56 -> 
========================================================================
Received Prepare
Registering precompiled user dll's ...
Registered in 0.005871 seconds.
Begin MonoManager ReloadAssembly
Symbol file LoadedFromMemory doesn't match image C:\Users\kyuki\OneDrive\Documents\Arcus\CC\unity-character-customization\Library\PackageCache\com.unity.visualscripting@1.7.8\Editor\VisualScripting.Core\Dependencies\YamlDotNet\Unity.VisualScripting.YamlDotNet.dll
Symbol file LoadedFromMemory doesn't match image C:\Users\kyuki\OneDrive\Documents\Arcus\CC\unity-character-customization\Library\PackageCache\com.unity.visualscripting@1.7.8\Editor\VisualScripting.Core\Dependencies\DotNetZip\Unity.VisualScripting.IonicZip.dll
Native extension for WindowsStandalone target not found
Native extension for Android target not found
Native extension for WebGL target not found
Refreshing native plugins compatible for Editor in 0.71 ms, found 3 plugins.
Preloading 0 native plugins for Editor in 0.00 ms.
Mono: successfully reloaded assembly
- Completed reload, in  0.951 seconds
Domain Reload Profiling:
	ReloadAssembly (952ms)
		BeginReloadAssembly (130ms)
			ExecutionOrderSort (0ms)
			DisableScriptedObjects (5ms)
			BackupInstance (0ms)
			ReleaseScriptingObjects (0ms)
			CreateAndSetChildDomain (34ms)
		EndReloadAssembly (735ms)
			LoadAssemblies (89ms)
			RebuildTransferFunctionScriptingTraits (0ms)
			SetupTypeCache (221ms)
			ReleaseScriptCaches (1ms)
			RebuildScriptCaches (40ms)
			SetupLoadedEditorAssemblies (344ms)
				LogAssemblyErrors (0ms)
				InitializePlatformSupportModulesInManaged (26ms)
				SetLoadedEditorAssemblies (0ms)
				RefreshPlugins (1ms)
				BeforeProcessingInitializeOnLoad (73ms)
				ProcessInitializeOnLoadAttributes (205ms)
				ProcessInitializeOnLoadMethodAttributes (29ms)
				AfterProcessingInitializeOnLoad (9ms)
				EditorAssembliesLoaded (0ms)
			ExecutionOrderSort2 (0ms)
			AwakeInstancesAfterBackupRestoration (7ms)
Platform modules already initialized, skipping
Refreshing native plugins compatible for Editor in 3.32 ms, found 3 plugins.
Preloading 0 native plugins for Editor in 0.00 ms.
Unloading 3383 Unused Serialized files (Serialized files now loaded: 0)
Unloading 20 unused Assets / (80.6 KB). Loaded Objects now: 3886.
Memory consumption went from 123.7 MB to 123.6 MB.
Total: 3.153800 ms (FindLiveObjects: 0.251400 ms CreateObjectMapping: 0.238200 ms MarkObjects: 2.572400 ms  DeleteObjects: 0.090800 ms)

AssetImportParameters requested are different than current active one (requested -> active):
  custom:video-decoder-ogg-theora: a1e56fd34408186e4bbccfd4996cb3dc -> 
  custom:container-muxer-webm: aa71ff27fc2769a1b78a27578f13a17b -> 
  custom:container-demuxer-webm: 4f35f7cbe854078d1ac9338744f61a02 -> 
  custom:video-encoder-webm-vp8: eb34c28f22e8b96e1ab97ce403110664 -> 
  custom:audio-encoder-webm-vorbis: bf7c407c2cedff20999df2af8eb42d56 -> 
  custom:framework-win-MediaFoundation: 216162199b28c13a410421893ffa2e32 -> 
  custom:container-demuxer-ogg: 62fdf1f143b41e24485cea50d1cbac27 -> 
  custom:video-decoder-webm-vp8: 9c59270c3fd7afecdb556c50c9e8de78 -> 
  custom:audio-decoder-ogg-vorbis: bf7c407c2cedff20999df2af8eb42d56 -> 
========================================================================
Received Prepare
Registering precompiled user dll's ...
Registered in 0.006400 seconds.
Begin MonoManager ReloadAssembly
Symbol file LoadedFromMemory doesn't match image C:\Users\kyuki\OneDrive\Documents\Arcus\CC\unity-character-customization\Library\PackageCache\com.unity.visualscripting@1.7.8\Editor\VisualScripting.Core\Dependencies\YamlDotNet\Unity.VisualScripting.YamlDotNet.dll
Symbol file LoadedFromMemory doesn't match image C:\Users\kyuki\OneDrive\Documents\Arcus\CC\unity-character-customization\Library\PackageCache\com.unity.visualscripting@1.7.8\Editor\VisualScripting.Core\Dependencies\DotNetZip\Unity.VisualScripting.IonicZip.dll
Native extension for WindowsStandalone target not found
Native extension for Android target not found
Native extension for WebGL target not found
Refreshing native plugins compatible for Editor in 0.69 ms, found 3 plugins.
Preloading 0 native plugins for Editor in 0.00 ms.
Mono: successfully reloaded assembly
- Completed reload, in  0.942 seconds
Domain Reload Profiling:
	ReloadAssembly (942ms)
		BeginReloadAssembly (129ms)
			ExecutionOrderSort (0ms)
			DisableScriptedObjects (5ms)
			BackupInstance (0ms)
			ReleaseScriptingObjects (0ms)
			CreateAndSetChildDomain (35ms)
		EndReloadAssembly (726ms)
			LoadAssemblies (87ms)
			RebuildTransferFunctionScriptingTraits (0ms)
			SetupTypeCache (220ms)
			ReleaseScriptCaches (1ms)
			RebuildScriptCaches (36ms)
			SetupLoadedEditorAssemblies (340ms)
				LogAssemblyErrors (0ms)
				InitializePlatformSupportModulesInManaged (24ms)
				SetLoadedEditorAssemblies (0ms)
				RefreshPlugins (1ms)
				BeforeProcessingInitializeOnLoad (69ms)
				ProcessInitializeOnLoadAttributes (207ms)
				ProcessInitializeOnLoadMethodAttributes (29ms)
				AfterProcessingInitializeOnLoad (10ms)
				EditorAssembliesLoaded (0ms)
			ExecutionOrderSort2 (0ms)
			AwakeInstancesAfterBackupRestoration (7ms)
Platform modules already initialized, skipping
Refreshing native plugins compatible for Editor in 2.12 ms, found 3 plugins.
Preloading 0 native plugins for Editor in 0.00 ms.
Unloading 3383 Unused Serialized files (Serialized files now loaded: 0)
Unloading 20 unused Assets / (80.6 KB). Loaded Objects now: 3889.
Memory consumption went from 123.7 MB to 123.7 MB.
Total: 3.266100 ms (FindLiveObjects: 0.275600 ms CreateObjectMapping: 0.214900 ms MarkObjects: 2.677700 ms  DeleteObjects: 0.096500 ms)

AssetImportParameters requested are different than current active one (requested -> active):
  custom:video-decoder-ogg-theora: a1e56fd34408186e4bbccfd4996cb3dc -> 
  custom:container-muxer-webm: aa71ff27fc2769a1b78a27578f13a17b -> 
  custom:container-demuxer-webm: 4f35f7cbe854078d1ac9338744f61a02 -> 
  custom:video-encoder-webm-vp8: eb34c28f22e8b96e1ab97ce403110664 -> 
  custom:audio-encoder-webm-vorbis: bf7c407c2cedff20999df2af8eb42d56 -> 
  custom:framework-win-MediaFoundation: 216162199b28c13a410421893ffa2e32 -> 
  custom:container-demuxer-ogg: 62fdf1f143b41e24485cea50d1cbac27 -> 
  custom:video-decoder-webm-vp8: 9c59270c3fd7afecdb556c50c9e8de78 -> 
  custom:audio-decoder-ogg-vorbis: bf7c407c2cedff20999df2af8eb42d56 -> 
========================================================================
Received Prepare
Registering precompiled user dll's ...
Registered in 0.006450 seconds.
Begin MonoManager ReloadAssembly
Symbol file LoadedFromMemory doesn't match image C:\Users\kyuki\OneDrive\Documents\Arcus\CC\unity-character-customization\Library\PackageCache\com.unity.visualscripting@1.7.8\Editor\VisualScripting.Core\Dependencies\YamlDotNet\Unity.VisualScripting.YamlDotNet.dll
Symbol file LoadedFromMemory doesn't match image C:\Users\kyuki\OneDrive\Documents\Arcus\CC\unity-character-customization\Library\PackageCache\com.unity.visualscripting@1.7.8\Editor\VisualScripting.Core\Dependencies\DotNetZip\Unity.VisualScripting.IonicZip.dll
Native extension for WindowsStandalone target not found
Native extension for Android target not found
Native extension for WebGL target not found
Refreshing native plugins compatible for Editor in 0.73 ms, found 3 plugins.
Preloading 0 native plugins for Editor in 0.00 ms.
Mono: successfully reloaded assembly
- Completed reload, in  0.903 seconds
Domain Reload Profiling:
	ReloadAssembly (904ms)
		BeginReloadAssembly (127ms)
			ExecutionOrderSort (0ms)
			DisableScriptedObjects (5ms)
			BackupInstance (0ms)
			ReleaseScriptingObjects (0ms)
			CreateAndSetChildDomain (34ms)
		EndReloadAssembly (685ms)
			LoadAssemblies (88ms)
			RebuildTransferFunctionScriptingTraits (0ms)
			SetupTypeCache (221ms)
			ReleaseScriptCaches (2ms)
			RebuildScriptCaches (35ms)
			SetupLoadedEditorAssemblies (303ms)
				LogAssemblyErrors (0ms)
				InitializePlatformSupportModulesInManaged (22ms)
				SetLoadedEditorAssemblies (1ms)
				RefreshPlugins (1ms)
				BeforeProcessingInitializeOnLoad (63ms)
				ProcessInitializeOnLoadAttributes (181ms)
				ProcessInitializeOnLoadMethodAttributes (26ms)
				AfterProcessingInitializeOnLoad (9ms)
				EditorAssembliesLoaded (0ms)
			ExecutionOrderSort2 (0ms)
			AwakeInstancesAfterBackupRestoration (6ms)
Platform modules already initialized, skipping
Refreshing native plugins compatible for Editor in 2.66 ms, found 3 plugins.
Preloading 0 native plugins for Editor in 0.00 ms.
Unloading 3383 Unused Serialized files (Serialized files now loaded: 0)
Unloading 20 unused Assets / (80.4 KB). Loaded Objects now: 3892.
Memory consumption went from 123.7 MB to 123.7 MB.
Total: 3.221000 ms (FindLiveObjects: 0.255200 ms CreateObjectMapping: 0.164800 ms MarkObjects: 2.685800 ms  DeleteObjects: 0.113800 ms)

AssetImportParameters requested are different than current active one (requested -> active):
  custom:video-decoder-ogg-theora: a1e56fd34408186e4bbccfd4996cb3dc -> 
  custom:container-muxer-webm: aa71ff27fc2769a1b78a27578f13a17b -> 
  custom:container-demuxer-webm: 4f35f7cbe854078d1ac9338744f61a02 -> 
  custom:video-encoder-webm-vp8: eb34c28f22e8b96e1ab97ce403110664 -> 
  custom:audio-encoder-webm-vorbis: bf7c407c2cedff20999df2af8eb42d56 -> 
  custom:framework-win-MediaFoundation: 216162199b28c13a410421893ffa2e32 -> 
  custom:container-demuxer-ogg: 62fdf1f143b41e24485cea50d1cbac27 -> 
  custom:video-decoder-webm-vp8: 9c59270c3fd7afecdb556c50c9e8de78 -> 
  custom:audio-decoder-ogg-vorbis: bf7c407c2cedff20999df2af8eb42d56 -> 
========================================================================
Received Import Request.
  Time since last request: 309.851338 seconds.
  path: Assets/Deathgorge/Material/aiStandardSurface1.mat
  artifactKey: Guid(81f3301f124d1d2409ce0a40a11406f8) Importer(815301076,1909f56bfc062723c751e8b465ee728b)
Start importing Assets/Deathgorge/Material/aiStandardSurface1.mat using Guid(81f3301f124d1d2409ce0a40a11406f8) Importer(815301076,1909f56bfc062723c751e8b465ee728b)  -> (artifact id: 'b7727fc8e4e34efdd2020ab9005341f7') in 0.108136 seconds 
========================================================================
Received Import Request.
  Time since last request: 0.000061 seconds.
  path: Assets/Deathgorge/Material/shop_anvil_mat.mat
  artifactKey: Guid(25345552396cee0489c648454ded1479) Importer(815301076,1909f56bfc062723c751e8b465ee728b)
Start importing Assets/Deathgorge/Material/shop_anvil_mat.mat using Guid(25345552396cee0489c648454ded1479) Importer(815301076,1909f56bfc062723c751e8b465ee728b)  -> (artifact id: '8e3458b3890bc2c1f493fa6cd0a5a355') in 0.016186 seconds 
========================================================================
Received Import Request.
  Time since last request: 0.000058 seconds.
  path: Assets/Deathgorge/Material/ruin_post_mat.mat
  artifactKey: Guid(1b36d055be0a5c946ba41876bc1f44e8) Importer(815301076,1909f56bfc062723c751e8b465ee728b)
Start importing Assets/Deathgorge/Material/ruin_post_mat.mat using Guid(1b36d055be0a5c946ba41876bc1f44e8) Importer(815301076,1909f56bfc062723c751e8b465ee728b)  -> (artifact id: '2d4f21502f30555c6bf3c0352dd2719d') in 0.019390 seconds 
========================================================================
Received Import Request.
  Time since last request: 0.000065 seconds.
  path: Assets/Deathgorge/Material/tower_02_blue_mat.mat
  artifactKey: Guid(1ad4a2b32a5c4df4590908ad6d87d506) Importer(815301076,1909f56bfc062723c751e8b465ee728b)
Start importing Assets/Deathgorge/Material/tower_02_blue_mat.mat using Guid(1ad4a2b32a5c4df4590908ad6d87d506) Importer(815301076,1909f56bfc062723c751e8b465ee728b)  -> (artifact id: '5a5afe830e4fe62adab8f62b96da650f') in 0.026656 seconds 
========================================================================
Received Import Request.
  Time since last request: 0.000034 seconds.
  path: Assets/Deathgorge/Material/wooden_fence_03_mat.mat
  artifactKey: Guid(4f4dac9590690c742be6e550266cdf80) Importer(815301076,1909f56bfc062723c751e8b465ee728b)
Start importing Assets/Deathgorge/Material/wooden_fence_03_mat.mat using Guid(4f4dac9590690c742be6e550266cdf80) Importer(815301076,1909f56bfc062723c751e8b465ee728b)  -> (artifact id: 'b63f357542d99b485753ea2ab283b781') in 0.018034 seconds 
========================================================================
Received Import Request.
  Time since last request: 0.000026 seconds.
  path: Assets/Deathgorge/Material/gate_metal_mat.mat
  artifactKey: Guid(7a8a688e972a1884799b3bebf1db90ac) Importer(815301076,1909f56bfc062723c751e8b465ee728b)
Start importing Assets/Deathgorge/Material/gate_metal_mat.mat using Guid(7a8a688e972a1884799b3bebf1db90ac) Importer(815301076,1909f56bfc062723c751e8b465ee728b)  -> (artifact id: '8a8afbd4f965fa363c1096574d83fb44') in 0.019935 seconds 
========================================================================
Received Import Request.
  Time since last request: 0.000040 seconds.
  path: Assets/Deathgorge/Material/spear_rack_mat.mat
  artifactKey: Guid(6ab4023df91e83440aa30e9d3792fac0) Importer(815301076,1909f56bfc062723c751e8b465ee728b)
Start importing Assets/Deathgorge/Material/spear_rack_mat.mat using Guid(6ab4023df91e83440aa30e9d3792fac0) Importer(815301076,1909f56bfc062723c751e8b465ee728b)  -> (artifact id: '08dd47c1673bc53fde7d8d08b557428e') in 0.021664 seconds 
========================================================================
Received Import Request.
  Time since last request: 0.000036 seconds.
  path: Assets/Deathgorge/Material/gate_post_mat.mat
  artifactKey: Guid(dba2a029366655b47a0c1cf81aac3dc1) Importer(815301076,1909f56bfc062723c751e8b465ee728b)
Start importing Assets/Deathgorge/Material/gate_post_mat.mat using Guid(dba2a029366655b47a0c1cf81aac3dc1) Importer(815301076,1909f56bfc062723c751e8b465ee728b)  -> (artifact id: '164eca3108e641874ab22e56a9546e7c') in 0.017454 seconds 
========================================================================
Received Import Request.
  Time since last request: 0.000037 seconds.
  path: Assets/Deathgorge/Material/Default_Material.mat
  artifactKey: Guid(a98d1c2e25cb5f144956470a33e2d6ce) Importer(815301076,1909f56bfc062723c751e8b465ee728b)
Start importing Assets/Deathgorge/Material/Default_Material.mat using Guid(a98d1c2e25cb5f144956470a33e2d6ce) Importer(815301076,1909f56bfc062723c751e8b465ee728b)  -> (artifact id: '48173d718f67c42b6cc783a90ec83959') in 0.019423 seconds 
========================================================================
Received Import Request.
  Time since last request: 0.000032 seconds.
  path: Assets/Deathgorge/Material/mid_bridge_floor_mat.mat
  artifactKey: Guid(032bfa63c23d9fd419838c49e0421261) Importer(815301076,1909f56bfc062723c751e8b465ee728b)
Start importing Assets/Deathgorge/Material/mid_bridge_floor_mat.mat using Guid(032bfa63c23d9fd419838c49e0421261) Importer(815301076,1909f56bfc062723c751e8b465ee728b)  -> (artifact id: 'b10d7d84df25cef7fa3416db7e64132a') in 0.022633 seconds 
========================================================================
Received Import Request.
  Time since last request: 0.000040 seconds.
  path: Assets/Deathgorge/Material/cliff07_mat.mat
  artifactKey: Guid(302ca6eb68a56a14dae1d6d6fb79d7b5) Importer(815301076,1909f56bfc062723c751e8b465ee728b)
Start importing Assets/Deathgorge/Material/cliff07_mat.mat using Guid(302ca6eb68a56a14dae1d6d6fb79d7b5) Importer(815301076,1909f56bfc062723c751e8b465ee728b)  -> (artifact id: 'aa78f4be44690d0d6a03afae16b5258b') in 0.019698 seconds 
========================================================================
Received Import Request.
  Time since last request: 0.000051 seconds.
  path: Assets/Deathgorge/Material/pet_statue_mat.mat
  artifactKey: Guid(9c04656b60f6c394aa441ccc6741ae0f) Importer(815301076,1909f56bfc062723c751e8b465ee728b)
Start importing Assets/Deathgorge/Material/pet_statue_mat.mat using Guid(9c04656b60f6c394aa441ccc6741ae0f) Importer(815301076,1909f56bfc062723c751e8b465ee728b)  -> (artifact id: '94aa36a03e814f4d901501da45c76cd4') in 0.017345 seconds 
========================================================================
Received Import Request.
  Time since last request: 0.000037 seconds.
  path: Assets/Deathgorge/Material/water_falls_mat.mat
  artifactKey: Guid(4c5def6ecd310a148a0cf37a7a7f9950) Importer(815301076,1909f56bfc062723c751e8b465ee728b)
Start importing Assets/Deathgorge/Material/water_falls_mat.mat using Guid(4c5def6ecd310a148a0cf37a7a7f9950) Importer(815301076,1909f56bfc062723c751e8b465ee728b)  -> (artifact id: 'f3980603b5c3a60d2b3fc7ec037360f0') in 0.018848 seconds 
========================================================================
Received Import Request.
  Time since last request: 0.000029 seconds.
  path: Assets/Deathgorge/Material/bush_leaf_02_mat.mat
  artifactKey: Guid(104c635e2eb38604cb265546a03ac123) Importer(815301076,1909f56bfc062723c751e8b465ee728b)
Start importing Assets/Deathgorge/Material/bush_leaf_02_mat.mat using Guid(104c635e2eb38604cb265546a03ac123) Importer(815301076,1909f56bfc062723c751e8b465ee728b)  -> (artifact id: '4cc7f9b4fca696d597b59b3e11670553') in 0.019470 seconds 
========================================================================
Received Import Request.
  Time since last request: 0.000023 seconds.
  path: Assets/Deathgorge/Material/mod_rock_v02_mat.mat
  artifactKey: Guid(b103c7db3b75dfa49816af198333eb70) Importer(815301076,1909f56bfc062723c751e8b465ee728b)
Start importing Assets/Deathgorge/Material/mod_rock_v02_mat.mat using Guid(b103c7db3b75dfa49816af198333eb70) Importer(815301076,1909f56bfc062723c751e8b465ee728b)  -> (artifact id: 'd2852cdeaabd2e8d9c0304c455d70a68') in 0.019104 seconds 
========================================================================
Received Import Request.
  Time since last request: 0.000031 seconds.
  path: Assets/Deathgorge/Material/shop_wall_mat.mat
  artifactKey: Guid(c1380dc0cf1e32b4cb51e920741afeb8) Importer(815301076,1909f56bfc062723c751e8b465ee728b)
Start importing Assets/Deathgorge/Material/shop_wall_mat.mat using Guid(c1380dc0cf1e32b4cb51e920741afeb8) Importer(815301076,1909f56bfc062723c751e8b465ee728b)  -> (artifact id: '0e47a72e07b8b6bfa7040c7d78ef2ee2') in 0.019923 seconds 
========================================================================
Received Import Request.
  Time since last request: 0.000026 seconds.
  path: Assets/Deathgorge/Material/water_ground_mat.mat
  artifactKey: Guid(8ae52fe7bdb2abc4691f1c7d1b8db0f8) Importer(815301076,1909f56bfc062723c751e8b465ee728b)
Start importing Assets/Deathgorge/Material/water_ground_mat.mat using Guid(8ae52fe7bdb2abc4691f1c7d1b8db0f8) Importer(815301076,1909f56bfc062723c751e8b465ee728b)  -> (artifact id: '3ab7ed5db1ba7d4ab6e71f102aee741e') in 0.018642 seconds 
========================================================================
Received Import Request.
  Time since last request: 0.000058 seconds.
  path: Assets/Deathgorge/Material/bridge_ornament_mat.mat
  artifactKey: Guid(6fb2353a21ad873499dca2e5e8faf3bf) Importer(815301076,1909f56bfc062723c751e8b465ee728b)
Start importing Assets/Deathgorge/Material/bridge_ornament_mat.mat using Guid(6fb2353a21ad873499dca2e5e8faf3bf) Importer(815301076,1909f56bfc062723c751e8b465ee728b)  -> (artifact id: 'ecc84706bee8a220b6c6f8a8c69262b5') in 0.017482 seconds 
========================================================================
Received Import Request.
  Time since last request: 0.000039 seconds.
  path: Assets/Deathgorge/Material/bridge_column_roof_mat.mat
  artifactKey: Guid(fe052bdc7ffb47a4d83c7f3ed9b504b0) Importer(815301076,1909f56bfc062723c751e8b465ee728b)
Start importing Assets/Deathgorge/Material/bridge_column_roof_mat.mat using Guid(fe052bdc7ffb47a4d83c7f3ed9b504b0) Importer(815301076,1909f56bfc062723c751e8b465ee728b)  -> (artifact id: 'ece9c1e92e18ec3ebea783b887e09d23') in 0.018773 seconds 
========================================================================
Received Import Request.
  Time since last request: 0.000035 seconds.
  path: Assets/Deathgorge/Material/ruin_post_mat2.mat
  artifactKey: Guid(31a6eb4c7364c314c845528ce0bcf3f7) Importer(815301076,1909f56bfc062723c751e8b465ee728b)
Start importing Assets/Deathgorge/Material/ruin_post_mat2.mat using Guid(31a6eb4c7364c314c845528ce0bcf3f7) Importer(815301076,1909f56bfc062723c751e8b465ee728b)  -> (artifact id: '6724a2939061b1806d15fac9e8fa086e') in 0.017150 seconds 
========================================================================
Received Import Request.
  Time since last request: 0.000025 seconds.
  path: Assets/Deathgorge/Material/surfaceShader9.mat
  artifactKey: Guid(b0e15a2fef841634bae0ba8a12280e7f) Importer(815301076,1909f56bfc062723c751e8b465ee728b)
Start importing Assets/Deathgorge/Material/surfaceShader9.mat using Guid(b0e15a2fef841634bae0ba8a12280e7f) Importer(815301076,1909f56bfc062723c751e8b465ee728b)  -> (artifact id: '9dbb1dfbf0035bf55e4babcc5caa126e') in 0.017834 seconds 
========================================================================
Received Import Request.
  Time since last request: 0.000072 seconds.
  path: Assets/Deathgorge/Material/pine_trees_mat.mat
  artifactKey: Guid(56d4b2bf68b84954991a0abad577d562) Importer(815301076,1909f56bfc062723c751e8b465ee728b)
Start importing Assets/Deathgorge/Material/pine_trees_mat.mat using Guid(56d4b2bf68b84954991a0abad577d562) Importer(815301076,1909f56bfc062723c751e8b465ee728b)  -> (artifact id: 'efc9584b639dedfe5278190adf718b06') in 0.018823 seconds 
========================================================================
Received Import Request.
  Time since last request: 0.000043 seconds.
  path: Assets/Deathgorge/Material/shop_front_mat.mat
  artifactKey: Guid(8bb34c7b290b31d4ca4469df13a8c7ed) Importer(815301076,1909f56bfc062723c751e8b465ee728b)
Start importing Assets/Deathgorge/Material/shop_front_mat.mat using Guid(8bb34c7b290b31d4ca4469df13a8c7ed) Importer(815301076,1909f56bfc062723c751e8b465ee728b)  -> (artifact id: 'c15df861793011fa983d7f246d5f8a7e') in 0.014730 seconds 
========================================================================
Received Import Request.
  Time since last request: 0.000029 seconds.
  path: Assets/Deathgorge/Material/shop_roof_mat.mat
  artifactKey: Guid(8f4b24cfddc92f5449d919d11660b54d) Importer(815301076,1909f56bfc062723c751e8b465ee728b)
Start importing Assets/Deathgorge/Material/shop_roof_mat.mat using Guid(8f4b24cfddc92f5449d919d11660b54d) Importer(815301076,1909f56bfc062723c751e8b465ee728b)  -> (artifact id: 'da84c7c717599a09cee68a8cbc115c49') in 0.016678 seconds 
========================================================================
Received Import Request.
  Time since last request: 0.000033 seconds.
  path: Assets/Deathgorge/Material/mod_rock_v01_mat.mat
  artifactKey: Guid(6c2dca31829e110478eec2fe7f2c28b8) Importer(815301076,1909f56bfc062723c751e8b465ee728b)
Start importing Assets/Deathgorge/Material/mod_rock_v01_mat.mat using Guid(6c2dca31829e110478eec2fe7f2c28b8) Importer(815301076,1909f56bfc062723c751e8b465ee728b)  -> (artifact id: '32f3534de229c9d3bb7255be1da3db07') in 0.016726 seconds 
========================================================================
Received Import Request.
  Time since last request: 0.000089 seconds.
  path: Assets/Deathgorge/Material/mushrooms_mat.mat
  artifactKey: Guid(16e5ce435e046854f9d09d16da8e712b) Importer(815301076,1909f56bfc062723c751e8b465ee728b)
Start importing Assets/Deathgorge/Material/mushrooms_mat.mat using Guid(16e5ce435e046854f9d09d16da8e712b) Importer(815301076,1909f56bfc062723c751e8b465ee728b)  -> (artifact id: '709e911eb9c6abafa8b9e9f593953e46') in 0.016606 seconds 
========================================================================
Received Import Request.
  Time since last request: 0.000046 seconds.
  path: Assets/Deathgorge/Material/ruin_wall_2_mat.mat
  artifactKey: Guid(e595798287fe8ef4bb12088185926e0c) Importer(815301076,1909f56bfc062723c751e8b465ee728b)
Start importing Assets/Deathgorge/Material/ruin_wall_2_mat.mat using Guid(e595798287fe8ef4bb12088185926e0c) Importer(815301076,1909f56bfc062723c751e8b465ee728b)  -> (artifact id: '36b13219f2c2bfbbd86ec7ac7abff2c4') in 0.018827 seconds 
========================================================================
Received Import Request.
  Time since last request: 0.000036 seconds.
  path: Assets/Deathgorge/Material/training_dummy_mat.mat
  artifactKey: Guid(4a4a9aba4e4ebdf4fbec685b02c295d7) Importer(815301076,1909f56bfc062723c751e8b465ee728b)
Start importing Assets/Deathgorge/Material/training_dummy_mat.mat using Guid(4a4a9aba4e4ebdf4fbec685b02c295d7) Importer(815301076,1909f56bfc062723c751e8b465ee728b)  -> (artifact id: '897bdae7638f75d3878a5433d7ac89e7') in 0.016736 seconds 
========================================================================
Received Import Request.
  Time since last request: 0.000029 seconds.
  path: Assets/Deathgorge/Material/cliff03_mat.mat
  artifactKey: Guid(9493cab0c80b3f843b277480c04a94e5) Importer(815301076,1909f56bfc062723c751e8b465ee728b)
Start importing Assets/Deathgorge/Material/cliff03_mat.mat using Guid(9493cab0c80b3f843b277480c04a94e5) Importer(815301076,1909f56bfc062723c751e8b465ee728b)  -> (artifact id: '9811cf599127bdcad3961df224fe94e8') in 0.013784 seconds 
========================================================================
Received Import Request.
  Time since last request: 0.000024 seconds.
  path: Assets/Deathgorge/Material/cliff05_mat.mat
  artifactKey: Guid(f7a797efe9c6ac743a6641302f8c2d4c) Importer(815301076,1909f56bfc062723c751e8b465ee728b)
Start importing Assets/Deathgorge/Material/cliff05_mat.mat using Guid(f7a797efe9c6ac743a6641302f8c2d4c) Importer(815301076,1909f56bfc062723c751e8b465ee728b)  -> (artifact id: 'b068f6047da3b0cb5dd383a62d2a687d') in 0.017660 seconds 
========================================================================
Received Import Request.
  Time since last request: 0.000027 seconds.
  path: Assets/Deathgorge/Material/ruin_post_mat3.mat
  artifactKey: Guid(2494903e3198c334186ae5bab3a540b0) Importer(815301076,1909f56bfc062723c751e8b465ee728b)
Start importing Assets/Deathgorge/Material/ruin_post_mat3.mat using Guid(2494903e3198c334186ae5bab3a540b0) Importer(815301076,1909f56bfc062723c751e8b465ee728b)  -> (artifact id: '604920c737c91c81fc7fb19e1dcf236d') in 0.017239 seconds 
========================================================================
Received Import Request.
  Time since last request: 0.000032 seconds.
  path: Assets/Deathgorge/Material/ruin_platform_mat.mat
  artifactKey: Guid(8cb82d697e6c55647a5f78e3befafd2b) Importer(815301076,1909f56bfc062723c751e8b465ee728b)
Start importing Assets/Deathgorge/Material/ruin_platform_mat.mat using Guid(8cb82d697e6c55647a5f78e3befafd2b) Importer(815301076,1909f56bfc062723c751e8b465ee728b)  -> (artifact id: 'a95e2371417be9acbf78f192c5f02b61') in 0.018548 seconds 
========================================================================
Received Prepare
Registering precompiled user dll's ...
Registered in 0.006460 seconds.
Begin MonoManager ReloadAssembly
Symbol file LoadedFromMemory doesn't match image C:\Users\kyuki\OneDrive\Documents\Arcus\CC\unity-character-customization\Library\PackageCache\com.unity.visualscripting@1.7.8\Editor\VisualScripting.Core\Dependencies\YamlDotNet\Unity.VisualScripting.YamlDotNet.dll
Symbol file LoadedFromMemory doesn't match image C:\Users\kyuki\OneDrive\Documents\Arcus\CC\unity-character-customization\Library\PackageCache\com.unity.visualscripting@1.7.8\Editor\VisualScripting.Core\Dependencies\DotNetZip\Unity.VisualScripting.IonicZip.dll
Native extension for WindowsStandalone target not found
Native extension for Android target not found
Native extension for WebGL target not found
Refreshing native plugins compatible for Editor in 0.64 ms, found 3 plugins.
Preloading 0 native plugins for Editor in 0.00 ms.
Mono: successfully reloaded assembly
- Completed reload, in  0.952 seconds
Domain Reload Profiling:
	ReloadAssembly (953ms)
		BeginReloadAssembly (145ms)
			ExecutionOrderSort (0ms)
			DisableScriptedObjects (4ms)
			BackupInstance (0ms)
			ReleaseScriptingObjects (0ms)
			CreateAndSetChildDomain (40ms)
		EndReloadAssembly (707ms)
			LoadAssemblies (108ms)
			RebuildTransferFunctionScriptingTraits (0ms)
			SetupTypeCache (234ms)
			ReleaseScriptCaches (2ms)
			RebuildScriptCaches (37ms)
			SetupLoadedEditorAssemblies (297ms)
				LogAssemblyErrors (0ms)
				InitializePlatformSupportModulesInManaged (27ms)
				SetLoadedEditorAssemblies (0ms)
				RefreshPlugins (1ms)
				BeforeProcessingInitializeOnLoad (63ms)
				ProcessInitializeOnLoadAttributes (173ms)
				ProcessInitializeOnLoadMethodAttributes (25ms)
				AfterProcessingInitializeOnLoad (9ms)
				EditorAssembliesLoaded (0ms)
			ExecutionOrderSort2 (0ms)
			AwakeInstancesAfterBackupRestoration (5ms)
Platform modules already initialized, skipping
Refreshing native plugins compatible for Editor in 4.57 ms, found 3 plugins.
Preloading 0 native plugins for Editor in 0.00 ms.
Unloading 3383 Unused Serialized files (Serialized files now loaded: 0)
Unloading 20 unused Assets / (80.4 KB). Loaded Objects now: 3928.
Memory consumption went from 123.9 MB to 123.8 MB.
Total: 3.079200 ms (FindLiveObjects: 0.278300 ms CreateObjectMapping: 0.088600 ms MarkObjects: 2.613300 ms  DeleteObjects: 0.098000 ms)

AssetImportParameters requested are different than current active one (requested -> active):
  custom:video-decoder-ogg-theora: a1e56fd34408186e4bbccfd4996cb3dc -> 
  custom:container-muxer-webm: aa71ff27fc2769a1b78a27578f13a17b -> 
  custom:container-demuxer-webm: 4f35f7cbe854078d1ac9338744f61a02 -> 
  custom:video-encoder-webm-vp8: eb34c28f22e8b96e1ab97ce403110664 -> 
  custom:audio-encoder-webm-vorbis: bf7c407c2cedff20999df2af8eb42d56 -> 
  custom:framework-win-MediaFoundation: 216162199b28c13a410421893ffa2e32 -> 
  custom:container-demuxer-ogg: 62fdf1f143b41e24485cea50d1cbac27 -> 
  custom:video-decoder-webm-vp8: 9c59270c3fd7afecdb556c50c9e8de78 -> 
  custom:audio-decoder-ogg-vorbis: bf7c407c2cedff20999df2af8eb42d56 -> 
========================================================================
Received Prepare
Registering precompiled user dll's ...
Registered in 0.005533 seconds.
Begin MonoManager ReloadAssembly
Symbol file LoadedFromMemory doesn't match image C:\Users\kyuki\OneDrive\Documents\Arcus\CC\unity-character-customization\Library\PackageCache\com.unity.visualscripting@1.7.8\Editor\VisualScripting.Core\Dependencies\YamlDotNet\Unity.VisualScripting.YamlDotNet.dll
Symbol file LoadedFromMemory doesn't match image C:\Users\kyuki\OneDrive\Documents\Arcus\CC\unity-character-customization\Library\PackageCache\com.unity.visualscripting@1.7.8\Editor\VisualScripting.Core\Dependencies\DotNetZip\Unity.VisualScripting.IonicZip.dll
Native extension for WindowsStandalone target not found
Native extension for Android target not found
Native extension for WebGL target not found
Refreshing native plugins compatible for Editor in 1.05 ms, found 3 plugins.
Preloading 0 native plugins for Editor in 0.00 ms.
Mono: successfully reloaded assembly
- Completed reload, in  1.010 seconds
Domain Reload Profiling:
	ReloadAssembly (1010ms)
		BeginReloadAssembly (144ms)
			ExecutionOrderSort (0ms)
			DisableScriptedObjects (5ms)
			BackupInstance (0ms)
			ReleaseScriptingObjects (0ms)
			CreateAndSetChildDomain (39ms)
		EndReloadAssembly (772ms)
			LoadAssemblies (112ms)
			RebuildTransferFunctionScriptingTraits (0ms)
			SetupTypeCache (221ms)
			ReleaseScriptCaches (1ms)
			RebuildScriptCaches (38ms)
			SetupLoadedEditorAssemblies (356ms)
				LogAssemblyErrors (0ms)
				InitializePlatformSupportModulesInManaged (25ms)
				SetLoadedEditorAssemblies (1ms)
				RefreshPlugins (1ms)
				BeforeProcessingInitializeOnLoad (77ms)
				ProcessInitializeOnLoadAttributes (212ms)
				ProcessInitializeOnLoadMethodAttributes (31ms)
				AfterProcessingInitializeOnLoad (10ms)
				EditorAssembliesLoaded (0ms)
			ExecutionOrderSort2 (0ms)
			AwakeInstancesAfterBackupRestoration (8ms)
Platform modules already initialized, skipping
Refreshing native plugins compatible for Editor in 4.66 ms, found 3 plugins.
Preloading 0 native plugins for Editor in 0.00 ms.
Unloading 3383 Unused Serialized files (Serialized files now loaded: 0)
Unloading 20 unused Assets / (80.5 KB). Loaded Objects now: 3931.
Memory consumption went from 123.9 MB to 123.8 MB.
Total: 7.836500 ms (FindLiveObjects: 0.724200 ms CreateObjectMapping: 0.209900 ms MarkObjects: 6.561000 ms  DeleteObjects: 0.338900 ms)

AssetImportParameters requested are different than current active one (requested -> active):
  custom:video-decoder-ogg-theora: a1e56fd34408186e4bbccfd4996cb3dc -> 
  custom:container-muxer-webm: aa71ff27fc2769a1b78a27578f13a17b -> 
  custom:container-demuxer-webm: 4f35f7cbe854078d1ac9338744f61a02 -> 
  custom:video-encoder-webm-vp8: eb34c28f22e8b96e1ab97ce403110664 -> 
  custom:audio-encoder-webm-vorbis: bf7c407c2cedff20999df2af8eb42d56 -> 
  custom:framework-win-MediaFoundation: 216162199b28c13a410421893ffa2e32 -> 
  custom:container-demuxer-ogg: 62fdf1f143b41e24485cea50d1cbac27 -> 
  custom:video-decoder-webm-vp8: 9c59270c3fd7afecdb556c50c9e8de78 -> 
  custom:audio-decoder-ogg-vorbis: bf7c407c2cedff20999df2af8eb42d56 -> 
Editor requested this worker to shutdown with reason: Scaling down because of idle timeout
AssetImportWorker is now disconnected from the server
Process exiting
Exiting without the bug reporter. Application will terminate with return code 0