Using pre-set license
Built from '2021.3/staging' branch; Version is '2021.3.11f1 (0a5ca18544bf) revision 679073'; Using compiler version '192829333'; Build Type 'Release'
OS: 'Windows 10  (10.0.19044) 64bit CoreSingleLanguage' Language: 'en' Physical Memory: 15724 MB
BatchMode: 1, IsHumanControllingUs: 0, StartBugReporterOnCrash: 0, Is64bit: 1, IsPro: 1

COMMAND LINE ARGUMENTS:
C:\Program Files\Unity\Hub\Editor\2021.3.11f1\Editor\Unity.exe
-adb2
-batchMode
-noUpm
-name
AssetImportWorker11
-projectPath
C:/Users/kyuki/OneDrive/Documents/Arcus/CC/unity-character-customization
-logFile
Logs/AssetImportWorker11.log
-srvPort
52446
Successfully changed project path to: C:/Users/kyuki/OneDrive/Documents/Arcus/CC/unity-character-customization
C:/Users/kyuki/OneDrive/Documents/Arcus/CC/unity-character-customization
[UnityMemory] Configuration Parameters - Can be set up in boot.config
    "memorysetup-bucket-allocator-granularity=16"
    "memorysetup-bucket-allocator-bucket-count=8"
    "memorysetup-bucket-allocator-block-size=33554432"
    "memorysetup-bucket-allocator-block-count=8"
    "memorysetup-main-allocator-block-size=16777216"
    "memorysetup-thread-allocator-block-size=16777216"
    "memorysetup-gfx-main-allocator-block-size=16777216"
    "memorysetup-gfx-thread-allocator-block-size=16777216"
    "memorysetup-cache-allocator-block-size=4194304"
    "memorysetup-typetree-allocator-block-size=2097152"
    "memorysetup-profiler-bucket-allocator-granularity=16"
    "memorysetup-profiler-bucket-allocator-bucket-count=8"
    "memorysetup-profiler-bucket-allocator-block-size=33554432"
    "memorysetup-profiler-bucket-allocator-block-count=8"
    "memorysetup-profiler-allocator-block-size=16777216"
    "memorysetup-profiler-editor-allocator-block-size=1048576"
    "memorysetup-temp-allocator-size-main=16777216"
    "memorysetup-job-temp-allocator-block-size=2097152"
    "memorysetup-job-temp-allocator-block-size-background=1048576"
    "memorysetup-job-temp-allocator-reduction-small-platforms=262144"
    "memorysetup-temp-allocator-size-background-worker=32768"
    "memorysetup-temp-allocator-size-job-worker=262144"
    "memorysetup-temp-allocator-size-preload-manager=33554432"
    "memorysetup-temp-allocator-size-nav-mesh-worker=65536"
    "memorysetup-temp-allocator-size-audio-worker=65536"
    "memorysetup-temp-allocator-size-cloud-worker=32768"
    "memorysetup-temp-allocator-size-gi-baking-worker=262144"
    "memorysetup-temp-allocator-size-gfx=262144"
Refreshing native plugins compatible for Editor in 78.03 ms, found 3 plugins.
Preloading 0 native plugins for Editor in 0.00 ms.
Initialize engine version: 2021.3.11f1 (0a5ca18544bf)
[Subsystems] Discovering subsystems at path C:/Program Files/Unity/Hub/Editor/2021.3.11f1/Editor/Data/Resources/UnitySubsystems
[Subsystems] Discovering subsystems at path C:/Users/kyuki/OneDrive/Documents/Arcus/CC/unity-character-customization/Assets
GfxDevice: creating device client; threaded=0; jobified=0
Direct3D:
    Version:  Direct3D 11.0 [level 11.1]
    Renderer: NVIDIA GeForce RTX 3060 Laptop GPU (ID=0x2520)
    Vendor:   NVIDIA
    VRAM:     6023 MB
    Driver:   30.0.15.1274
Initialize mono
Mono path[0] = 'C:/Program Files/Unity/Hub/Editor/2021.3.11f1/Editor/Data/Managed'
Mono path[1] = 'C:/Program Files/Unity/Hub/Editor/2021.3.11f1/Editor/Data/MonoBleedingEdge/lib/mono/unityjit-win32'
Mono config path = 'C:/Program Files/Unity/Hub/Editor/2021.3.11f1/Editor/Data/MonoBleedingEdge/etc'
Using monoOptions --debugger-agent=transport=dt_socket,embedding=1,server=y,suspend=n,address=127.0.0.1:56336
Begin MonoManager ReloadAssembly
Registering precompiled unity dll's ...
Register platform support module: C:/Program Files/Unity/Hub/Editor/2021.3.11f1/Editor/Data/PlaybackEngines/WebGLSupport/UnityEditor.WebGL.Extensions.dll
Register platform support module: C:/Program Files/Unity/Hub/Editor/2021.3.11f1/Editor/Data/PlaybackEngines/AndroidPlayer/UnityEditor.Android.Extensions.dll
Register platform support module: C:/Program Files/Unity/Hub/Editor/2021.3.11f1/Editor/Data/PlaybackEngines/WindowsStandaloneSupport/UnityEditor.WindowsStandalone.Extensions.dll
Registered in 0.010233 seconds.
Native extension for WindowsStandalone target not found
Native extension for Android target not found
Native extension for WebGL target not found
Refreshing native plugins compatible for Editor in 74.04 ms, found 3 plugins.
Preloading 0 native plugins for Editor in 0.00 ms.
Mono: successfully reloaded assembly
- Completed reload, in  0.615 seconds
Domain Reload Profiling:
	ReloadAssembly (616ms)
		BeginReloadAssembly (72ms)
			ExecutionOrderSort (0ms)
			DisableScriptedObjects (0ms)
			BackupInstance (0ms)
			ReleaseScriptingObjects (0ms)
			CreateAndSetChildDomain (1ms)
		EndReloadAssembly (436ms)
			LoadAssemblies (70ms)
			RebuildTransferFunctionScriptingTraits (0ms)
			SetupTypeCache (95ms)
			ReleaseScriptCaches (0ms)
			RebuildScriptCaches (24ms)
			SetupLoadedEditorAssemblies (266ms)
				LogAssemblyErrors (0ms)
				InitializePlatformSupportModulesInManaged (56ms)
				SetLoadedEditorAssemblies (0ms)
				RefreshPlugins (74ms)
				BeforeProcessingInitializeOnLoad (5ms)
				ProcessInitializeOnLoadAttributes (89ms)
				ProcessInitializeOnLoadMethodAttributes (43ms)
				AfterProcessingInitializeOnLoad (0ms)
				EditorAssembliesLoaded (0ms)
			ExecutionOrderSort2 (0ms)
			AwakeInstancesAfterBackupRestoration (0ms)
Platform modules already initialized, skipping
Registering precompiled user dll's ...
Registered in 0.006423 seconds.
Begin MonoManager ReloadAssembly
Symbol file LoadedFromMemory doesn't match image C:\Users\kyuki\OneDrive\Documents\Arcus\CC\unity-character-customization\Library\PackageCache\com.unity.visualscripting@1.7.8\Editor\VisualScripting.Core\Dependencies\YamlDotNet\Unity.VisualScripting.YamlDotNet.dll
Symbol file LoadedFromMemory doesn't match image C:\Users\kyuki\OneDrive\Documents\Arcus\CC\unity-character-customization\Library\PackageCache\com.unity.visualscripting@1.7.8\Editor\VisualScripting.Core\Dependencies\DotNetZip\Unity.VisualScripting.IonicZip.dll
Native extension for WindowsStandalone target not found
Native extension for Android target not found
Native extension for WebGL target not found
Refreshing native plugins compatible for Editor in 1.26 ms, found 3 plugins.
Preloading 0 native plugins for Editor in 0.00 ms.
Mono: successfully reloaded assembly
- Completed reload, in  1.096 seconds
Domain Reload Profiling:
	ReloadAssembly (1097ms)
		BeginReloadAssembly (213ms)
			ExecutionOrderSort (0ms)
			DisableScriptedObjects (5ms)
			BackupInstance (0ms)
			ReleaseScriptingObjects (0ms)
			CreateAndSetChildDomain (123ms)
		EndReloadAssembly (770ms)
			LoadAssemblies (89ms)
			RebuildTransferFunctionScriptingTraits (0ms)
			SetupTypeCache (253ms)
			ReleaseScriptCaches (1ms)
			RebuildScriptCaches (46ms)
			SetupLoadedEditorAssemblies (346ms)
				LogAssemblyErrors (0ms)
				InitializePlatformSupportModulesInManaged (16ms)
				SetLoadedEditorAssemblies (1ms)
				RefreshPlugins (1ms)
				BeforeProcessingInitializeOnLoad (85ms)
				ProcessInitializeOnLoadAttributes (208ms)
				ProcessInitializeOnLoadMethodAttributes (26ms)
				AfterProcessingInitializeOnLoad (8ms)
				EditorAssembliesLoaded (0ms)
			ExecutionOrderSort2 (0ms)
			AwakeInstancesAfterBackupRestoration (5ms)
Platform modules already initialized, skipping
========================================================================
Worker process is ready to serve import requests
Launched and connected shader compiler UnityShaderCompiler.exe after 0.04 seconds
Refreshing native plugins compatible for Editor in 0.65 ms, found 3 plugins.
Preloading 0 native plugins for Editor in 0.00 ms.
Unloading 3402 Unused Serialized files (Serialized files now loaded: 0)
Unloading 27 unused Assets / (113.5 KB). Loaded Objects now: 3863.
Memory consumption went from 119.4 MB to 119.3 MB.
Total: 2.869400 ms (FindLiveObjects: 0.274800 ms CreateObjectMapping: 0.090300 ms MarkObjects: 2.402600 ms  DeleteObjects: 0.100700 ms)

AssetImportParameters requested are different than current active one (requested -> active):
  custom:video-decoder-ogg-theora: a1e56fd34408186e4bbccfd4996cb3dc -> 
  custom:container-muxer-webm: aa71ff27fc2769a1b78a27578f13a17b -> 
  custom:container-demuxer-webm: 4f35f7cbe854078d1ac9338744f61a02 -> 
  custom:video-encoder-webm-vp8: eb34c28f22e8b96e1ab97ce403110664 -> 
  custom:audio-encoder-webm-vorbis: bf7c407c2cedff20999df2af8eb42d56 -> 
  custom:framework-win-MediaFoundation: 216162199b28c13a410421893ffa2e32 -> 
  custom:container-demuxer-ogg: 62fdf1f143b41e24485cea50d1cbac27 -> 
  custom:video-decoder-webm-vp8: 9c59270c3fd7afecdb556c50c9e8de78 -> 
  custom:audio-decoder-ogg-vorbis: bf7c407c2cedff20999df2af8eb42d56 -> 
========================================================================
Received Import Request.
  Time since last request: 142205.250009 seconds.
  path: Assets/Jukoy/Shooting Arrow.anim
  artifactKey: Guid(5951d4b407e5c3440ad050a8a1834949) Importer(815301076,1909f56bfc062723c751e8b465ee728b)
Start importing Assets/Jukoy/Shooting Arrow.anim using Guid(5951d4b407e5c3440ad050a8a1834949) Importer(815301076,1909f56bfc062723c751e8b465ee728b)  -> (artifact id: 'fc634a1f7aebc589b9e86942ac557518') in 0.041340 seconds 
========================================================================
Received Import Request.
  Time since last request: 3.422700 seconds.
  path: Assets/Jukoy/Charactercustomization.cs
  artifactKey: Guid(dbfe411c22613e749a161bbdd38115fb) Importer(815301076,1909f56bfc062723c751e8b465ee728b)
Start importing Assets/Jukoy/Charactercustomization.cs using Guid(dbfe411c22613e749a161bbdd38115fb) Importer(815301076,1909f56bfc062723c751e8b465ee728b)  -> (artifact id: '577538c551ed19bd2f0e1318ee11a0de') in 0.010496 seconds 
========================================================================
Received Import Request.
  Time since last request: 5.452856 seconds.
  path: Assets/Jukoy/boots (1).prefab
  artifactKey: Guid(ad45ef1d0995e1b4389ab02c3b839c99) Importer(815301076,1909f56bfc062723c751e8b465ee728b)
Start importing Assets/Jukoy/boots (1).prefab using Guid(ad45ef1d0995e1b4389ab02c3b839c99) Importer(815301076,1909f56bfc062723c751e8b465ee728b)  -> (artifact id: '44b3c67dff4df907cc3d82b791767039') in 0.111200 seconds 
========================================================================
Received Prepare
Registering precompiled user dll's ...
Registered in 0.007067 seconds.
Begin MonoManager ReloadAssembly
Symbol file LoadedFromMemory doesn't match image C:\Users\kyuki\OneDrive\Documents\Arcus\CC\unity-character-customization\Library\PackageCache\com.unity.visualscripting@1.7.8\Editor\VisualScripting.Core\Dependencies\YamlDotNet\Unity.VisualScripting.YamlDotNet.dll
Symbol file LoadedFromMemory doesn't match image C:\Users\kyuki\OneDrive\Documents\Arcus\CC\unity-character-customization\Library\PackageCache\com.unity.visualscripting@1.7.8\Editor\VisualScripting.Core\Dependencies\DotNetZip\Unity.VisualScripting.IonicZip.dll
Native extension for WindowsStandalone target not found
Native extension for Android target not found
Native extension for WebGL target not found
Refreshing native plugins compatible for Editor in 1.18 ms, found 3 plugins.
Preloading 0 native plugins for Editor in 0.00 ms.
Mono: successfully reloaded assembly
- Completed reload, in  1.216 seconds
Domain Reload Profiling:
	ReloadAssembly (1217ms)
		BeginReloadAssembly (167ms)
			ExecutionOrderSort (0ms)
			DisableScriptedObjects (4ms)
			BackupInstance (0ms)
			ReleaseScriptingObjects (0ms)
			CreateAndSetChildDomain (45ms)
		EndReloadAssembly (943ms)
			LoadAssemblies (127ms)
			RebuildTransferFunctionScriptingTraits (0ms)
			SetupTypeCache (321ms)
			ReleaseScriptCaches (1ms)
			RebuildScriptCaches (50ms)
			SetupLoadedEditorAssemblies (406ms)
				LogAssemblyErrors (0ms)
				InitializePlatformSupportModulesInManaged (31ms)
				SetLoadedEditorAssemblies (0ms)
				RefreshPlugins (1ms)
				BeforeProcessingInitializeOnLoad (80ms)
				ProcessInitializeOnLoadAttributes (246ms)
				ProcessInitializeOnLoadMethodAttributes (35ms)
				AfterProcessingInitializeOnLoad (12ms)
				EditorAssembliesLoaded (0ms)
			ExecutionOrderSort2 (0ms)
			AwakeInstancesAfterBackupRestoration (7ms)
Platform modules already initialized, skipping
Refreshing native plugins compatible for Editor in 4.06 ms, found 3 plugins.
Preloading 0 native plugins for Editor in 0.00 ms.
Unloading 3384 Unused Serialized files (Serialized files now loaded: 0)
Unloading 20 unused Assets / (80.0 KB). Loaded Objects now: 3874.
Memory consumption went from 122.4 MB to 122.3 MB.
Total: 2.841000 ms (FindLiveObjects: 0.239700 ms CreateObjectMapping: 0.168100 ms MarkObjects: 2.350600 ms  DeleteObjects: 0.081500 ms)

AssetImportParameters requested are different than current active one (requested -> active):
  custom:video-decoder-ogg-theora: a1e56fd34408186e4bbccfd4996cb3dc -> 
  custom:container-muxer-webm: aa71ff27fc2769a1b78a27578f13a17b -> 
  custom:container-demuxer-webm: 4f35f7cbe854078d1ac9338744f61a02 -> 
  custom:video-encoder-webm-vp8: eb34c28f22e8b96e1ab97ce403110664 -> 
  custom:audio-encoder-webm-vorbis: bf7c407c2cedff20999df2af8eb42d56 -> 
  custom:framework-win-MediaFoundation: 216162199b28c13a410421893ffa2e32 -> 
  custom:container-demuxer-ogg: 62fdf1f143b41e24485cea50d1cbac27 -> 
  custom:video-decoder-webm-vp8: 9c59270c3fd7afecdb556c50c9e8de78 -> 
  custom:audio-decoder-ogg-vorbis: bf7c407c2cedff20999df2af8eb42d56 -> 
========================================================================
Received Import Request.
  Time since last request: 100.240408 seconds.
  path: Assets/Jukoy/Animation
  artifactKey: Guid(3f0caba591a00cb4c84b9a71ecad2c10) Importer(815301076,1909f56bfc062723c751e8b465ee728b)
Start importing Assets/Jukoy/Animation using Guid(3f0caba591a00cb4c84b9a71ecad2c10) Importer(815301076,1909f56bfc062723c751e8b465ee728b)  -> (artifact id: 'a2a7a3aaf74dff40d5b7bed19103f851') in 0.014958 seconds 
========================================================================
Received Import Request.
  Time since last request: 33.721840 seconds.
  path: Assets/Jukoy/Animation/Animator Controller.controller
  artifactKey: Guid(beb3ec13fcaf8a641834d3d03f57291a) Importer(815301076,1909f56bfc062723c751e8b465ee728b)
Start importing Assets/Jukoy/Animation/Animator Controller.controller using Guid(beb3ec13fcaf8a641834d3d03f57291a) Importer(815301076,1909f56bfc062723c751e8b465ee728b)  -> (artifact id: '77ca0852f3afada8ba6f354fef3b200e') in 0.025580 seconds 
========================================================================
Received Prepare
Registering precompiled user dll's ...
Registered in 0.007809 seconds.
Begin MonoManager ReloadAssembly
Symbol file LoadedFromMemory doesn't match image C:\Users\kyuki\OneDrive\Documents\Arcus\CC\unity-character-customization\Library\PackageCache\com.unity.visualscripting@1.7.8\Editor\VisualScripting.Core\Dependencies\YamlDotNet\Unity.VisualScripting.YamlDotNet.dll
Symbol file LoadedFromMemory doesn't match image C:\Users\kyuki\OneDrive\Documents\Arcus\CC\unity-character-customization\Library\PackageCache\com.unity.visualscripting@1.7.8\Editor\VisualScripting.Core\Dependencies\DotNetZip\Unity.VisualScripting.IonicZip.dll
Native extension for WindowsStandalone target not found
Native extension for Android target not found
Native extension for WebGL target not found
Refreshing native plugins compatible for Editor in 1.41 ms, found 3 plugins.
Preloading 0 native plugins for Editor in 0.00 ms.
Mono: successfully reloaded assembly
- Completed reload, in  0.973 seconds
Domain Reload Profiling:
	ReloadAssembly (973ms)
		BeginReloadAssembly (146ms)
			ExecutionOrderSort (0ms)
			DisableScriptedObjects (6ms)
			BackupInstance (0ms)
			ReleaseScriptingObjects (0ms)
			CreateAndSetChildDomain (44ms)
		EndReloadAssembly (732ms)
			LoadAssemblies (91ms)
			RebuildTransferFunctionScriptingTraits (0ms)
			SetupTypeCache (226ms)
			ReleaseScriptCaches (2ms)
			RebuildScriptCaches (36ms)
			SetupLoadedEditorAssemblies (343ms)
				LogAssemblyErrors (0ms)
				InitializePlatformSupportModulesInManaged (26ms)
				SetLoadedEditorAssemblies (1ms)
				RefreshPlugins (2ms)
				BeforeProcessingInitializeOnLoad (73ms)
				ProcessInitializeOnLoadAttributes (205ms)
				ProcessInitializeOnLoadMethodAttributes (27ms)
				AfterProcessingInitializeOnLoad (9ms)
				EditorAssembliesLoaded (0ms)
			ExecutionOrderSort2 (0ms)
			AwakeInstancesAfterBackupRestoration (5ms)
Platform modules already initialized, skipping
Refreshing native plugins compatible for Editor in 2.71 ms, found 3 plugins.
Preloading 0 native plugins for Editor in 0.00 ms.
Unloading 3383 Unused Serialized files (Serialized files now loaded: 0)
Unloading 21 unused Assets / (80.1 KB). Loaded Objects now: 3876.
Memory consumption went from 122.4 MB to 122.3 MB.
Total: 2.796000 ms (FindLiveObjects: 0.231400 ms CreateObjectMapping: 0.157900 ms MarkObjects: 2.321000 ms  DeleteObjects: 0.084700 ms)

AssetImportParameters requested are different than current active one (requested -> active):
  custom:video-decoder-ogg-theora: a1e56fd34408186e4bbccfd4996cb3dc -> 
  custom:container-muxer-webm: aa71ff27fc2769a1b78a27578f13a17b -> 
  custom:container-demuxer-webm: 4f35f7cbe854078d1ac9338744f61a02 -> 
  custom:video-encoder-webm-vp8: eb34c28f22e8b96e1ab97ce403110664 -> 
  custom:audio-encoder-webm-vorbis: bf7c407c2cedff20999df2af8eb42d56 -> 
  custom:framework-win-MediaFoundation: 216162199b28c13a410421893ffa2e32 -> 
  custom:container-demuxer-ogg: 62fdf1f143b41e24485cea50d1cbac27 -> 
  custom:video-decoder-webm-vp8: 9c59270c3fd7afecdb556c50c9e8de78 -> 
  custom:audio-decoder-ogg-vorbis: bf7c407c2cedff20999df2af8eb42d56 -> 
========================================================================
Received Import Request.
  Time since last request: 125.878522 seconds.
  path: Assets/Jukoy/Animation/Char_Jukoy@Dwarf Idle (1).fbx
  artifactKey: Guid(fcf640c52aa6e4b468435bdfad066b09) Importer(815301076,1909f56bfc062723c751e8b465ee728b)
Start importing Assets/Jukoy/Animation/Char_Jukoy@Dwarf Idle (1).fbx using Guid(fcf640c52aa6e4b468435bdfad066b09) Importer(815301076,1909f56bfc062723c751e8b465ee728b)  -> (artifact id: '10a91c8b693ed4f0d0e3aad93feafe1f') in 0.058507 seconds 
========================================================================
Received Import Request.
  Time since last request: 3.235713 seconds.
  path: Assets/Jukoy/Animation/Warrior Idle.anim
  artifactKey: Guid(00ceca7f1f96cc84684db8b1d686433f) Importer(815301076,1909f56bfc062723c751e8b465ee728b)
Start importing Assets/Jukoy/Animation/Warrior Idle.anim using Guid(00ceca7f1f96cc84684db8b1d686433f) Importer(815301076,1909f56bfc062723c751e8b465ee728b)  -> (artifact id: '8a5e2030e2f04c842a949b0604e5a8c4') in 0.016491 seconds 
========================================================================
Received Import Request.
  Time since last request: 1.631704 seconds.
  path: Assets/Jukoy/Animation/Idle.anim
  artifactKey: Guid(37124813623cd58439ac3d85e8bb0ce8) Importer(815301076,1909f56bfc062723c751e8b465ee728b)
Start importing Assets/Jukoy/Animation/Idle.anim using Guid(37124813623cd58439ac3d85e8bb0ce8) Importer(815301076,1909f56bfc062723c751e8b465ee728b)  -> (artifact id: 'c1f7f835813af1dd534e9422c7bfa183') in 0.012432 seconds 
========================================================================
Received Import Request.
  Time since last request: 1.353369 seconds.
  path: Assets/Jukoy/Animation/Dwarf Idle (1).anim
  artifactKey: Guid(8ea3478593e10d74e8d6fa0061c70b90) Importer(815301076,1909f56bfc062723c751e8b465ee728b)
Start importing Assets/Jukoy/Animation/Dwarf Idle (1).anim using Guid(8ea3478593e10d74e8d6fa0061c70b90) Importer(815301076,1909f56bfc062723c751e8b465ee728b)  -> (artifact id: '1ed67e8cb431052c37034f8eb43b9e03') in 0.011293 seconds 
========================================================================
Received Import Request.
  Time since last request: 64.866959 seconds.
  path: Assets/Jukoy/Animation/Char_Jukoy@Standing W_Briefcase Idle.fbx
  artifactKey: Guid(1cafa235894e31741aae258e6c356d0f) Importer(815301076,1909f56bfc062723c751e8b465ee728b)
Start importing Assets/Jukoy/Animation/Char_Jukoy@Standing W_Briefcase Idle.fbx using Guid(1cafa235894e31741aae258e6c356d0f) Importer(815301076,1909f56bfc062723c751e8b465ee728b)  -> (artifact id: '1b3faadcd41425ecafbc5224763b221a') in 0.016139 seconds 
========================================================================
Received Import Request.
  Time since last request: 7.282744 seconds.
  path: Assets/Jukoy/Animation/Standing W_Briefcase Idle.anim
  artifactKey: Guid(63edf27db4010f74aa44ae32ae42de30) Importer(815301076,1909f56bfc062723c751e8b465ee728b)
Start importing Assets/Jukoy/Animation/Standing W_Briefcase Idle.anim using Guid(63edf27db4010f74aa44ae32ae42de30) Importer(815301076,1909f56bfc062723c751e8b465ee728b)  -> (artifact id: '5cbd92565d37e7450aef6d18ab70ae83') in 0.014803 seconds 
========================================================================
Received Import Request.
  Time since last request: 34.024171 seconds.
  path: Assets/Jukoy/Animation/Char_Jukoy@Offensive Idle.fbx
  artifactKey: Guid(115a1eefce189e2448b39572203eec8c) Importer(815301076,1909f56bfc062723c751e8b465ee728b)
Start importing Assets/Jukoy/Animation/Char_Jukoy@Offensive Idle.fbx using Guid(115a1eefce189e2448b39572203eec8c) Importer(815301076,1909f56bfc062723c751e8b465ee728b)  -> (artifact id: 'dff6943eff6cc46ef1c277d8e5937d16') in 0.016737 seconds 
========================================================================
Received Import Request.
  Time since last request: 4.321353 seconds.
  path: Assets/Jukoy/Animation/Offensive Idle.anim
  artifactKey: Guid(e4903568a00e6044681f24a698706981) Importer(815301076,1909f56bfc062723c751e8b465ee728b)
Start importing Assets/Jukoy/Animation/Offensive Idle.anim using Guid(e4903568a00e6044681f24a698706981) Importer(815301076,1909f56bfc062723c751e8b465ee728b)  -> (artifact id: 'e21ac5505823c282277e70423722c415') in 0.022147 seconds 
========================================================================
Received Import Request.
  Time since last request: 128.822181 seconds.
  path: Assets/Jukoy/Animation/Animator Controller.controller
  artifactKey: Guid(beb3ec13fcaf8a641834d3d03f57291a) Importer(815301076,1909f56bfc062723c751e8b465ee728b)
Start importing Assets/Jukoy/Animation/Animator Controller.controller using Guid(beb3ec13fcaf8a641834d3d03f57291a) Importer(815301076,1909f56bfc062723c751e8b465ee728b)  -> (artifact id: '3e3c8142a06836fe07a5fdde9380159a') in 0.056462 seconds 
========================================================================
Received Import Request.
  Time since last request: 20.281571 seconds.
  path: Assets/Scripts/AnimationController.cs
  artifactKey: Guid(f1aa63190ec28e34f9f6417d1e3deb85) Importer(815301076,1909f56bfc062723c751e8b465ee728b)
Start importing Assets/Scripts/AnimationController.cs using Guid(f1aa63190ec28e34f9f6417d1e3deb85) Importer(815301076,1909f56bfc062723c751e8b465ee728b)  -> (artifact id: '988c1b6a90f8ac39c9f3d826ad38dd8c') in 0.008972 seconds 
========================================================================
Received Prepare
Registering precompiled user dll's ...
Registered in 0.006014 seconds.
Begin MonoManager ReloadAssembly
Symbol file LoadedFromMemory doesn't match image C:\Users\kyuki\OneDrive\Documents\Arcus\CC\unity-character-customization\Library\PackageCache\com.unity.visualscripting@1.7.8\Editor\VisualScripting.Core\Dependencies\YamlDotNet\Unity.VisualScripting.YamlDotNet.dll
Symbol file LoadedFromMemory doesn't match image C:\Users\kyuki\OneDrive\Documents\Arcus\CC\unity-character-customization\Library\PackageCache\com.unity.visualscripting@1.7.8\Editor\VisualScripting.Core\Dependencies\DotNetZip\Unity.VisualScripting.IonicZip.dll
Native extension for WindowsStandalone target not found
Native extension for Android target not found
Native extension for WebGL target not found
Refreshing native plugins compatible for Editor in 0.87 ms, found 3 plugins.
Preloading 0 native plugins for Editor in 0.00 ms.
Mono: successfully reloaded assembly
- Completed reload, in  1.018 seconds
Domain Reload Profiling:
	ReloadAssembly (1019ms)
		BeginReloadAssembly (154ms)
			ExecutionOrderSort (0ms)
			DisableScriptedObjects (5ms)
			BackupInstance (0ms)
			ReleaseScriptingObjects (0ms)
			CreateAndSetChildDomain (49ms)
		EndReloadAssembly (759ms)
			LoadAssemblies (105ms)
			RebuildTransferFunctionScriptingTraits (0ms)
			SetupTypeCache (257ms)
			ReleaseScriptCaches (1ms)
			RebuildScriptCaches (41ms)
			SetupLoadedEditorAssemblies (320ms)
				LogAssemblyErrors (0ms)
				InitializePlatformSupportModulesInManaged (23ms)
				SetLoadedEditorAssemblies (2ms)
				RefreshPlugins (1ms)
				BeforeProcessingInitializeOnLoad (70ms)
				ProcessInitializeOnLoadAttributes (187ms)
				ProcessInitializeOnLoadMethodAttributes (27ms)
				AfterProcessingInitializeOnLoad (9ms)
				EditorAssembliesLoaded (0ms)
			ExecutionOrderSort2 (0ms)
			AwakeInstancesAfterBackupRestoration (6ms)
Platform modules already initialized, skipping
Refreshing native plugins compatible for Editor in 2.06 ms, found 3 plugins.
Preloading 0 native plugins for Editor in 0.00 ms.
Unloading 3384 Unused Serialized files (Serialized files now loaded: 0)
Unloading 20 unused Assets / (80.1 KB). Loaded Objects now: 3880.
Memory consumption went from 122.4 MB to 122.4 MB.
Total: 3.812400 ms (FindLiveObjects: 0.253900 ms CreateObjectMapping: 0.080900 ms MarkObjects: 3.367100 ms  DeleteObjects: 0.109300 ms)

AssetImportParameters requested are different than current active one (requested -> active):
  custom:video-decoder-ogg-theora: a1e56fd34408186e4bbccfd4996cb3dc -> 
  custom:container-muxer-webm: aa71ff27fc2769a1b78a27578f13a17b -> 
  custom:container-demuxer-webm: 4f35f7cbe854078d1ac9338744f61a02 -> 
  custom:video-encoder-webm-vp8: eb34c28f22e8b96e1ab97ce403110664 -> 
  custom:audio-encoder-webm-vorbis: bf7c407c2cedff20999df2af8eb42d56 -> 
  custom:framework-win-MediaFoundation: 216162199b28c13a410421893ffa2e32 -> 
  custom:container-demuxer-ogg: 62fdf1f143b41e24485cea50d1cbac27 -> 
  custom:video-decoder-webm-vp8: 9c59270c3fd7afecdb556c50c9e8de78 -> 
  custom:audio-decoder-ogg-vorbis: bf7c407c2cedff20999df2af8eb42d56 -> 
========================================================================
Received Prepare
Registering precompiled user dll's ...
Registered in 0.005599 seconds.
Begin MonoManager ReloadAssembly
Symbol file LoadedFromMemory doesn't match image C:\Users\kyuki\OneDrive\Documents\Arcus\CC\unity-character-customization\Library\PackageCache\com.unity.visualscripting@1.7.8\Editor\VisualScripting.Core\Dependencies\YamlDotNet\Unity.VisualScripting.YamlDotNet.dll
Symbol file LoadedFromMemory doesn't match image C:\Users\kyuki\OneDrive\Documents\Arcus\CC\unity-character-customization\Library\PackageCache\com.unity.visualscripting@1.7.8\Editor\VisualScripting.Core\Dependencies\DotNetZip\Unity.VisualScripting.IonicZip.dll
Native extension for WindowsStandalone target not found
Native extension for Android target not found
Native extension for WebGL target not found
Refreshing native plugins compatible for Editor in 0.64 ms, found 3 plugins.
Preloading 0 native plugins for Editor in 0.00 ms.
Mono: successfully reloaded assembly
- Completed reload, in  0.984 seconds
Domain Reload Profiling:
	ReloadAssembly (985ms)
		BeginReloadAssembly (157ms)
			ExecutionOrderSort (0ms)
			DisableScriptedObjects (6ms)
			BackupInstance (0ms)
			ReleaseScriptingObjects (0ms)
			CreateAndSetChildDomain (48ms)
		EndReloadAssembly (733ms)
			LoadAssemblies (100ms)
			RebuildTransferFunctionScriptingTraits (0ms)
			SetupTypeCache (236ms)
			ReleaseScriptCaches (2ms)
			RebuildScriptCaches (37ms)
			SetupLoadedEditorAssemblies (325ms)
				LogAssemblyErrors (0ms)
				InitializePlatformSupportModulesInManaged (26ms)
				SetLoadedEditorAssemblies (0ms)
				RefreshPlugins (1ms)
				BeforeProcessingInitializeOnLoad (70ms)
				ProcessInitializeOnLoadAttributes (192ms)
				ProcessInitializeOnLoadMethodAttributes (29ms)
				AfterProcessingInitializeOnLoad (8ms)
				EditorAssembliesLoaded (0ms)
			ExecutionOrderSort2 (0ms)
			AwakeInstancesAfterBackupRestoration (7ms)
Platform modules already initialized, skipping
Refreshing native plugins compatible for Editor in 2.25 ms, found 3 plugins.
Preloading 0 native plugins for Editor in 0.00 ms.
Unloading 3383 Unused Serialized files (Serialized files now loaded: 0)
Unloading 21 unused Assets / (80.0 KB). Loaded Objects now: 3882.
Memory consumption went from 122.4 MB to 122.4 MB.
Total: 6.047000 ms (FindLiveObjects: 0.438300 ms CreateObjectMapping: 0.448500 ms MarkObjects: 5.053600 ms  DeleteObjects: 0.104000 ms)

AssetImportParameters requested are different than current active one (requested -> active):
  custom:video-decoder-ogg-theora: a1e56fd34408186e4bbccfd4996cb3dc -> 
  custom:container-muxer-webm: aa71ff27fc2769a1b78a27578f13a17b -> 
  custom:container-demuxer-webm: 4f35f7cbe854078d1ac9338744f61a02 -> 
  custom:video-encoder-webm-vp8: eb34c28f22e8b96e1ab97ce403110664 -> 
  custom:audio-encoder-webm-vorbis: bf7c407c2cedff20999df2af8eb42d56 -> 
  custom:framework-win-MediaFoundation: 216162199b28c13a410421893ffa2e32 -> 
  custom:container-demuxer-ogg: 62fdf1f143b41e24485cea50d1cbac27 -> 
  custom:video-decoder-webm-vp8: 9c59270c3fd7afecdb556c50c9e8de78 -> 
  custom:audio-decoder-ogg-vorbis: bf7c407c2cedff20999df2af8eb42d56 -> 
========================================================================
Received Prepare
Registering precompiled user dll's ...
Registered in 0.005440 seconds.
Begin MonoManager ReloadAssembly
Symbol file LoadedFromMemory doesn't match image C:\Users\kyuki\OneDrive\Documents\Arcus\CC\unity-character-customization\Library\PackageCache\com.unity.visualscripting@1.7.8\Editor\VisualScripting.Core\Dependencies\YamlDotNet\Unity.VisualScripting.YamlDotNet.dll
Symbol file LoadedFromMemory doesn't match image C:\Users\kyuki\OneDrive\Documents\Arcus\CC\unity-character-customization\Library\PackageCache\com.unity.visualscripting@1.7.8\Editor\VisualScripting.Core\Dependencies\DotNetZip\Unity.VisualScripting.IonicZip.dll
Native extension for WindowsStandalone target not found
Native extension for Android target not found
Native extension for WebGL target not found
Refreshing native plugins compatible for Editor in 0.67 ms, found 3 plugins.
Preloading 0 native plugins for Editor in 0.00 ms.
Mono: successfully reloaded assembly
- Completed reload, in  0.872 seconds
Domain Reload Profiling:
	ReloadAssembly (873ms)
		BeginReloadAssembly (131ms)
			ExecutionOrderSort (0ms)
			DisableScriptedObjects (5ms)
			BackupInstance (0ms)
			ReleaseScriptingObjects (0ms)
			CreateAndSetChildDomain (37ms)
		EndReloadAssembly (652ms)
			LoadAssemblies (87ms)
			RebuildTransferFunctionScriptingTraits (0ms)
			SetupTypeCache (211ms)
			ReleaseScriptCaches (1ms)
			RebuildScriptCaches (32ms)
			SetupLoadedEditorAssemblies (295ms)
				LogAssemblyErrors (0ms)
				InitializePlatformSupportModulesInManaged (22ms)
				SetLoadedEditorAssemblies (0ms)
				RefreshPlugins (1ms)
				BeforeProcessingInitializeOnLoad (63ms)
				ProcessInitializeOnLoadAttributes (177ms)
				ProcessInitializeOnLoadMethodAttributes (24ms)
				AfterProcessingInitializeOnLoad (8ms)
				EditorAssembliesLoaded (0ms)
			ExecutionOrderSort2 (0ms)
			AwakeInstancesAfterBackupRestoration (5ms)
Platform modules already initialized, skipping
Refreshing native plugins compatible for Editor in 1.89 ms, found 3 plugins.
Preloading 0 native plugins for Editor in 0.00 ms.
Unloading 3382 Unused Serialized files (Serialized files now loaded: 0)
Unloading 21 unused Assets / (80.0 KB). Loaded Objects now: 3884.
Memory consumption went from 122.4 MB to 122.3 MB.
Total: 2.822000 ms (FindLiveObjects: 0.227800 ms CreateObjectMapping: 0.148200 ms MarkObjects: 2.368000 ms  DeleteObjects: 0.077100 ms)

AssetImportParameters requested are different than current active one (requested -> active):
  custom:video-decoder-ogg-theora: a1e56fd34408186e4bbccfd4996cb3dc -> 
  custom:container-muxer-webm: aa71ff27fc2769a1b78a27578f13a17b -> 
  custom:container-demuxer-webm: 4f35f7cbe854078d1ac9338744f61a02 -> 
  custom:video-encoder-webm-vp8: eb34c28f22e8b96e1ab97ce403110664 -> 
  custom:audio-encoder-webm-vorbis: bf7c407c2cedff20999df2af8eb42d56 -> 
  custom:framework-win-MediaFoundation: 216162199b28c13a410421893ffa2e32 -> 
  custom:container-demuxer-ogg: 62fdf1f143b41e24485cea50d1cbac27 -> 
  custom:video-decoder-webm-vp8: 9c59270c3fd7afecdb556c50c9e8de78 -> 
  custom:audio-decoder-ogg-vorbis: bf7c407c2cedff20999df2af8eb42d56 -> 
========================================================================
Received Import Request.
  Time since last request: 58.094591 seconds.
  path: Assets/Scripts/IdleAnimationRandomizer.cs
  artifactKey: Guid(ae6763c9e4afbd548bd6ba96e1491cd9) Importer(815301076,1909f56bfc062723c751e8b465ee728b)
Start importing Assets/Scripts/IdleAnimationRandomizer.cs using Guid(ae6763c9e4afbd548bd6ba96e1491cd9) Importer(815301076,1909f56bfc062723c751e8b465ee728b)  -> (artifact id: '08222164be3ffdef470042004f474940') in 0.011842 seconds 
========================================================================
Received Prepare
Registering precompiled user dll's ...
Registered in 0.005539 seconds.
Begin MonoManager ReloadAssembly
Symbol file LoadedFromMemory doesn't match image C:\Users\kyuki\OneDrive\Documents\Arcus\CC\unity-character-customization\Library\PackageCache\com.unity.visualscripting@1.7.8\Editor\VisualScripting.Core\Dependencies\YamlDotNet\Unity.VisualScripting.YamlDotNet.dll
Symbol file LoadedFromMemory doesn't match image C:\Users\kyuki\OneDrive\Documents\Arcus\CC\unity-character-customization\Library\PackageCache\com.unity.visualscripting@1.7.8\Editor\VisualScripting.Core\Dependencies\DotNetZip\Unity.VisualScripting.IonicZip.dll
Native extension for WindowsStandalone target not found
Native extension for Android target not found
Native extension for WebGL target not found
Refreshing native plugins compatible for Editor in 0.69 ms, found 3 plugins.
Preloading 0 native plugins for Editor in 0.00 ms.
Mono: successfully reloaded assembly
- Completed reload, in  0.841 seconds
Domain Reload Profiling:
	ReloadAssembly (841ms)
		BeginReloadAssembly (130ms)
			ExecutionOrderSort (0ms)
			DisableScriptedObjects (6ms)
			BackupInstance (0ms)
			ReleaseScriptingObjects (0ms)
			CreateAndSetChildDomain (35ms)
		EndReloadAssembly (625ms)
			LoadAssemblies (82ms)
			RebuildTransferFunctionScriptingTraits (0ms)
			SetupTypeCache (198ms)
			ReleaseScriptCaches (1ms)
			RebuildScriptCaches (30ms)
			SetupLoadedEditorAssemblies (287ms)
				LogAssemblyErrors (0ms)
				InitializePlatformSupportModulesInManaged (21ms)
				SetLoadedEditorAssemblies (0ms)
				RefreshPlugins (1ms)
				BeforeProcessingInitializeOnLoad (66ms)
				ProcessInitializeOnLoadAttributes (166ms)
				ProcessInitializeOnLoadMethodAttributes (24ms)
				AfterProcessingInitializeOnLoad (8ms)
				EditorAssembliesLoaded (0ms)
			ExecutionOrderSort2 (0ms)
			AwakeInstancesAfterBackupRestoration (5ms)
Platform modules already initialized, skipping
Refreshing native plugins compatible for Editor in 1.93 ms, found 3 plugins.
Preloading 0 native plugins for Editor in 0.00 ms.
Unloading 3383 Unused Serialized files (Serialized files now loaded: 0)
Unloading 20 unused Assets / (79.9 KB). Loaded Objects now: 3888.
Memory consumption went from 122.4 MB to 122.4 MB.
Total: 3.401000 ms (FindLiveObjects: 0.234400 ms CreateObjectMapping: 0.188300 ms MarkObjects: 2.882200 ms  DeleteObjects: 0.095100 ms)

AssetImportParameters requested are different than current active one (requested -> active):
  custom:video-decoder-ogg-theora: a1e56fd34408186e4bbccfd4996cb3dc -> 
  custom:container-muxer-webm: aa71ff27fc2769a1b78a27578f13a17b -> 
  custom:container-demuxer-webm: 4f35f7cbe854078d1ac9338744f61a02 -> 
  custom:video-encoder-webm-vp8: eb34c28f22e8b96e1ab97ce403110664 -> 
  custom:audio-encoder-webm-vorbis: bf7c407c2cedff20999df2af8eb42d56 -> 
  custom:framework-win-MediaFoundation: 216162199b28c13a410421893ffa2e32 -> 
  custom:container-demuxer-ogg: 62fdf1f143b41e24485cea50d1cbac27 -> 
  custom:video-decoder-webm-vp8: 9c59270c3fd7afecdb556c50c9e8de78 -> 
  custom:audio-decoder-ogg-vorbis: bf7c407c2cedff20999df2af8eb42d56 -> 
========================================================================
Received Import Request.
  Time since last request: 57.048665 seconds.
  path: Assets/Scripts/IdleAnimationRandomizer.cs
  artifactKey: Guid(ae6763c9e4afbd548bd6ba96e1491cd9) Importer(815301076,1909f56bfc062723c751e8b465ee728b)
Start importing Assets/Scripts/IdleAnimationRandomizer.cs using Guid(ae6763c9e4afbd548bd6ba96e1491cd9) Importer(815301076,1909f56bfc062723c751e8b465ee728b)  -> (artifact id: '109fe63bf6c40d02799405d7924b66b1') in 0.011637 seconds 
========================================================================
Received Prepare
Registering precompiled user dll's ...
Registered in 0.005476 seconds.
Begin MonoManager ReloadAssembly
Symbol file LoadedFromMemory doesn't match image C:\Users\kyuki\OneDrive\Documents\Arcus\CC\unity-character-customization\Library\PackageCache\com.unity.visualscripting@1.7.8\Editor\VisualScripting.Core\Dependencies\YamlDotNet\Unity.VisualScripting.YamlDotNet.dll
Symbol file LoadedFromMemory doesn't match image C:\Users\kyuki\OneDrive\Documents\Arcus\CC\unity-character-customization\Library\PackageCache\com.unity.visualscripting@1.7.8\Editor\VisualScripting.Core\Dependencies\DotNetZip\Unity.VisualScripting.IonicZip.dll
Native extension for WindowsStandalone target not found
Native extension for Android target not found
Native extension for WebGL target not found
Refreshing native plugins compatible for Editor in 1.04 ms, found 3 plugins.
Preloading 0 native plugins for Editor in 0.00 ms.
Mono: successfully reloaded assembly
- Completed reload, in  0.871 seconds
Domain Reload Profiling:
	ReloadAssembly (872ms)
		BeginReloadAssembly (125ms)
			ExecutionOrderSort (0ms)
			DisableScriptedObjects (5ms)
			BackupInstance (0ms)
			ReleaseScriptingObjects (0ms)
			CreateAndSetChildDomain (34ms)
		EndReloadAssembly (657ms)
			LoadAssemblies (89ms)
			RebuildTransferFunctionScriptingTraits (0ms)
			SetupTypeCache (213ms)
			ReleaseScriptCaches (1ms)
			RebuildScriptCaches (30ms)
			SetupLoadedEditorAssemblies (296ms)
				LogAssemblyErrors (0ms)
				InitializePlatformSupportModulesInManaged (22ms)
				SetLoadedEditorAssemblies (0ms)
				RefreshPlugins (1ms)
				BeforeProcessingInitializeOnLoad (63ms)
				ProcessInitializeOnLoadAttributes (177ms)
				ProcessInitializeOnLoadMethodAttributes (24ms)
				AfterProcessingInitializeOnLoad (8ms)
				EditorAssembliesLoaded (0ms)
			ExecutionOrderSort2 (0ms)
			AwakeInstancesAfterBackupRestoration (5ms)
Platform modules already initialized, skipping
Refreshing native plugins compatible for Editor in 1.89 ms, found 3 plugins.
Preloading 0 native plugins for Editor in 0.00 ms.
Unloading 3383 Unused Serialized files (Serialized files now loaded: 0)
Unloading 20 unused Assets / (80.2 KB). Loaded Objects now: 3891.
Memory consumption went from 122.5 MB to 122.4 MB.
Total: 2.910200 ms (FindLiveObjects: 0.233200 ms CreateObjectMapping: 0.153800 ms MarkObjects: 2.441700 ms  DeleteObjects: 0.080700 ms)

AssetImportParameters requested are different than current active one (requested -> active):
  custom:video-decoder-ogg-theora: a1e56fd34408186e4bbccfd4996cb3dc -> 
  custom:container-muxer-webm: aa71ff27fc2769a1b78a27578f13a17b -> 
  custom:container-demuxer-webm: 4f35f7cbe854078d1ac9338744f61a02 -> 
  custom:video-encoder-webm-vp8: eb34c28f22e8b96e1ab97ce403110664 -> 
  custom:audio-encoder-webm-vorbis: bf7c407c2cedff20999df2af8eb42d56 -> 
  custom:framework-win-MediaFoundation: 216162199b28c13a410421893ffa2e32 -> 
  custom:container-demuxer-ogg: 62fdf1f143b41e24485cea50d1cbac27 -> 
  custom:video-decoder-webm-vp8: 9c59270c3fd7afecdb556c50c9e8de78 -> 
  custom:audio-decoder-ogg-vorbis: bf7c407c2cedff20999df2af8eb42d56 -> 
========================================================================
Received Prepare
Registering precompiled user dll's ...
Registered in 0.005456 seconds.
Begin MonoManager ReloadAssembly
Symbol file LoadedFromMemory doesn't match image C:\Users\kyuki\OneDrive\Documents\Arcus\CC\unity-character-customization\Library\PackageCache\com.unity.visualscripting@1.7.8\Editor\VisualScripting.Core\Dependencies\YamlDotNet\Unity.VisualScripting.YamlDotNet.dll
Symbol file LoadedFromMemory doesn't match image C:\Users\kyuki\OneDrive\Documents\Arcus\CC\unity-character-customization\Library\PackageCache\com.unity.visualscripting@1.7.8\Editor\VisualScripting.Core\Dependencies\DotNetZip\Unity.VisualScripting.IonicZip.dll
Native extension for WindowsStandalone target not found
Native extension for Android target not found
Native extension for WebGL target not found
Refreshing native plugins compatible for Editor in 0.71 ms, found 3 plugins.
Preloading 0 native plugins for Editor in 0.00 ms.
Mono: successfully reloaded assembly
- Completed reload, in  0.910 seconds
Domain Reload Profiling:
	ReloadAssembly (910ms)
		BeginReloadAssembly (119ms)
			ExecutionOrderSort (0ms)
			DisableScriptedObjects (5ms)
			BackupInstance (0ms)
			ReleaseScriptingObjects (0ms)
			CreateAndSetChildDomain (32ms)
		EndReloadAssembly (705ms)
			LoadAssemblies (80ms)
			RebuildTransferFunctionScriptingTraits (0ms)
			SetupTypeCache (218ms)
			ReleaseScriptCaches (1ms)
			RebuildScriptCaches (35ms)
			SetupLoadedEditorAssemblies (329ms)
				LogAssemblyErrors (0ms)
				InitializePlatformSupportModulesInManaged (24ms)
				SetLoadedEditorAssemblies (0ms)
				RefreshPlugins (1ms)
				BeforeProcessingInitializeOnLoad (70ms)
				ProcessInitializeOnLoadAttributes (196ms)
				ProcessInitializeOnLoadMethodAttributes (28ms)
				AfterProcessingInitializeOnLoad (10ms)
				EditorAssembliesLoaded (0ms)
			ExecutionOrderSort2 (0ms)
			AwakeInstancesAfterBackupRestoration (7ms)
Platform modules already initialized, skipping
Refreshing native plugins compatible for Editor in 2.58 ms, found 3 plugins.
Preloading 0 native plugins for Editor in 0.00 ms.
Unloading 3383 Unused Serialized files (Serialized files now loaded: 0)
Unloading 20 unused Assets / (80.0 KB). Loaded Objects now: 3894.
Memory consumption went from 122.5 MB to 122.4 MB.
Total: 3.435300 ms (FindLiveObjects: 0.250700 ms CreateObjectMapping: 0.305600 ms MarkObjects: 2.787000 ms  DeleteObjects: 0.091100 ms)

AssetImportParameters requested are different than current active one (requested -> active):
  custom:video-decoder-ogg-theora: a1e56fd34408186e4bbccfd4996cb3dc -> 
  custom:container-muxer-webm: aa71ff27fc2769a1b78a27578f13a17b -> 
  custom:container-demuxer-webm: 4f35f7cbe854078d1ac9338744f61a02 -> 
  custom:video-encoder-webm-vp8: eb34c28f22e8b96e1ab97ce403110664 -> 
  custom:audio-encoder-webm-vorbis: bf7c407c2cedff20999df2af8eb42d56 -> 
  custom:framework-win-MediaFoundation: 216162199b28c13a410421893ffa2e32 -> 
  custom:container-demuxer-ogg: 62fdf1f143b41e24485cea50d1cbac27 -> 
  custom:video-decoder-webm-vp8: 9c59270c3fd7afecdb556c50c9e8de78 -> 
  custom:audio-decoder-ogg-vorbis: bf7c407c2cedff20999df2af8eb42d56 -> 
========================================================================
Received Prepare
Registering precompiled user dll's ...
Registered in 0.006489 seconds.
Begin MonoManager ReloadAssembly
Symbol file LoadedFromMemory doesn't match image C:\Users\kyuki\OneDrive\Documents\Arcus\CC\unity-character-customization\Library\PackageCache\com.unity.visualscripting@1.7.8\Editor\VisualScripting.Core\Dependencies\YamlDotNet\Unity.VisualScripting.YamlDotNet.dll
Symbol file LoadedFromMemory doesn't match image C:\Users\kyuki\OneDrive\Documents\Arcus\CC\unity-character-customization\Library\PackageCache\com.unity.visualscripting@1.7.8\Editor\VisualScripting.Core\Dependencies\DotNetZip\Unity.VisualScripting.IonicZip.dll
Native extension for WindowsStandalone target not found
Native extension for Android target not found
Native extension for WebGL target not found
Refreshing native plugins compatible for Editor in 0.66 ms, found 3 plugins.
Preloading 0 native plugins for Editor in 0.00 ms.
Mono: successfully reloaded assembly
- Completed reload, in  0.891 seconds
Domain Reload Profiling:
	ReloadAssembly (891ms)
		BeginReloadAssembly (123ms)
			ExecutionOrderSort (0ms)
			DisableScriptedObjects (5ms)
			BackupInstance (0ms)
			ReleaseScriptingObjects (0ms)
			CreateAndSetChildDomain (36ms)
		EndReloadAssembly (684ms)
			LoadAssemblies (77ms)
			RebuildTransferFunctionScriptingTraits (0ms)
			SetupTypeCache (201ms)
			ReleaseScriptCaches (1ms)
			RebuildScriptCaches (35ms)
			SetupLoadedEditorAssemblies (331ms)
				LogAssemblyErrors (0ms)
				InitializePlatformSupportModulesInManaged (25ms)
				SetLoadedEditorAssemblies (0ms)
				RefreshPlugins (1ms)
				BeforeProcessingInitializeOnLoad (70ms)
				ProcessInitializeOnLoadAttributes (194ms)
				ProcessInitializeOnLoadMethodAttributes (31ms)
				AfterProcessingInitializeOnLoad (10ms)
				EditorAssembliesLoaded (0ms)
			ExecutionOrderSort2 (0ms)
			AwakeInstancesAfterBackupRestoration (6ms)
Platform modules already initialized, skipping
Refreshing native plugins compatible for Editor in 2.26 ms, found 3 plugins.
Preloading 0 native plugins for Editor in 0.00 ms.
Unloading 3383 Unused Serialized files (Serialized files now loaded: 0)
Unloading 20 unused Assets / (80.2 KB). Loaded Objects now: 3897.
Memory consumption went from 122.5 MB to 122.4 MB.
Total: 3.760300 ms (FindLiveObjects: 0.336300 ms CreateObjectMapping: 0.251300 ms MarkObjects: 3.033700 ms  DeleteObjects: 0.137500 ms)

AssetImportParameters requested are different than current active one (requested -> active):
  custom:video-decoder-ogg-theora: a1e56fd34408186e4bbccfd4996cb3dc -> 
  custom:container-muxer-webm: aa71ff27fc2769a1b78a27578f13a17b -> 
  custom:container-demuxer-webm: 4f35f7cbe854078d1ac9338744f61a02 -> 
  custom:video-encoder-webm-vp8: eb34c28f22e8b96e1ab97ce403110664 -> 
  custom:audio-encoder-webm-vorbis: bf7c407c2cedff20999df2af8eb42d56 -> 
  custom:framework-win-MediaFoundation: 216162199b28c13a410421893ffa2e32 -> 
  custom:container-demuxer-ogg: 62fdf1f143b41e24485cea50d1cbac27 -> 
  custom:video-decoder-webm-vp8: 9c59270c3fd7afecdb556c50c9e8de78 -> 
  custom:audio-decoder-ogg-vorbis: bf7c407c2cedff20999df2af8eb42d56 -> 
========================================================================
Received Prepare
Registering precompiled user dll's ...
Registered in 0.005517 seconds.
Begin MonoManager ReloadAssembly
Symbol file LoadedFromMemory doesn't match image C:\Users\kyuki\OneDrive\Documents\Arcus\CC\unity-character-customization\Library\PackageCache\com.unity.visualscripting@1.7.8\Editor\VisualScripting.Core\Dependencies\YamlDotNet\Unity.VisualScripting.YamlDotNet.dll
Symbol file LoadedFromMemory doesn't match image C:\Users\kyuki\OneDrive\Documents\Arcus\CC\unity-character-customization\Library\PackageCache\com.unity.visualscripting@1.7.8\Editor\VisualScripting.Core\Dependencies\DotNetZip\Unity.VisualScripting.IonicZip.dll
Native extension for WindowsStandalone target not found
Native extension for Android target not found
Native extension for WebGL target not found
Refreshing native plugins compatible for Editor in 0.54 ms, found 3 plugins.
Preloading 0 native plugins for Editor in 0.00 ms.
Mono: successfully reloaded assembly
- Completed reload, in  0.886 seconds
Domain Reload Profiling:
	ReloadAssembly (887ms)
		BeginReloadAssembly (131ms)
			ExecutionOrderSort (0ms)
			DisableScriptedObjects (5ms)
			BackupInstance (0ms)
			ReleaseScriptingObjects (0ms)
			CreateAndSetChildDomain (39ms)
		EndReloadAssembly (665ms)
			LoadAssemblies (86ms)
			RebuildTransferFunctionScriptingTraits (0ms)
			SetupTypeCache (219ms)
			ReleaseScriptCaches (1ms)
			RebuildScriptCaches (36ms)
			SetupLoadedEditorAssemblies (287ms)
				LogAssemblyErrors (0ms)
				InitializePlatformSupportModulesInManaged (21ms)
				SetLoadedEditorAssemblies (0ms)
				RefreshPlugins (1ms)
				BeforeProcessingInitializeOnLoad (61ms)
				ProcessInitializeOnLoadAttributes (169ms)
				ProcessInitializeOnLoadMethodAttributes (27ms)
				AfterProcessingInitializeOnLoad (9ms)
				EditorAssembliesLoaded (0ms)
			ExecutionOrderSort2 (0ms)
			AwakeInstancesAfterBackupRestoration (6ms)
Platform modules already initialized, skipping
Refreshing native plugins compatible for Editor in 2.21 ms, found 3 plugins.
Preloading 0 native plugins for Editor in 0.00 ms.
Unloading 3383 Unused Serialized files (Serialized files now loaded: 0)
Unloading 20 unused Assets / (80.1 KB). Loaded Objects now: 3900.
Memory consumption went from 122.5 MB to 122.4 MB.
Total: 3.418700 ms (FindLiveObjects: 0.475700 ms CreateObjectMapping: 0.263300 ms MarkObjects: 2.583300 ms  DeleteObjects: 0.095300 ms)

AssetImportParameters requested are different than current active one (requested -> active):
  custom:video-decoder-ogg-theora: a1e56fd34408186e4bbccfd4996cb3dc -> 
  custom:container-muxer-webm: aa71ff27fc2769a1b78a27578f13a17b -> 
  custom:container-demuxer-webm: 4f35f7cbe854078d1ac9338744f61a02 -> 
  custom:video-encoder-webm-vp8: eb34c28f22e8b96e1ab97ce403110664 -> 
  custom:audio-encoder-webm-vorbis: bf7c407c2cedff20999df2af8eb42d56 -> 
  custom:framework-win-MediaFoundation: 216162199b28c13a410421893ffa2e32 -> 
  custom:container-demuxer-ogg: 62fdf1f143b41e24485cea50d1cbac27 -> 
  custom:video-decoder-webm-vp8: 9c59270c3fd7afecdb556c50c9e8de78 -> 
  custom:audio-decoder-ogg-vorbis: bf7c407c2cedff20999df2af8eb42d56 -> 
========================================================================
Received Prepare
Registering precompiled user dll's ...
Registered in 0.006165 seconds.
Begin MonoManager ReloadAssembly
Symbol file LoadedFromMemory doesn't match image C:\Users\kyuki\OneDrive\Documents\Arcus\CC\unity-character-customization\Library\PackageCache\com.unity.visualscripting@1.7.8\Editor\VisualScripting.Core\Dependencies\YamlDotNet\Unity.VisualScripting.YamlDotNet.dll
Symbol file LoadedFromMemory doesn't match image C:\Users\kyuki\OneDrive\Documents\Arcus\CC\unity-character-customization\Library\PackageCache\com.unity.visualscripting@1.7.8\Editor\VisualScripting.Core\Dependencies\DotNetZip\Unity.VisualScripting.IonicZip.dll
Native extension for WindowsStandalone target not found
Native extension for Android target not found
Native extension for WebGL target not found
Refreshing native plugins compatible for Editor in 0.67 ms, found 3 plugins.
Preloading 0 native plugins for Editor in 0.00 ms.
Mono: successfully reloaded assembly
- Completed reload, in  0.859 seconds
Domain Reload Profiling:
	ReloadAssembly (859ms)
		BeginReloadAssembly (127ms)
			ExecutionOrderSort (0ms)
			DisableScriptedObjects (5ms)
			BackupInstance (0ms)
			ReleaseScriptingObjects (0ms)
			CreateAndSetChildDomain (33ms)
		EndReloadAssembly (646ms)
			LoadAssemblies (84ms)
			RebuildTransferFunctionScriptingTraits (0ms)
			SetupTypeCache (206ms)
			ReleaseScriptCaches (2ms)
			RebuildScriptCaches (33ms)
			SetupLoadedEditorAssemblies (291ms)
				LogAssemblyErrors (0ms)
				InitializePlatformSupportModulesInManaged (22ms)
				SetLoadedEditorAssemblies (0ms)
				RefreshPlugins (1ms)
				BeforeProcessingInitializeOnLoad (62ms)
				ProcessInitializeOnLoadAttributes (167ms)
				ProcessInitializeOnLoadMethodAttributes (26ms)
				AfterProcessingInitializeOnLoad (12ms)
				EditorAssembliesLoaded (0ms)
			ExecutionOrderSort2 (0ms)
			AwakeInstancesAfterBackupRestoration (5ms)
Platform modules already initialized, skipping
Refreshing native plugins compatible for Editor in 2.06 ms, found 3 plugins.
Preloading 0 native plugins for Editor in 0.00 ms.
Unloading 3383 Unused Serialized files (Serialized files now loaded: 0)
Unloading 20 unused Assets / (80.0 KB). Loaded Objects now: 3903.
Memory consumption went from 122.5 MB to 122.4 MB.
Total: 3.151300 ms (FindLiveObjects: 0.261500 ms CreateObjectMapping: 0.177800 ms MarkObjects: 2.619600 ms  DeleteObjects: 0.091200 ms)

AssetImportParameters requested are different than current active one (requested -> active):
  custom:video-decoder-ogg-theora: a1e56fd34408186e4bbccfd4996cb3dc -> 
  custom:container-muxer-webm: aa71ff27fc2769a1b78a27578f13a17b -> 
  custom:container-demuxer-webm: 4f35f7cbe854078d1ac9338744f61a02 -> 
  custom:video-encoder-webm-vp8: eb34c28f22e8b96e1ab97ce403110664 -> 
  custom:audio-encoder-webm-vorbis: bf7c407c2cedff20999df2af8eb42d56 -> 
  custom:framework-win-MediaFoundation: 216162199b28c13a410421893ffa2e32 -> 
  custom:container-demuxer-ogg: 62fdf1f143b41e24485cea50d1cbac27 -> 
  custom:video-decoder-webm-vp8: 9c59270c3fd7afecdb556c50c9e8de78 -> 
  custom:audio-decoder-ogg-vorbis: bf7c407c2cedff20999df2af8eb42d56 -> 
========================================================================
Received Prepare
Registering precompiled user dll's ...
Registered in 0.005555 seconds.
Begin MonoManager ReloadAssembly
Symbol file LoadedFromMemory doesn't match image C:\Users\kyuki\OneDrive\Documents\Arcus\CC\unity-character-customization\Library\PackageCache\com.unity.visualscripting@1.7.8\Editor\VisualScripting.Core\Dependencies\YamlDotNet\Unity.VisualScripting.YamlDotNet.dll
Symbol file LoadedFromMemory doesn't match image C:\Users\kyuki\OneDrive\Documents\Arcus\CC\unity-character-customization\Library\PackageCache\com.unity.visualscripting@1.7.8\Editor\VisualScripting.Core\Dependencies\DotNetZip\Unity.VisualScripting.IonicZip.dll
Native extension for WindowsStandalone target not found
Native extension for Android target not found
Native extension for WebGL target not found
Refreshing native plugins compatible for Editor in 1.00 ms, found 3 plugins.
Preloading 0 native plugins for Editor in 0.00 ms.
Mono: successfully reloaded assembly
- Completed reload, in  0.883 seconds
Domain Reload Profiling:
	ReloadAssembly (884ms)
		BeginReloadAssembly (123ms)
			ExecutionOrderSort (0ms)
			DisableScriptedObjects (5ms)
			BackupInstance (0ms)
			ReleaseScriptingObjects (0ms)
			CreateAndSetChildDomain (33ms)
		EndReloadAssembly (674ms)
			LoadAssemblies (82ms)
			RebuildTransferFunctionScriptingTraits (0ms)
			SetupTypeCache (206ms)
			ReleaseScriptCaches (1ms)
			RebuildScriptCaches (34ms)
			SetupLoadedEditorAssemblies (317ms)
				LogAssemblyErrors (0ms)
				InitializePlatformSupportModulesInManaged (23ms)
				SetLoadedEditorAssemblies (0ms)
				RefreshPlugins (1ms)
				BeforeProcessingInitializeOnLoad (68ms)
				ProcessInitializeOnLoadAttributes (190ms)
				ProcessInitializeOnLoadMethodAttributes (25ms)
				AfterProcessingInitializeOnLoad (9ms)
				EditorAssembliesLoaded (0ms)
			ExecutionOrderSort2 (0ms)
			AwakeInstancesAfterBackupRestoration (6ms)
Platform modules already initialized, skipping
Refreshing native plugins compatible for Editor in 2.15 ms, found 3 plugins.
Preloading 0 native plugins for Editor in 0.00 ms.
Unloading 3383 Unused Serialized files (Serialized files now loaded: 0)
Unloading 20 unused Assets / (80.0 KB). Loaded Objects now: 3906.
Memory consumption went from 122.5 MB to 122.4 MB.
Total: 3.282800 ms (FindLiveObjects: 0.391700 ms CreateObjectMapping: 0.246500 ms MarkObjects: 2.543300 ms  DeleteObjects: 0.100500 ms)

AssetImportParameters requested are different than current active one (requested -> active):
  custom:video-decoder-ogg-theora: a1e56fd34408186e4bbccfd4996cb3dc -> 
  custom:container-muxer-webm: aa71ff27fc2769a1b78a27578f13a17b -> 
  custom:container-demuxer-webm: 4f35f7cbe854078d1ac9338744f61a02 -> 
  custom:video-encoder-webm-vp8: eb34c28f22e8b96e1ab97ce403110664 -> 
  custom:audio-encoder-webm-vorbis: bf7c407c2cedff20999df2af8eb42d56 -> 
  custom:framework-win-MediaFoundation: 216162199b28c13a410421893ffa2e32 -> 
  custom:container-demuxer-ogg: 62fdf1f143b41e24485cea50d1cbac27 -> 
  custom:video-decoder-webm-vp8: 9c59270c3fd7afecdb556c50c9e8de78 -> 
  custom:audio-decoder-ogg-vorbis: bf7c407c2cedff20999df2af8eb42d56 -> 
========================================================================
Received Prepare
Registering precompiled user dll's ...
Registered in 0.006146 seconds.
Begin MonoManager ReloadAssembly
Symbol file LoadedFromMemory doesn't match image C:\Users\kyuki\OneDrive\Documents\Arcus\CC\unity-character-customization\Library\PackageCache\com.unity.visualscripting@1.7.8\Editor\VisualScripting.Core\Dependencies\YamlDotNet\Unity.VisualScripting.YamlDotNet.dll
Symbol file LoadedFromMemory doesn't match image C:\Users\kyuki\OneDrive\Documents\Arcus\CC\unity-character-customization\Library\PackageCache\com.unity.visualscripting@1.7.8\Editor\VisualScripting.Core\Dependencies\DotNetZip\Unity.VisualScripting.IonicZip.dll
Native extension for WindowsStandalone target not found
Native extension for Android target not found
Native extension for WebGL target not found
Refreshing native plugins compatible for Editor in 0.90 ms, found 3 plugins.
Preloading 0 native plugins for Editor in 0.00 ms.
Mono: successfully reloaded assembly
- Completed reload, in  1.095 seconds
Domain Reload Profiling:
	ReloadAssembly (1096ms)
		BeginReloadAssembly (131ms)
			ExecutionOrderSort (0ms)
			DisableScriptedObjects (5ms)
			BackupInstance (0ms)
			ReleaseScriptingObjects (0ms)
			CreateAndSetChildDomain (34ms)
		EndReloadAssembly (870ms)
			LoadAssemblies (87ms)
			RebuildTransferFunctionScriptingTraits (0ms)
			SetupTypeCache (197ms)
			ReleaseScriptCaches (1ms)
			RebuildScriptCaches (36ms)
			SetupLoadedEditorAssemblies (493ms)
				LogAssemblyErrors (0ms)
				InitializePlatformSupportModulesInManaged (26ms)
				SetLoadedEditorAssemblies (0ms)
				RefreshPlugins (1ms)
				BeforeProcessingInitializeOnLoad (92ms)
				ProcessInitializeOnLoadAttributes (321ms)
				ProcessInitializeOnLoadMethodAttributes (40ms)
				AfterProcessingInitializeOnLoad (13ms)
				EditorAssembliesLoaded (0ms)
			ExecutionOrderSort2 (0ms)
			AwakeInstancesAfterBackupRestoration (9ms)
Platform modules already initialized, skipping
Refreshing native plugins compatible for Editor in 1.95 ms, found 3 plugins.
Preloading 0 native plugins for Editor in 0.00 ms.
Unloading 3383 Unused Serialized files (Serialized files now loaded: 0)
Unloading 20 unused Assets / (80.0 KB). Loaded Objects now: 3909.
Memory consumption went from 122.5 MB to 122.4 MB.
Total: 3.028900 ms (FindLiveObjects: 0.246200 ms CreateObjectMapping: 0.095200 ms MarkObjects: 2.576700 ms  DeleteObjects: 0.109800 ms)

AssetImportParameters requested are different than current active one (requested -> active):
  custom:video-decoder-ogg-theora: a1e56fd34408186e4bbccfd4996cb3dc -> 
  custom:container-muxer-webm: aa71ff27fc2769a1b78a27578f13a17b -> 
  custom:container-demuxer-webm: 4f35f7cbe854078d1ac9338744f61a02 -> 
  custom:video-encoder-webm-vp8: eb34c28f22e8b96e1ab97ce403110664 -> 
  custom:audio-encoder-webm-vorbis: bf7c407c2cedff20999df2af8eb42d56 -> 
  custom:framework-win-MediaFoundation: 216162199b28c13a410421893ffa2e32 -> 
  custom:container-demuxer-ogg: 62fdf1f143b41e24485cea50d1cbac27 -> 
  custom:video-decoder-webm-vp8: 9c59270c3fd7afecdb556c50c9e8de78 -> 
  custom:audio-decoder-ogg-vorbis: bf7c407c2cedff20999df2af8eb42d56 -> 
========================================================================
Received Prepare
Registering precompiled user dll's ...
Registered in 0.005476 seconds.
Begin MonoManager ReloadAssembly
Symbol file LoadedFromMemory doesn't match image C:\Users\kyuki\OneDrive\Documents\Arcus\CC\unity-character-customization\Library\PackageCache\com.unity.visualscripting@1.7.8\Editor\VisualScripting.Core\Dependencies\YamlDotNet\Unity.VisualScripting.YamlDotNet.dll
Symbol file LoadedFromMemory doesn't match image C:\Users\kyuki\OneDrive\Documents\Arcus\CC\unity-character-customization\Library\PackageCache\com.unity.visualscripting@1.7.8\Editor\VisualScripting.Core\Dependencies\DotNetZip\Unity.VisualScripting.IonicZip.dll
Native extension for WindowsStandalone target not found
Native extension for Android target not found
Native extension for WebGL target not found
Refreshing native plugins compatible for Editor in 0.89 ms, found 3 plugins.
Preloading 0 native plugins for Editor in 0.00 ms.
Mono: successfully reloaded assembly
- Completed reload, in  0.897 seconds
Domain Reload Profiling:
	ReloadAssembly (898ms)
		BeginReloadAssembly (132ms)
			ExecutionOrderSort (0ms)
			DisableScriptedObjects (5ms)
			BackupInstance (0ms)
			ReleaseScriptingObjects (0ms)
			CreateAndSetChildDomain (36ms)
		EndReloadAssembly (674ms)
			LoadAssemblies (91ms)
			RebuildTransferFunctionScriptingTraits (0ms)
			SetupTypeCache (208ms)
			ReleaseScriptCaches (1ms)
			RebuildScriptCaches (34ms)
			SetupLoadedEditorAssemblies (306ms)
				LogAssemblyErrors (0ms)
				InitializePlatformSupportModulesInManaged (22ms)
				SetLoadedEditorAssemblies (0ms)
				RefreshPlugins (1ms)
				BeforeProcessingInitializeOnLoad (63ms)
				ProcessInitializeOnLoadAttributes (183ms)
				ProcessInitializeOnLoadMethodAttributes (26ms)
				AfterProcessingInitializeOnLoad (10ms)
				EditorAssembliesLoaded (0ms)
			ExecutionOrderSort2 (0ms)
			AwakeInstancesAfterBackupRestoration (6ms)
Platform modules already initialized, skipping
Refreshing native plugins compatible for Editor in 2.16 ms, found 3 plugins.
Preloading 0 native plugins for Editor in 0.00 ms.
Unloading 3383 Unused Serialized files (Serialized files now loaded: 0)
Unloading 20 unused Assets / (80.1 KB). Loaded Objects now: 3912.
Memory consumption went from 122.5 MB to 122.4 MB.
Total: 3.018100 ms (FindLiveObjects: 0.235000 ms CreateObjectMapping: 0.151100 ms MarkObjects: 2.548500 ms  DeleteObjects: 0.082700 ms)

AssetImportParameters requested are different than current active one (requested -> active):
  custom:video-decoder-ogg-theora: a1e56fd34408186e4bbccfd4996cb3dc -> 
  custom:container-muxer-webm: aa71ff27fc2769a1b78a27578f13a17b -> 
  custom:container-demuxer-webm: 4f35f7cbe854078d1ac9338744f61a02 -> 
  custom:video-encoder-webm-vp8: eb34c28f22e8b96e1ab97ce403110664 -> 
  custom:audio-encoder-webm-vorbis: bf7c407c2cedff20999df2af8eb42d56 -> 
  custom:framework-win-MediaFoundation: 216162199b28c13a410421893ffa2e32 -> 
  custom:container-demuxer-ogg: 62fdf1f143b41e24485cea50d1cbac27 -> 
  custom:video-decoder-webm-vp8: 9c59270c3fd7afecdb556c50c9e8de78 -> 
  custom:audio-decoder-ogg-vorbis: bf7c407c2cedff20999df2af8eb42d56 -> 
========================================================================
Received Prepare
Registering precompiled user dll's ...
Registered in 0.006448 seconds.
Begin MonoManager ReloadAssembly
Symbol file LoadedFromMemory doesn't match image C:\Users\kyuki\OneDrive\Documents\Arcus\CC\unity-character-customization\Library\PackageCache\com.unity.visualscripting@1.7.8\Editor\VisualScripting.Core\Dependencies\YamlDotNet\Unity.VisualScripting.YamlDotNet.dll
Symbol file LoadedFromMemory doesn't match image C:\Users\kyuki\OneDrive\Documents\Arcus\CC\unity-character-customization\Library\PackageCache\com.unity.visualscripting@1.7.8\Editor\VisualScripting.Core\Dependencies\DotNetZip\Unity.VisualScripting.IonicZip.dll
Native extension for WindowsStandalone target not found
Native extension for Android target not found
Native extension for WebGL target not found
Refreshing native plugins compatible for Editor in 0.73 ms, found 3 plugins.
Preloading 0 native plugins for Editor in 0.00 ms.
Mono: successfully reloaded assembly
- Completed reload, in  0.958 seconds
Domain Reload Profiling:
	ReloadAssembly (958ms)
		BeginReloadAssembly (128ms)
			ExecutionOrderSort (0ms)
			DisableScriptedObjects (5ms)
			BackupInstance (0ms)
			ReleaseScriptingObjects (0ms)
			CreateAndSetChildDomain (32ms)
		EndReloadAssembly (743ms)
			LoadAssemblies (85ms)
			RebuildTransferFunctionScriptingTraits (0ms)
			SetupTypeCache (245ms)
			ReleaseScriptCaches (1ms)
			RebuildScriptCaches (39ms)
			SetupLoadedEditorAssemblies (334ms)
				LogAssemblyErrors (0ms)
				InitializePlatformSupportModulesInManaged (25ms)
				SetLoadedEditorAssemblies (0ms)
				RefreshPlugins (1ms)
				BeforeProcessingInitializeOnLoad (72ms)
				ProcessInitializeOnLoadAttributes (198ms)
				ProcessInitializeOnLoadMethodAttributes (28ms)
				AfterProcessingInitializeOnLoad (9ms)
				EditorAssembliesLoaded (0ms)
			ExecutionOrderSort2 (0ms)
			AwakeInstancesAfterBackupRestoration (6ms)
Platform modules already initialized, skipping
Refreshing native plugins compatible for Editor in 2.27 ms, found 3 plugins.
Preloading 0 native plugins for Editor in 0.00 ms.
Unloading 3383 Unused Serialized files (Serialized files now loaded: 0)
Unloading 20 unused Assets / (80.0 KB). Loaded Objects now: 3915.
Memory consumption went from 122.5 MB to 122.5 MB.
Total: 3.154800 ms (FindLiveObjects: 0.236100 ms CreateObjectMapping: 0.149100 ms MarkObjects: 2.684400 ms  DeleteObjects: 0.084400 ms)

AssetImportParameters requested are different than current active one (requested -> active):
  custom:video-decoder-ogg-theora: a1e56fd34408186e4bbccfd4996cb3dc -> 
  custom:container-muxer-webm: aa71ff27fc2769a1b78a27578f13a17b -> 
  custom:container-demuxer-webm: 4f35f7cbe854078d1ac9338744f61a02 -> 
  custom:video-encoder-webm-vp8: eb34c28f22e8b96e1ab97ce403110664 -> 
  custom:audio-encoder-webm-vorbis: bf7c407c2cedff20999df2af8eb42d56 -> 
  custom:framework-win-MediaFoundation: 216162199b28c13a410421893ffa2e32 -> 
  custom:container-demuxer-ogg: 62fdf1f143b41e24485cea50d1cbac27 -> 
  custom:video-decoder-webm-vp8: 9c59270c3fd7afecdb556c50c9e8de78 -> 
  custom:audio-decoder-ogg-vorbis: bf7c407c2cedff20999df2af8eb42d56 -> 
========================================================================
Received Import Request.
  Time since last request: 930.540232 seconds.
  path: Assets/Deathgorge
  artifactKey: Guid(8a41b091847329c4588cd22ca2094ad3) Importer(815301076,1909f56bfc062723c751e8b465ee728b)
Start importing Assets/Deathgorge using Guid(8a41b091847329c4588cd22ca2094ad3) Importer(815301076,1909f56bfc062723c751e8b465ee728b)  -> (artifact id: '40708f4b26790a24d044456c4515dd2e') in 0.011240 seconds 
========================================================================
Received Import Request.
  Time since last request: 9.102910 seconds.
  path: Assets/Deathgorge/DeathGorge.fbx
  artifactKey: Guid(0baf82a0266aabf4082ac8e13a1291b6) Importer(815301076,1909f56bfc062723c751e8b465ee728b)
Start importing Assets/Deathgorge/DeathGorge.fbx using Guid(0baf82a0266aabf4082ac8e13a1291b6) Importer(815301076,1909f56bfc062723c751e8b465ee728b)  -> (artifact id: 'dc4940e5522e8e56b2a74efd34f6eec2') in 1.845467 seconds 
========================================================================
Received Import Request.
  Time since last request: 7.430665 seconds.
  path: Assets/Deathgorge/Material
  artifactKey: Guid(fb8fb359d733167419c334abd628b711) Importer(815301076,1909f56bfc062723c751e8b465ee728b)
Start importing Assets/Deathgorge/Material using Guid(fb8fb359d733167419c334abd628b711) Importer(815301076,1909f56bfc062723c751e8b465ee728b)  -> (artifact id: '2443c72cd231d1b67da06b133d983f76') in 0.005622 seconds 
========================================================================
Received Import Request.
  Time since last request: 6.023476 seconds.
  path: Assets/Deathgorge/Texture
  artifactKey: Guid(23754b32d4395f54b84aff97bef0d154) Importer(815301076,1909f56bfc062723c751e8b465ee728b)
Start importing Assets/Deathgorge/Texture using Guid(23754b32d4395f54b84aff97bef0d154) Importer(815301076,1909f56bfc062723c751e8b465ee728b)  -> (artifact id: '061b0b2d45a16fd2337e896e5cbfaab5') in 0.005967 seconds 
========================================================================
Received Import Request.
  Time since last request: 17.634953 seconds.
  path: Assets/Deathgorge/DeathGorge.fbx
  artifactKey: Guid(0baf82a0266aabf4082ac8e13a1291b6) Importer(815301076,1909f56bfc062723c751e8b465ee728b)
Start importing Assets/Deathgorge/DeathGorge.fbx using Guid(0baf82a0266aabf4082ac8e13a1291b6) Importer(815301076,1909f56bfc062723c751e8b465ee728b)  -> (artifact id: 'd089cc935cc7cc0761d254ec23e97e54') in 2.007298 seconds 
========================================================================
Received Import Request.
  Time since last request: 4.392733 seconds.
  path: Assets/Deathgorge/DeathGorge.fbx
  artifactKey: Guid(0baf82a0266aabf4082ac8e13a1291b6) Importer(815301076,1909f56bfc062723c751e8b465ee728b)
Start importing Assets/Deathgorge/DeathGorge.fbx using Guid(0baf82a0266aabf4082ac8e13a1291b6) Importer(815301076,1909f56bfc062723c751e8b465ee728b)  -> (artifact id: 'ff9e80bff157cf4dedc0b2268d4906ae') in 1.548848 seconds 
========================================================================
Received Import Request.
  Time since last request: 337.300493 seconds.
  path: Assets/Deathgorge/Material/aiStandardSurface1.mat
  artifactKey: Guid(81f3301f124d1d2409ce0a40a11406f8) Importer(815301076,1909f56bfc062723c751e8b465ee728b)
Start importing Assets/Deathgorge/Material/aiStandardSurface1.mat using Guid(81f3301f124d1d2409ce0a40a11406f8) Importer(815301076,1909f56bfc062723c751e8b465ee728b)  -> (artifact id: '5ca1c5799ce53b400faa59ca3ffed70a') in 0.022234 seconds 
========================================================================
Received Import Request.
  Time since last request: 0.009896 seconds.
  path: Assets/Deathgorge/Material/aiStandardSurface48.mat
  artifactKey: Guid(b0139f93ad306d14a80e2d003f77250d) Importer(815301076,1909f56bfc062723c751e8b465ee728b)
Start importing Assets/Deathgorge/Material/aiStandardSurface48.mat using Guid(b0139f93ad306d14a80e2d003f77250d) Importer(815301076,1909f56bfc062723c751e8b465ee728b)  -> (artifact id: 'c7244c2f91989e5267179832eacc3a23') in 0.014524 seconds 
========================================================================
Received Import Request.
  Time since last request: 0.000021 seconds.
  path: Assets/Deathgorge/Material/shop_anvil_mat.mat
  artifactKey: Guid(25345552396cee0489c648454ded1479) Importer(815301076,1909f56bfc062723c751e8b465ee728b)
Start importing Assets/Deathgorge/Material/shop_anvil_mat.mat using Guid(25345552396cee0489c648454ded1479) Importer(815301076,1909f56bfc062723c751e8b465ee728b)  -> (artifact id: 'f978bbbfae58170b18849faac079f904') in 0.021052 seconds 
========================================================================
Received Import Request.
  Time since last request: 0.000040 seconds.
  path: Assets/Deathgorge/Material/ruin_post_mat.mat
  artifactKey: Guid(1b36d055be0a5c946ba41876bc1f44e8) Importer(815301076,1909f56bfc062723c751e8b465ee728b)
Start importing Assets/Deathgorge/Material/ruin_post_mat.mat using Guid(1b36d055be0a5c946ba41876bc1f44e8) Importer(815301076,1909f56bfc062723c751e8b465ee728b)  -> (artifact id: '60ba0ff45570b6ea05b673c1c02677b2') in 0.016140 seconds 
========================================================================
Received Import Request.
  Time since last request: 0.000023 seconds.
  path: Assets/Deathgorge/Material/mod_rock_v03_mat.mat
  artifactKey: Guid(d604762c8e537064fb2f9f60371ee44c) Importer(815301076,1909f56bfc062723c751e8b465ee728b)
Start importing Assets/Deathgorge/Material/mod_rock_v03_mat.mat using Guid(d604762c8e537064fb2f9f60371ee44c) Importer(815301076,1909f56bfc062723c751e8b465ee728b)  -> (artifact id: '079c4d7a904079fbd47ab96f01b4ef63') in 0.018488 seconds 
========================================================================
Received Import Request.
  Time since last request: 0.000021 seconds.
  path: Assets/Deathgorge/Material/bridge_floor_mat.mat
  artifactKey: Guid(3fd39ad1403605643aa4df2ad1c66bd2) Importer(815301076,1909f56bfc062723c751e8b465ee728b)
Start importing Assets/Deathgorge/Material/bridge_floor_mat.mat using Guid(3fd39ad1403605643aa4df2ad1c66bd2) Importer(815301076,1909f56bfc062723c751e8b465ee728b)  -> (artifact id: 'ec1204fc75223976a625d86642241c5e') in 0.015816 seconds 
========================================================================
Received Import Request.
  Time since last request: 0.000022 seconds.
  path: Assets/Deathgorge/Material/wooden_fence_03_mat.mat
  artifactKey: Guid(4f4dac9590690c742be6e550266cdf80) Importer(815301076,1909f56bfc062723c751e8b465ee728b)
Start importing Assets/Deathgorge/Material/wooden_fence_03_mat.mat using Guid(4f4dac9590690c742be6e550266cdf80) Importer(815301076,1909f56bfc062723c751e8b465ee728b)  -> (artifact id: 'e52eaa17df33f45917a89d32164bcca6') in 0.016492 seconds 
========================================================================
Received Import Request.
  Time since last request: 0.000019 seconds.
  path: Assets/Deathgorge/Material/gate_wall_mat.mat
  artifactKey: Guid(d2fa9b15d1d7174409d2220ac053a348) Importer(815301076,1909f56bfc062723c751e8b465ee728b)
Start importing Assets/Deathgorge/Material/gate_wall_mat.mat using Guid(d2fa9b15d1d7174409d2220ac053a348) Importer(815301076,1909f56bfc062723c751e8b465ee728b)  -> (artifact id: '7b4db0d369ea9670a37d8505f2589e43') in 0.016754 seconds 
========================================================================
Received Import Request.
  Time since last request: 0.000043 seconds.
  path: Assets/Deathgorge/Material/gate_metal_mat.mat
  artifactKey: Guid(7a8a688e972a1884799b3bebf1db90ac) Importer(815301076,1909f56bfc062723c751e8b465ee728b)
Start importing Assets/Deathgorge/Material/gate_metal_mat.mat using Guid(7a8a688e972a1884799b3bebf1db90ac) Importer(815301076,1909f56bfc062723c751e8b465ee728b)  -> (artifact id: 'a2fc2c7cfab9384dbe5af086750e2058') in 0.018030 seconds 
========================================================================
Received Import Request.
  Time since last request: 0.000017 seconds.
  path: Assets/Deathgorge/Material/spear_rack_mat.mat
  artifactKey: Guid(6ab4023df91e83440aa30e9d3792fac0) Importer(815301076,1909f56bfc062723c751e8b465ee728b)
Start importing Assets/Deathgorge/Material/spear_rack_mat.mat using Guid(6ab4023df91e83440aa30e9d3792fac0) Importer(815301076,1909f56bfc062723c751e8b465ee728b)  -> (artifact id: '21344ad75cf98a2247c27545cba67c1d') in 0.017847 seconds 
========================================================================
Received Import Request.
  Time since last request: 0.000019 seconds.
  path: Assets/Deathgorge/Material/gate_post_mat.mat
  artifactKey: Guid(dba2a029366655b47a0c1cf81aac3dc1) Importer(815301076,1909f56bfc062723c751e8b465ee728b)
Start importing Assets/Deathgorge/Material/gate_post_mat.mat using Guid(dba2a029366655b47a0c1cf81aac3dc1) Importer(815301076,1909f56bfc062723c751e8b465ee728b)  -> (artifact id: 'bfca31dcb7f4f649b98a51210b93620c') in 0.018372 seconds 
========================================================================
Received Import Request.
  Time since last request: 0.000029 seconds.
  path: Assets/Deathgorge/Material/Default_Material.mat
  artifactKey: Guid(a98d1c2e25cb5f144956470a33e2d6ce) Importer(815301076,1909f56bfc062723c751e8b465ee728b)
Start importing Assets/Deathgorge/Material/Default_Material.mat using Guid(a98d1c2e25cb5f144956470a33e2d6ce) Importer(815301076,1909f56bfc062723c751e8b465ee728b)  -> (artifact id: 'ff46bd4711480689ff12a84cd76e1748') in 0.016000 seconds 
========================================================================
Received Import Request.
  Time since last request: 0.000026 seconds.
  path: Assets/Deathgorge/Material/mid_bridge_floor_mat.mat
  artifactKey: Guid(032bfa63c23d9fd419838c49e0421261) Importer(815301076,1909f56bfc062723c751e8b465ee728b)
Start importing Assets/Deathgorge/Material/mid_bridge_floor_mat.mat using Guid(032bfa63c23d9fd419838c49e0421261) Importer(815301076,1909f56bfc062723c751e8b465ee728b)  -> (artifact id: '34ef25cd94120a687589f43e2a6d47a0') in 0.014929 seconds 
========================================================================
Received Import Request.
  Time since last request: 0.000021 seconds.
  path: Assets/Deathgorge/Material/cliff07_mat.mat
  artifactKey: Guid(302ca6eb68a56a14dae1d6d6fb79d7b5) Importer(815301076,1909f56bfc062723c751e8b465ee728b)
Start importing Assets/Deathgorge/Material/cliff07_mat.mat using Guid(302ca6eb68a56a14dae1d6d6fb79d7b5) Importer(815301076,1909f56bfc062723c751e8b465ee728b)  -> (artifact id: '05e9376ad82f7f4f7b9d7f06072f21d6') in 0.020051 seconds 
========================================================================
Received Import Request.
  Time since last request: 0.000024 seconds.
  path: Assets/Deathgorge/Material/pet_statue_mat.mat
  artifactKey: Guid(9c04656b60f6c394aa441ccc6741ae0f) Importer(815301076,1909f56bfc062723c751e8b465ee728b)
Start importing Assets/Deathgorge/Material/pet_statue_mat.mat using Guid(9c04656b60f6c394aa441ccc6741ae0f) Importer(815301076,1909f56bfc062723c751e8b465ee728b)  -> (artifact id: '0920ea90b36c98b9175322e4a6df6080') in 0.015187 seconds 
========================================================================
Received Import Request.
  Time since last request: 0.000018 seconds.
  path: Assets/Deathgorge/Material/water_falls_mat.mat
  artifactKey: Guid(4c5def6ecd310a148a0cf37a7a7f9950) Importer(815301076,1909f56bfc062723c751e8b465ee728b)
Start importing Assets/Deathgorge/Material/water_falls_mat.mat using Guid(4c5def6ecd310a148a0cf37a7a7f9950) Importer(815301076,1909f56bfc062723c751e8b465ee728b)  -> (artifact id: '69e1e9dc391df022ebb5fb04795b7904') in 0.016328 seconds 
========================================================================
Received Import Request.
  Time since last request: 0.000029 seconds.
  path: Assets/Deathgorge/Material/bush_leaf_02_mat.mat
  artifactKey: Guid(104c635e2eb38604cb265546a03ac123) Importer(815301076,1909f56bfc062723c751e8b465ee728b)
Start importing Assets/Deathgorge/Material/bush_leaf_02_mat.mat using Guid(104c635e2eb38604cb265546a03ac123) Importer(815301076,1909f56bfc062723c751e8b465ee728b)  -> (artifact id: '1ad255396052e82ba9dc5fce56eb7f32') in 0.016026 seconds 
========================================================================
Received Import Request.
  Time since last request: 0.000032 seconds.
  path: Assets/Deathgorge/Material/haystack_mat.mat
  artifactKey: Guid(ac5c854df1d98804abaff1a0c3bb352e) Importer(815301076,1909f56bfc062723c751e8b465ee728b)
Start importing Assets/Deathgorge/Material/haystack_mat.mat using Guid(ac5c854df1d98804abaff1a0c3bb352e) Importer(815301076,1909f56bfc062723c751e8b465ee728b)  -> (artifact id: '89fcf28bea67d8321f0aca6a75274913') in 0.018573 seconds 
========================================================================
Received Import Request.
  Time since last request: 0.000028 seconds.
  path: Assets/Deathgorge/Material/mod_rock_v02_mat.mat
  artifactKey: Guid(b103c7db3b75dfa49816af198333eb70) Importer(815301076,1909f56bfc062723c751e8b465ee728b)
Start importing Assets/Deathgorge/Material/mod_rock_v02_mat.mat using Guid(b103c7db3b75dfa49816af198333eb70) Importer(815301076,1909f56bfc062723c751e8b465ee728b)  -> (artifact id: '074efcc364ae29ab67a0ff0b8b0d7830') in 0.018711 seconds 
========================================================================
Received Import Request.
  Time since last request: 0.000048 seconds.
  path: Assets/Deathgorge/Material/shop_wall_mat.mat
  artifactKey: Guid(c1380dc0cf1e32b4cb51e920741afeb8) Importer(815301076,1909f56bfc062723c751e8b465ee728b)
Start importing Assets/Deathgorge/Material/shop_wall_mat.mat using Guid(c1380dc0cf1e32b4cb51e920741afeb8) Importer(815301076,1909f56bfc062723c751e8b465ee728b)  -> (artifact id: '1e94d56a34f83a071e64a7ada234926b') in 0.019354 seconds 
========================================================================
Received Import Request.
  Time since last request: 0.000033 seconds.
  path: Assets/Deathgorge/Material/water_ground_mat.mat
  artifactKey: Guid(8ae52fe7bdb2abc4691f1c7d1b8db0f8) Importer(815301076,1909f56bfc062723c751e8b465ee728b)
Start importing Assets/Deathgorge/Material/water_ground_mat.mat using Guid(8ae52fe7bdb2abc4691f1c7d1b8db0f8) Importer(815301076,1909f56bfc062723c751e8b465ee728b)  -> (artifact id: '05dd3b7e019cd15d5247877249d91bee') in 0.027811 seconds 
========================================================================
Received Import Request.
  Time since last request: 0.000060 seconds.
  path: Assets/Deathgorge/Material/bridge_archway_mat.mat
  artifactKey: Guid(63cf5655216eb34499066a58124ff0cb) Importer(815301076,1909f56bfc062723c751e8b465ee728b)
Start importing Assets/Deathgorge/Material/bridge_archway_mat.mat using Guid(63cf5655216eb34499066a58124ff0cb) Importer(815301076,1909f56bfc062723c751e8b465ee728b)  -> (artifact id: 'eb81b3319f09d80892ccaea77a21ab8d') in 0.020684 seconds 
========================================================================
Received Import Request.
  Time since last request: 0.000032 seconds.
  path: Assets/Deathgorge/Material/ruin_post_mat2.mat
  artifactKey: Guid(31a6eb4c7364c314c845528ce0bcf3f7) Importer(815301076,1909f56bfc062723c751e8b465ee728b)
Start importing Assets/Deathgorge/Material/ruin_post_mat2.mat using Guid(31a6eb4c7364c314c845528ce0bcf3f7) Importer(815301076,1909f56bfc062723c751e8b465ee728b)  -> (artifact id: 'd7a29cde9daf52ae989d699501d77af8') in 0.019138 seconds 
========================================================================
Received Import Request.
  Time since last request: 0.000102 seconds.
  path: Assets/Deathgorge/Material/cliff01_mat.mat
  artifactKey: Guid(b92067462a9846e40af4f833f2345cfa) Importer(815301076,1909f56bfc062723c751e8b465ee728b)
Start importing Assets/Deathgorge/Material/cliff01_mat.mat using Guid(b92067462a9846e40af4f833f2345cfa) Importer(815301076,1909f56bfc062723c751e8b465ee728b)  -> (artifact id: '069fb4affd9654ffbbd8a2a0ade54e7c') in 0.021939 seconds 
========================================================================
Received Import Request.
  Time since last request: 0.000024 seconds.
  path: Assets/Deathgorge/Material/cliff02_mat.mat
  artifactKey: Guid(16f6a35d956f4b1469deb5063b0a1fbb) Importer(815301076,1909f56bfc062723c751e8b465ee728b)
Start importing Assets/Deathgorge/Material/cliff02_mat.mat using Guid(16f6a35d956f4b1469deb5063b0a1fbb) Importer(815301076,1909f56bfc062723c751e8b465ee728b)  -> (artifact id: '14abf7d4c0908c779a56c8338baa8978') in 0.018705 seconds 
========================================================================
Received Import Request.
  Time since last request: 0.000046 seconds.
  path: Assets/Deathgorge/Material/pine_trees_mat.mat
  artifactKey: Guid(56d4b2bf68b84954991a0abad577d562) Importer(815301076,1909f56bfc062723c751e8b465ee728b)
Start importing Assets/Deathgorge/Material/pine_trees_mat.mat using Guid(56d4b2bf68b84954991a0abad577d562) Importer(815301076,1909f56bfc062723c751e8b465ee728b)  -> (artifact id: '458bd04e5c2e9ba0e2419febd9bea68a') in 0.017611 seconds 
========================================================================
Received Import Request.
  Time since last request: 0.000023 seconds.
  path: Assets/Deathgorge/Material/shop_roof_mat.mat
  artifactKey: Guid(8f4b24cfddc92f5449d919d11660b54d) Importer(815301076,1909f56bfc062723c751e8b465ee728b)
Start importing Assets/Deathgorge/Material/shop_roof_mat.mat using Guid(8f4b24cfddc92f5449d919d11660b54d) Importer(815301076,1909f56bfc062723c751e8b465ee728b)  -> (artifact id: '681ae4d9eb4e6fae1730bc67109a9c9c') in 0.018486 seconds 
========================================================================
Received Import Request.
  Time since last request: 0.000027 seconds.
  path: Assets/Deathgorge/Material/grass_mat.mat
  artifactKey: Guid(eebf2a74c9faeb34bab440033e907505) Importer(815301076,1909f56bfc062723c751e8b465ee728b)
Start importing Assets/Deathgorge/Material/grass_mat.mat using Guid(eebf2a74c9faeb34bab440033e907505) Importer(815301076,1909f56bfc062723c751e8b465ee728b)  -> (artifact id: '3f47e71ae8849ea513f39883b051a076') in 0.019559 seconds 
========================================================================
Received Import Request.
  Time since last request: 0.000037 seconds.
  path: Assets/Deathgorge/Material/mod_rock_v01_mat.mat
  artifactKey: Guid(6c2dca31829e110478eec2fe7f2c28b8) Importer(815301076,1909f56bfc062723c751e8b465ee728b)
Start importing Assets/Deathgorge/Material/mod_rock_v01_mat.mat using Guid(6c2dca31829e110478eec2fe7f2c28b8) Importer(815301076,1909f56bfc062723c751e8b465ee728b)  -> (artifact id: '4927197d3231d8f9efc9d0870d3858fb') in 0.017899 seconds 
========================================================================
Received Import Request.
  Time since last request: 0.000023 seconds.
  path: Assets/Deathgorge/Material/bush_leaf_01_mat.mat
  artifactKey: Guid(9d749f8b2a9578f40a491d7cf66a8924) Importer(815301076,1909f56bfc062723c751e8b465ee728b)
Start importing Assets/Deathgorge/Material/bush_leaf_01_mat.mat using Guid(9d749f8b2a9578f40a491d7cf66a8924) Importer(815301076,1909f56bfc062723c751e8b465ee728b)  -> (artifact id: '3765f1bd0b7d3f811c25978f9b726633') in 0.016773 seconds 
========================================================================
Received Import Request.
  Time since last request: 0.000028 seconds.
  path: Assets/Deathgorge/Material/ruin_wall_2_mat.mat
  artifactKey: Guid(e595798287fe8ef4bb12088185926e0c) Importer(815301076,1909f56bfc062723c751e8b465ee728b)
Start importing Assets/Deathgorge/Material/ruin_wall_2_mat.mat using Guid(e595798287fe8ef4bb12088185926e0c) Importer(815301076,1909f56bfc062723c751e8b465ee728b)  -> (artifact id: '746f55cc0cdfd5d008e3b54d19461b87') in 0.017703 seconds 
========================================================================
Received Import Request.
  Time since last request: 0.000023 seconds.
  path: Assets/Deathgorge/Material/big_roots_mat.mat
  artifactKey: Guid(f5b180e46bffc7743981a33b988026be) Importer(815301076,1909f56bfc062723c751e8b465ee728b)
Start importing Assets/Deathgorge/Material/big_roots_mat.mat using Guid(f5b180e46bffc7743981a33b988026be) Importer(815301076,1909f56bfc062723c751e8b465ee728b)  -> (artifact id: '18319d88802c220203fc10b8a36a1ceb') in 0.017028 seconds 
========================================================================
Received Import Request.
  Time since last request: 0.000032 seconds.
  path: Assets/Deathgorge/Material/cliff05_mat.mat
  artifactKey: Guid(f7a797efe9c6ac743a6641302f8c2d4c) Importer(815301076,1909f56bfc062723c751e8b465ee728b)
Start importing Assets/Deathgorge/Material/cliff05_mat.mat using Guid(f7a797efe9c6ac743a6641302f8c2d4c) Importer(815301076,1909f56bfc062723c751e8b465ee728b)  -> (artifact id: 'a5475294123a1c64fd731e7698bdd651') in 0.016256 seconds 
========================================================================
Received Import Request.
  Time since last request: 0.000023 seconds.
  path: Assets/Deathgorge/Material/ruin_post_mat3.mat
  artifactKey: Guid(2494903e3198c334186ae5bab3a540b0) Importer(815301076,1909f56bfc062723c751e8b465ee728b)
Start importing Assets/Deathgorge/Material/ruin_post_mat3.mat using Guid(2494903e3198c334186ae5bab3a540b0) Importer(815301076,1909f56bfc062723c751e8b465ee728b)  -> (artifact id: 'd180cf6579dfd6cd73a8fd068dbf992b') in 0.018865 seconds 
========================================================================
Received Import Request.
  Time since last request: 0.000025 seconds.
  path: Assets/Deathgorge/Material/ruin_platform_mat.mat
  artifactKey: Guid(8cb82d697e6c55647a5f78e3befafd2b) Importer(815301076,1909f56bfc062723c751e8b465ee728b)
Start importing Assets/Deathgorge/Material/ruin_platform_mat.mat using Guid(8cb82d697e6c55647a5f78e3befafd2b) Importer(815301076,1909f56bfc062723c751e8b465ee728b)  -> (artifact id: '77cde734e0e2684d5fb5797087349654') in 0.019165 seconds 
Editor requested this worker to shutdown with reason: Scaling down because of idle timeout
AssetImportWorker is now disconnected from the server
Process exiting
Exiting without the bug reporter. Application will terminate with return code 0