Using pre-set license
Built from '2021.3/staging' branch; Version is '2021.3.11f1 (0a5ca18544bf) revision 679073'; Using compiler version '192829333'; Build Type 'Release'
OS: 'Windows 10  (10.0.19044) 64bit CoreSingleLanguage' Language: 'en' Physical Memory: 15724 MB
BatchMode: 1, IsHumanControllingUs: 0, StartBugReporterOnCrash: 0, Is64bit: 1, IsPro: 1

COMMAND LINE ARGUMENTS:
C:\Program Files\Unity\Hub\Editor\2021.3.11f1\Editor\Unity.exe
-adb2
-batchMode
-noUpm
-name
AssetImportWorker4
-projectPath
C:/Users/kyuki/OneDrive/Documents/Arcus/CC/unity-character-customization
-logFile
Logs/AssetImportWorker4.log
-srvPort
52446
Successfully changed project path to: C:/Users/kyuki/OneDrive/Documents/Arcus/CC/unity-character-customization
C:/Users/kyuki/OneDrive/Documents/Arcus/CC/unity-character-customization
[UnityMemory] Configuration Parameters - Can be set up in boot.config
    "memorysetup-bucket-allocator-granularity=16"
    "memorysetup-bucket-allocator-bucket-count=8"
    "memorysetup-bucket-allocator-block-size=33554432"
    "memorysetup-bucket-allocator-block-count=8"
    "memorysetup-main-allocator-block-size=16777216"
    "memorysetup-thread-allocator-block-size=16777216"
    "memorysetup-gfx-main-allocator-block-size=16777216"
    "memorysetup-gfx-thread-allocator-block-size=16777216"
    "memorysetup-cache-allocator-block-size=4194304"
    "memorysetup-typetree-allocator-block-size=2097152"
    "memorysetup-profiler-bucket-allocator-granularity=16"
    "memorysetup-profiler-bucket-allocator-bucket-count=8"
    "memorysetup-profiler-bucket-allocator-block-size=33554432"
    "memorysetup-profiler-bucket-allocator-block-count=8"
    "memorysetup-profiler-allocator-block-size=16777216"
    "memorysetup-profiler-editor-allocator-block-size=1048576"
    "memorysetup-temp-allocator-size-main=16777216"
    "memorysetup-job-temp-allocator-block-size=2097152"
    "memorysetup-job-temp-allocator-block-size-background=1048576"
    "memorysetup-job-temp-allocator-reduction-small-platforms=262144"
    "memorysetup-temp-allocator-size-background-worker=32768"
    "memorysetup-temp-allocator-size-job-worker=262144"
    "memorysetup-temp-allocator-size-preload-manager=33554432"
    "memorysetup-temp-allocator-size-nav-mesh-worker=65536"
    "memorysetup-temp-allocator-size-audio-worker=65536"
    "memorysetup-temp-allocator-size-cloud-worker=32768"
    "memorysetup-temp-allocator-size-gi-baking-worker=262144"
    "memorysetup-temp-allocator-size-gfx=262144"
Refreshing native plugins compatible for Editor in 70.04 ms, found 3 plugins.
Preloading 0 native plugins for Editor in 0.00 ms.
Initialize engine version: 2021.3.11f1 (0a5ca18544bf)
[Subsystems] Discovering subsystems at path C:/Program Files/Unity/Hub/Editor/2021.3.11f1/Editor/Data/Resources/UnitySubsystems
[Subsystems] Discovering subsystems at path C:/Users/kyuki/OneDrive/Documents/Arcus/CC/unity-character-customization/Assets
GfxDevice: creating device client; threaded=0; jobified=0
Direct3D:
    Version:  Direct3D 11.0 [level 11.1]
    Renderer: NVIDIA GeForce RTX 3060 Laptop GPU (ID=0x2520)
    Vendor:   NVIDIA
    VRAM:     6023 MB
    Driver:   30.0.15.1274
Initialize mono
Mono path[0] = 'C:/Program Files/Unity/Hub/Editor/2021.3.11f1/Editor/Data/Managed'
Mono path[1] = 'C:/Program Files/Unity/Hub/Editor/2021.3.11f1/Editor/Data/MonoBleedingEdge/lib/mono/unityjit-win32'
Mono config path = 'C:/Program Files/Unity/Hub/Editor/2021.3.11f1/Editor/Data/MonoBleedingEdge/etc'
Using monoOptions --debugger-agent=transport=dt_socket,embedding=1,server=y,suspend=n,address=127.0.0.1:56644
Begin MonoManager ReloadAssembly
Registering precompiled unity dll's ...
Register platform support module: C:/Program Files/Unity/Hub/Editor/2021.3.11f1/Editor/Data/PlaybackEngines/WebGLSupport/UnityEditor.WebGL.Extensions.dll
Register platform support module: C:/Program Files/Unity/Hub/Editor/2021.3.11f1/Editor/Data/PlaybackEngines/AndroidPlayer/UnityEditor.Android.Extensions.dll
Register platform support module: C:/Program Files/Unity/Hub/Editor/2021.3.11f1/Editor/Data/PlaybackEngines/WindowsStandaloneSupport/UnityEditor.WindowsStandalone.Extensions.dll
Registered in 0.008804 seconds.
Native extension for WindowsStandalone target not found
Native extension for Android target not found
Native extension for WebGL target not found
Refreshing native plugins compatible for Editor in 69.19 ms, found 3 plugins.
Preloading 0 native plugins for Editor in 0.00 ms.
Mono: successfully reloaded assembly
- Completed reload, in  0.543 seconds
Domain Reload Profiling:
	ReloadAssembly (543ms)
		BeginReloadAssembly (63ms)
			ExecutionOrderSort (0ms)
			DisableScriptedObjects (0ms)
			BackupInstance (0ms)
			ReleaseScriptingObjects (0ms)
			CreateAndSetChildDomain (1ms)
		EndReloadAssembly (385ms)
			LoadAssemblies (62ms)
			RebuildTransferFunctionScriptingTraits (0ms)
			SetupTypeCache (82ms)
			ReleaseScriptCaches (0ms)
			RebuildScriptCaches (20ms)
			SetupLoadedEditorAssemblies (239ms)
				LogAssemblyErrors (0ms)
				InitializePlatformSupportModulesInManaged (49ms)
				SetLoadedEditorAssemblies (0ms)
				RefreshPlugins (69ms)
				BeforeProcessingInitializeOnLoad (1ms)
				ProcessInitializeOnLoadAttributes (83ms)
				ProcessInitializeOnLoadMethodAttributes (37ms)
				AfterProcessingInitializeOnLoad (0ms)
				EditorAssembliesLoaded (0ms)
			ExecutionOrderSort2 (0ms)
			AwakeInstancesAfterBackupRestoration (0ms)
Platform modules already initialized, skipping
Registering precompiled user dll's ...
Registered in 0.006644 seconds.
Begin MonoManager ReloadAssembly
Symbol file LoadedFromMemory doesn't match image C:\Users\kyuki\OneDrive\Documents\Arcus\CC\unity-character-customization\Library\PackageCache\com.unity.visualscripting@1.7.8\Editor\VisualScripting.Core\Dependencies\YamlDotNet\Unity.VisualScripting.YamlDotNet.dll
Symbol file LoadedFromMemory doesn't match image C:\Users\kyuki\OneDrive\Documents\Arcus\CC\unity-character-customization\Library\PackageCache\com.unity.visualscripting@1.7.8\Editor\VisualScripting.Core\Dependencies\DotNetZip\Unity.VisualScripting.IonicZip.dll
Native extension for WindowsStandalone target not found
Native extension for Android target not found
Native extension for WebGL target not found
Refreshing native plugins compatible for Editor in 0.63 ms, found 3 plugins.
Preloading 0 native plugins for Editor in 0.00 ms.
Mono: successfully reloaded assembly
- Completed reload, in  0.938 seconds
Domain Reload Profiling:
	ReloadAssembly (939ms)
		BeginReloadAssembly (195ms)
			ExecutionOrderSort (0ms)
			DisableScriptedObjects (5ms)
			BackupInstance (0ms)
			ReleaseScriptingObjects (0ms)
			CreateAndSetChildDomain (118ms)
		EndReloadAssembly (644ms)
			LoadAssemblies (71ms)
			RebuildTransferFunctionScriptingTraits (0ms)
			SetupTypeCache (191ms)
			ReleaseScriptCaches (1ms)
			RebuildScriptCaches (37ms)
			SetupLoadedEditorAssemblies (314ms)
				LogAssemblyErrors (0ms)
				InitializePlatformSupportModulesInManaged (14ms)
				SetLoadedEditorAssemblies (0ms)
				RefreshPlugins (1ms)
				BeforeProcessingInitializeOnLoad (76ms)
				ProcessInitializeOnLoadAttributes (190ms)
				ProcessInitializeOnLoadMethodAttributes (24ms)
				AfterProcessingInitializeOnLoad (8ms)
				EditorAssembliesLoaded (0ms)
			ExecutionOrderSort2 (0ms)
			AwakeInstancesAfterBackupRestoration (5ms)
Platform modules already initialized, skipping
========================================================================
Worker process is ready to serve import requests
Launched and connected shader compiler UnityShaderCompiler.exe after 0.03 seconds
Refreshing native plugins compatible for Editor in 0.70 ms, found 3 plugins.
Preloading 0 native plugins for Editor in 0.00 ms.
Unloading 3401 Unused Serialized files (Serialized files now loaded: 0)
Unloading 27 unused Assets / (113.5 KB). Loaded Objects now: 3862.
Memory consumption went from 119.3 MB to 119.2 MB.
Total: 2.783900 ms (FindLiveObjects: 0.232200 ms CreateObjectMapping: 0.096300 ms MarkObjects: 2.357400 ms  DeleteObjects: 0.096300 ms)

AssetImportParameters requested are different than current active one (requested -> active):
  custom:video-decoder-ogg-theora: a1e56fd34408186e4bbccfd4996cb3dc -> 
  custom:container-muxer-webm: aa71ff27fc2769a1b78a27578f13a17b -> 
  custom:container-demuxer-webm: 4f35f7cbe854078d1ac9338744f61a02 -> 
  custom:video-encoder-webm-vp8: eb34c28f22e8b96e1ab97ce403110664 -> 
  custom:audio-encoder-webm-vorbis: bf7c407c2cedff20999df2af8eb42d56 -> 
  custom:framework-win-MediaFoundation: 216162199b28c13a410421893ffa2e32 -> 
  custom:container-demuxer-ogg: 62fdf1f143b41e24485cea50d1cbac27 -> 
  custom:video-decoder-webm-vp8: 9c59270c3fd7afecdb556c50c9e8de78 -> 
  custom:audio-decoder-ogg-vorbis: bf7c407c2cedff20999df2af8eb42d56 -> 
========================================================================
Received Import Request.
  Time since last request: 136587.919404 seconds.
  path: Assets/Parts/Female/Accessory/Part 1.asset
  artifactKey: Guid(50e57b7dba4914d41a719aca844e50c6) Importer(815301076,1909f56bfc062723c751e8b465ee728b)
Start importing Assets/Parts/Female/Accessory/Part 1.asset using Guid(50e57b7dba4914d41a719aca844e50c6) Importer(815301076,1909f56bfc062723c751e8b465ee728b)  -> (artifact id: '0292cd14837270268a80253bfdb9ffd9') in 0.036965 seconds 
========================================================================
Received Import Request.
  Time since last request: 39.136383 seconds.
  path: Assets/Parts/Female/Armor/Part 1.asset
  artifactKey: Guid(ef57d189a5ea41a40ab6b1405911e729) Importer(815301076,1909f56bfc062723c751e8b465ee728b)
Start importing Assets/Parts/Female/Armor/Part 1.asset using Guid(ef57d189a5ea41a40ab6b1405911e729) Importer(815301076,1909f56bfc062723c751e8b465ee728b)  -> (artifact id: '13b4418967d4f0a57350a6a6f1a568fd') in 0.003935 seconds 
========================================================================
Received Import Request.
  Time since last request: 0.004907 seconds.
  path: Assets/Parts/Female/Armor/Part 2.asset
  artifactKey: Guid(6b62f4da283cc8344afaf428f41d9b7d) Importer(815301076,1909f56bfc062723c751e8b465ee728b)
Start importing Assets/Parts/Female/Armor/Part 2.asset using Guid(6b62f4da283cc8344afaf428f41d9b7d) Importer(815301076,1909f56bfc062723c751e8b465ee728b)  -> (artifact id: '91a1e232ac1c7807231bb32d0d24f131') in 0.005285 seconds 
========================================================================
Received Import Request.
  Time since last request: 18.110014 seconds.
  path: Assets/Parts/Female/Body/Body 1.asset
  artifactKey: Guid(dc555b658911b384f930b9014f5d7e08) Importer(815301076,1909f56bfc062723c751e8b465ee728b)
Start importing Assets/Parts/Female/Body/Body 1.asset using Guid(dc555b658911b384f930b9014f5d7e08) Importer(815301076,1909f56bfc062723c751e8b465ee728b)  -> (artifact id: 'b99bac63ac6f9e4a89d8b4e3a535a40f') in 0.006533 seconds 
========================================================================
Received Import Request.
  Time since last request: 0.000021 seconds.
  path: Assets/Parts/Female/Body/Body 5.asset
  artifactKey: Guid(26be02d9cc6cf0e4197f1da49a151180) Importer(815301076,1909f56bfc062723c751e8b465ee728b)
Start importing Assets/Parts/Female/Body/Body 5.asset using Guid(26be02d9cc6cf0e4197f1da49a151180) Importer(815301076,1909f56bfc062723c751e8b465ee728b)  -> (artifact id: 'f4e95df332ec3a6a8ec82f0e32364442') in 0.007599 seconds 
========================================================================
Received Import Request.
  Time since last request: 2.237036 seconds.
  path: Assets/Parts/Female/Boots/Part 1.asset
  artifactKey: Guid(75c7d668498ddfa46a6009fa5764dc57) Importer(815301076,1909f56bfc062723c751e8b465ee728b)
Start importing Assets/Parts/Female/Boots/Part 1.asset using Guid(75c7d668498ddfa46a6009fa5764dc57) Importer(815301076,1909f56bfc062723c751e8b465ee728b)  -> (artifact id: '5712a9a8c0999dc13207f1dc6f67dff0') in 0.004500 seconds 
========================================================================
Received Import Request.
  Time since last request: 0.000022 seconds.
  path: Assets/Parts/Female/Boots/Part 5.asset
  artifactKey: Guid(cd216b6a538bcd94f8694a398d3c1b17) Importer(815301076,1909f56bfc062723c751e8b465ee728b)
Start importing Assets/Parts/Female/Boots/Part 5.asset using Guid(cd216b6a538bcd94f8694a398d3c1b17) Importer(815301076,1909f56bfc062723c751e8b465ee728b)  -> (artifact id: '84a30d06410f1a9c1722cbe14c5e9ed1') in 0.004259 seconds 
========================================================================
Received Import Request.
  Time since last request: 28.516716 seconds.
  path: Assets/Parts/Female/Eyes/Part 1.asset
  artifactKey: Guid(9dd8535b0d5ff054d8e16535a215eef9) Importer(815301076,1909f56bfc062723c751e8b465ee728b)
Start importing Assets/Parts/Female/Eyes/Part 1.asset using Guid(9dd8535b0d5ff054d8e16535a215eef9) Importer(815301076,1909f56bfc062723c751e8b465ee728b)  -> (artifact id: '64d1b1e2a530adbb72527aaf997ce5db') in 0.003301 seconds 
========================================================================
Received Import Request.
  Time since last request: 0.004375 seconds.
  path: Assets/Parts/Female/Eyes/Part 2.asset
  artifactKey: Guid(b6a382a4147c6a94fba16b8aa781e0ed) Importer(815301076,1909f56bfc062723c751e8b465ee728b)
Start importing Assets/Parts/Female/Eyes/Part 2.asset using Guid(b6a382a4147c6a94fba16b8aa781e0ed) Importer(815301076,1909f56bfc062723c751e8b465ee728b)  -> (artifact id: 'fc1008cbc44ea55074b4b0d25e81d7ef') in 0.004872 seconds 
========================================================================
Received Import Request.
  Time since last request: 0.000033 seconds.
  path: Assets/Parts/Female/Eyes/Part 7.asset
  artifactKey: Guid(37cd400913394734683a7985bb703b2a) Importer(815301076,1909f56bfc062723c751e8b465ee728b)
Start importing Assets/Parts/Female/Eyes/Part 7.asset using Guid(37cd400913394734683a7985bb703b2a) Importer(815301076,1909f56bfc062723c751e8b465ee728b)  -> (artifact id: '0f3fc288f93b7a11bbf2bb56ac40b183') in 0.003545 seconds 
========================================================================
Received Import Request.
  Time since last request: 13.775882 seconds.
  path: Assets/Parts/Female/Gloves/GloveList.asset
  artifactKey: Guid(b0fff3988fcdc8248a046fbabfc68ee7) Importer(815301076,1909f56bfc062723c751e8b465ee728b)
Start importing Assets/Parts/Female/Gloves/GloveList.asset using Guid(b0fff3988fcdc8248a046fbabfc68ee7) Importer(815301076,1909f56bfc062723c751e8b465ee728b)  -> (artifact id: '8f97701f43b3a698b46eb489a3eaa91c') in 0.007073 seconds 
========================================================================
Received Import Request.
  Time since last request: 4.248287 seconds.
  path: Assets/Parts/Female/Gloves/Part 1.asset
  artifactKey: Guid(d4a5be4880871f94384268d45128856e) Importer(815301076,1909f56bfc062723c751e8b465ee728b)
Start importing Assets/Parts/Female/Gloves/Part 1.asset using Guid(d4a5be4880871f94384268d45128856e) Importer(815301076,1909f56bfc062723c751e8b465ee728b)  -> (artifact id: 'f0f86d66faf3afe9758b441ba1d0fb33') in 0.003321 seconds 
========================================================================
Received Import Request.
  Time since last request: 0.004682 seconds.
  path: Assets/Parts/Female/Gloves/Part 2.asset
  artifactKey: Guid(3a19d83ca8b15c14d971696debc87744) Importer(815301076,1909f56bfc062723c751e8b465ee728b)
Start importing Assets/Parts/Female/Gloves/Part 2.asset using Guid(3a19d83ca8b15c14d971696debc87744) Importer(815301076,1909f56bfc062723c751e8b465ee728b)  -> (artifact id: 'd6e474a28f200762941bff084a8b8ee9') in 0.004822 seconds 
========================================================================
Received Import Request.
  Time since last request: 0.000028 seconds.
  path: Assets/Parts/Female/Gloves/Part 7.asset
  artifactKey: Guid(6f8e0184d30ecb147a64ad5501d669b1) Importer(815301076,1909f56bfc062723c751e8b465ee728b)
Start importing Assets/Parts/Female/Gloves/Part 7.asset using Guid(6f8e0184d30ecb147a64ad5501d669b1) Importer(815301076,1909f56bfc062723c751e8b465ee728b)  -> (artifact id: 'a8cf7ca282680d9d9b05b25f6c30188a') in 0.003404 seconds 
========================================================================
Received Import Request.
  Time since last request: 7.227863 seconds.
  path: Assets/Parts/Female/Hair/Hair_1.asset
  artifactKey: Guid(149bb1a2c3712644eb558fef073f453d) Importer(815301076,1909f56bfc062723c751e8b465ee728b)
Start importing Assets/Parts/Female/Hair/Hair_1.asset using Guid(149bb1a2c3712644eb558fef073f453d) Importer(815301076,1909f56bfc062723c751e8b465ee728b)  -> (artifact id: 'fd46dca03df39dd4cea8b5077e0edd65') in 0.008350 seconds 
========================================================================
Received Import Request.
  Time since last request: 6.229709 seconds.
  path: Assets/Parts/Female/Hair/Part 1.asset
  artifactKey: Guid(75d40960e94f8b1459a6bce0d11d300a) Importer(815301076,1909f56bfc062723c751e8b465ee728b)
Start importing Assets/Parts/Female/Hair/Part 1.asset using Guid(75d40960e94f8b1459a6bce0d11d300a) Importer(815301076,1909f56bfc062723c751e8b465ee728b)  -> (artifact id: 'bd5f0dc02777bbb3e75f76e56dcb8f1e') in 0.003274 seconds 
========================================================================
Received Import Request.
  Time since last request: 0.005096 seconds.
  path: Assets/Parts/Female/Hair/Part 2.asset
  artifactKey: Guid(a8e910ee926833c408858a382679b258) Importer(815301076,1909f56bfc062723c751e8b465ee728b)
Start importing Assets/Parts/Female/Hair/Part 2.asset using Guid(a8e910ee926833c408858a382679b258) Importer(815301076,1909f56bfc062723c751e8b465ee728b)  -> (artifact id: 'cff1824b4a95e1cd63eabe212fe7def3') in 0.005012 seconds 
========================================================================
Received Import Request.
  Time since last request: 0.000026 seconds.
  path: Assets/Parts/Female/Hair/Part 6.asset
  artifactKey: Guid(7e49fee89312ff8498528096520be0a1) Importer(815301076,1909f56bfc062723c751e8b465ee728b)
Start importing Assets/Parts/Female/Hair/Part 6.asset using Guid(7e49fee89312ff8498528096520be0a1) Importer(815301076,1909f56bfc062723c751e8b465ee728b)  -> (artifact id: '2663135b23b069c690b725a68c6bbf75') in 0.004138 seconds 
========================================================================
Received Import Request.
  Time since last request: 7.493098 seconds.
  path: Assets/Parts/Female/Hair/Part 1.asset
  artifactKey: Guid(75d40960e94f8b1459a6bce0d11d300a) Importer(815301076,1909f56bfc062723c751e8b465ee728b)
Start importing Assets/Parts/Female/Hair/Part 1.asset using Guid(75d40960e94f8b1459a6bce0d11d300a) Importer(815301076,1909f56bfc062723c751e8b465ee728b)  -> (artifact id: '981f700c9e045c67574a5b30cc532aba') in 0.005594 seconds 
========================================================================
Received Import Request.
  Time since last request: 0.000027 seconds.
  path: Assets/Parts/Female/Hair/Part 13.asset
  artifactKey: Guid(29dba0e3f5f54b14091a84db657d9cd6) Importer(815301076,1909f56bfc062723c751e8b465ee728b)
Start importing Assets/Parts/Female/Hair/Part 13.asset using Guid(29dba0e3f5f54b14091a84db657d9cd6) Importer(815301076,1909f56bfc062723c751e8b465ee728b)  -> (artifact id: 'feb303d6bd3fe9963a4281d34c45ff2f') in 0.009022 seconds 
========================================================================
Received Import Request.
  Time since last request: 0.000028 seconds.
  path: Assets/Parts/Female/Hair/Part 6.asset
  artifactKey: Guid(7e49fee89312ff8498528096520be0a1) Importer(815301076,1909f56bfc062723c751e8b465ee728b)
Start importing Assets/Parts/Female/Hair/Part 6.asset using Guid(7e49fee89312ff8498528096520be0a1) Importer(815301076,1909f56bfc062723c751e8b465ee728b)  -> (artifact id: '88451f820d47e92a0e90c98348b1e228') in 0.004026 seconds 
========================================================================
Received Import Request.
  Time since last request: 13.531970 seconds.
  path: Assets/Parts/Female/Hair/Part 15.asset
  artifactKey: Guid(b87b8753ed527d14889d1e9c46c0b49a) Importer(815301076,1909f56bfc062723c751e8b465ee728b)
Start importing Assets/Parts/Female/Hair/Part 15.asset using Guid(b87b8753ed527d14889d1e9c46c0b49a) Importer(815301076,1909f56bfc062723c751e8b465ee728b)  -> (artifact id: 'd60ef57fad590ed1a2dadb112fbf81bb') in 0.007201 seconds 
========================================================================
Received Import Request.
  Time since last request: 0.003041 seconds.
  path: Assets/Parts/Female/Hair/Part 8.asset
  artifactKey: Guid(495290f077c736d44b0da7768b0640af) Importer(815301076,1909f56bfc062723c751e8b465ee728b)
Start importing Assets/Parts/Female/Hair/Part 8.asset using Guid(495290f077c736d44b0da7768b0640af) Importer(815301076,1909f56bfc062723c751e8b465ee728b)  -> (artifact id: 'e0ea1c932aea61290db3b6f95bf49f0e') in 0.005979 seconds 
========================================================================
Received Import Request.
  Time since last request: 0.000036 seconds.
  path: Assets/Parts/Female/Hair/Part 13.asset
  artifactKey: Guid(29dba0e3f5f54b14091a84db657d9cd6) Importer(815301076,1909f56bfc062723c751e8b465ee728b)
Start importing Assets/Parts/Female/Hair/Part 13.asset using Guid(29dba0e3f5f54b14091a84db657d9cd6) Importer(815301076,1909f56bfc062723c751e8b465ee728b)  -> (artifact id: 'edae0aaa6b6f5dd55efb3fc35268bf34') in 0.004517 seconds 
========================================================================
Received Import Request.
  Time since last request: 0.000020 seconds.
  path: Assets/Parts/Female/Hair/Part 19.asset
  artifactKey: Guid(d8b94647b34d76d4ba6494463431437b) Importer(815301076,1909f56bfc062723c751e8b465ee728b)
Start importing Assets/Parts/Female/Hair/Part 19.asset using Guid(d8b94647b34d76d4ba6494463431437b) Importer(815301076,1909f56bfc062723c751e8b465ee728b)  -> (artifact id: 'dfd668a23a9b41f513a839108beb2abb') in 0.009919 seconds 
========================================================================
Received Import Request.
  Time since last request: 16.365228 seconds.
  path: Assets/Parts/Female/Eyes/Part 1.asset
  artifactKey: Guid(9dd8535b0d5ff054d8e16535a215eef9) Importer(815301076,1909f56bfc062723c751e8b465ee728b)
Start importing Assets/Parts/Female/Eyes/Part 1.asset using Guid(9dd8535b0d5ff054d8e16535a215eef9) Importer(815301076,1909f56bfc062723c751e8b465ee728b)  -> (artifact id: '1ed1102f6f8fc9b7819f5cf581b6ff84') in 0.004698 seconds 
========================================================================
Received Import Request.
  Time since last request: 0.000041 seconds.
  path: Assets/Parts/Female/Eyes/Part 5.asset
  artifactKey: Guid(1aca76a48d807514ca5ebbbc4bd2f2d7) Importer(815301076,1909f56bfc062723c751e8b465ee728b)
Start importing Assets/Parts/Female/Eyes/Part 5.asset using Guid(1aca76a48d807514ca5ebbbc4bd2f2d7) Importer(815301076,1909f56bfc062723c751e8b465ee728b)  -> (artifact id: 'a98b1239d19e50b7454632f361645264') in 0.004056 seconds 
========================================================================
Received Import Request.
  Time since last request: 0.834469 seconds.
  path: Assets/Parts/Female/Top/TopList.asset
  artifactKey: Guid(a6f03b2f577968140a8e01e706dfa5b8) Importer(815301076,1909f56bfc062723c751e8b465ee728b)
Start importing Assets/Parts/Female/Top/TopList.asset using Guid(a6f03b2f577968140a8e01e706dfa5b8) Importer(815301076,1909f56bfc062723c751e8b465ee728b)  -> (artifact id: 'daa23d91c4831d14a8050a88c995bff5') in 0.006662 seconds 
========================================================================
Received Import Request.
  Time since last request: 6.054884 seconds.
  path: Assets/Parts/Female/Top/Part 1.asset
  artifactKey: Guid(7c069c0cacc01c649b1b43a799b2e670) Importer(815301076,1909f56bfc062723c751e8b465ee728b)
Start importing Assets/Parts/Female/Top/Part 1.asset using Guid(7c069c0cacc01c649b1b43a799b2e670) Importer(815301076,1909f56bfc062723c751e8b465ee728b)  -> (artifact id: '97c057fe58f8090fb3fa1dd393631ec3') in 0.004943 seconds 
========================================================================
Received Import Request.
  Time since last request: 0.000022 seconds.
  path: Assets/Parts/Female/Top/Part 5.asset
  artifactKey: Guid(5a7a21b28b74088408374d23c721a0f3) Importer(815301076,1909f56bfc062723c751e8b465ee728b)
Start importing Assets/Parts/Female/Top/Part 5.asset using Guid(5a7a21b28b74088408374d23c721a0f3) Importer(815301076,1909f56bfc062723c751e8b465ee728b)  -> (artifact id: 'bd8472180863f4c8d15a906f1b5e3369') in 0.003592 seconds 
========================================================================
Received Prepare
Registering precompiled user dll's ...
Registered in 0.009290 seconds.
Begin MonoManager ReloadAssembly
Symbol file LoadedFromMemory doesn't match image C:\Users\kyuki\OneDrive\Documents\Arcus\CC\unity-character-customization\Library\PackageCache\com.unity.visualscripting@1.7.8\Editor\VisualScripting.Core\Dependencies\YamlDotNet\Unity.VisualScripting.YamlDotNet.dll
Symbol file LoadedFromMemory doesn't match image C:\Users\kyuki\OneDrive\Documents\Arcus\CC\unity-character-customization\Library\PackageCache\com.unity.visualscripting@1.7.8\Editor\VisualScripting.Core\Dependencies\DotNetZip\Unity.VisualScripting.IonicZip.dll
Native extension for WindowsStandalone target not found
Native extension for Android target not found
Native extension for WebGL target not found
Refreshing native plugins compatible for Editor in 1.01 ms, found 3 plugins.
Preloading 0 native plugins for Editor in 0.00 ms.
Mono: successfully reloaded assembly
- Completed reload, in  1.122 seconds
Domain Reload Profiling:
	ReloadAssembly (1123ms)
		BeginReloadAssembly (148ms)
			ExecutionOrderSort (0ms)
			DisableScriptedObjects (5ms)
			BackupInstance (0ms)
			ReleaseScriptingObjects (0ms)
			CreateAndSetChildDomain (38ms)
		EndReloadAssembly (887ms)
			LoadAssemblies (111ms)
			RebuildTransferFunctionScriptingTraits (0ms)
			SetupTypeCache (274ms)
			ReleaseScriptCaches (3ms)
			RebuildScriptCaches (51ms)
			SetupLoadedEditorAssemblies (398ms)
				LogAssemblyErrors (0ms)
				InitializePlatformSupportModulesInManaged (29ms)
				SetLoadedEditorAssemblies (1ms)
				RefreshPlugins (1ms)
				BeforeProcessingInitializeOnLoad (87ms)
				ProcessInitializeOnLoadAttributes (240ms)
				ProcessInitializeOnLoadMethodAttributes (31ms)
				AfterProcessingInitializeOnLoad (10ms)
				EditorAssembliesLoaded (0ms)
			ExecutionOrderSort2 (0ms)
			AwakeInstancesAfterBackupRestoration (7ms)
Platform modules already initialized, skipping
Refreshing native plugins compatible for Editor in 2.95 ms, found 3 plugins.
Preloading 0 native plugins for Editor in 0.00 ms.
Unloading 3383 Unused Serialized files (Serialized files now loaded: 0)
Unloading 20 unused Assets / (80.0 KB). Loaded Objects now: 3866.
Memory consumption went from 118.1 MB to 118.0 MB.
Total: 6.969700 ms (FindLiveObjects: 0.670000 ms CreateObjectMapping: 0.485000 ms MarkObjects: 5.627400 ms  DeleteObjects: 0.185500 ms)

AssetImportParameters requested are different than current active one (requested -> active):
  custom:video-decoder-ogg-theora: a1e56fd34408186e4bbccfd4996cb3dc -> 
  custom:container-muxer-webm: aa71ff27fc2769a1b78a27578f13a17b -> 
  custom:container-demuxer-webm: 4f35f7cbe854078d1ac9338744f61a02 -> 
  custom:video-encoder-webm-vp8: eb34c28f22e8b96e1ab97ce403110664 -> 
  custom:audio-encoder-webm-vorbis: bf7c407c2cedff20999df2af8eb42d56 -> 
  custom:framework-win-MediaFoundation: 216162199b28c13a410421893ffa2e32 -> 
  custom:container-demuxer-ogg: 62fdf1f143b41e24485cea50d1cbac27 -> 
  custom:video-decoder-webm-vp8: 9c59270c3fd7afecdb556c50c9e8de78 -> 
  custom:audio-decoder-ogg-vorbis: bf7c407c2cedff20999df2af8eb42d56 -> 
========================================================================
Received Import Request.
  Time since last request: 35.612321 seconds.
  path: Assets/Parts/Female/Accessory/Part 1.asset
  artifactKey: Guid(50e57b7dba4914d41a719aca844e50c6) Importer(815301076,1909f56bfc062723c751e8b465ee728b)
Start importing Assets/Parts/Female/Accessory/Part 1.asset using Guid(50e57b7dba4914d41a719aca844e50c6) Importer(815301076,1909f56bfc062723c751e8b465ee728b)  -> (artifact id: '2c4b86890bb7a9717a85fb9bb7899bd8') in 0.019486 seconds 
========================================================================
Received Import Request.
  Time since last request: 0.000030 seconds.
  path: Assets/Parts/Female/Accessory/Part 6.asset
  artifactKey: Guid(bf6ae54d3c3463341ae56a321786fd01) Importer(815301076,1909f56bfc062723c751e8b465ee728b)
Start importing Assets/Parts/Female/Accessory/Part 6.asset using Guid(bf6ae54d3c3463341ae56a321786fd01) Importer(815301076,1909f56bfc062723c751e8b465ee728b)  -> (artifact id: 'dd935c12c56757729ef0ed92a8a1bf86') in 0.004400 seconds 
========================================================================
Received Import Request.
  Time since last request: 12.593473 seconds.
  path: Assets/Parts/Female/Armor/Part 1.asset
  artifactKey: Guid(ef57d189a5ea41a40ab6b1405911e729) Importer(815301076,1909f56bfc062723c751e8b465ee728b)
Start importing Assets/Parts/Female/Armor/Part 1.asset using Guid(ef57d189a5ea41a40ab6b1405911e729) Importer(815301076,1909f56bfc062723c751e8b465ee728b)  -> (artifact id: '0112192f07e23044506c11883be5e405') in 0.004283 seconds 
========================================================================
Received Import Request.
  Time since last request: 0.000023 seconds.
  path: Assets/Parts/Female/Armor/Part 5.asset
  artifactKey: Guid(6acc1958588773745895d724751069b3) Importer(815301076,1909f56bfc062723c751e8b465ee728b)
Start importing Assets/Parts/Female/Armor/Part 5.asset using Guid(6acc1958588773745895d724751069b3) Importer(815301076,1909f56bfc062723c751e8b465ee728b)  -> (artifact id: 'bc572165381df15b7ca6790b0ee6f14a') in 0.004278 seconds 
========================================================================
Received Import Request.
  Time since last request: 18.383490 seconds.
  path: Assets/Parts/Female/Bottom/Part 1.asset
  artifactKey: Guid(f0fc9e7f13e2d254199fa5c436ececef) Importer(815301076,1909f56bfc062723c751e8b465ee728b)
Start importing Assets/Parts/Female/Bottom/Part 1.asset using Guid(f0fc9e7f13e2d254199fa5c436ececef) Importer(815301076,1909f56bfc062723c751e8b465ee728b)  -> (artifact id: '0526b3aa16950ce52c5ab78f976e79f7') in 0.004259 seconds 
========================================================================
Received Import Request.
  Time since last request: 0.000030 seconds.
  path: Assets/Parts/Female/Bottom/Part 5.asset
  artifactKey: Guid(05d053305d8bcb240a7af09745b88b0d) Importer(815301076,1909f56bfc062723c751e8b465ee728b)
Start importing Assets/Parts/Female/Bottom/Part 5.asset using Guid(05d053305d8bcb240a7af09745b88b0d) Importer(815301076,1909f56bfc062723c751e8b465ee728b)  -> (artifact id: 'c628975a0f4cc258483f83b859f8c849') in 0.004720 seconds 
========================================================================
Received Import Request.
  Time since last request: 19.666071 seconds.
  path: Assets/Parts/Female/Gloves/Part 1.asset
  artifactKey: Guid(d4a5be4880871f94384268d45128856e) Importer(815301076,1909f56bfc062723c751e8b465ee728b)
Start importing Assets/Parts/Female/Gloves/Part 1.asset using Guid(d4a5be4880871f94384268d45128856e) Importer(815301076,1909f56bfc062723c751e8b465ee728b)  -> (artifact id: '77889e8a5e6da299f8fd539b16807043') in 0.004368 seconds 
========================================================================
Received Import Request.
  Time since last request: 0.000027 seconds.
  path: Assets/Parts/Female/Gloves/Part 6.asset
  artifactKey: Guid(fe29ddfe7df32c547b615e46c0ceb91d) Importer(815301076,1909f56bfc062723c751e8b465ee728b)
Start importing Assets/Parts/Female/Gloves/Part 6.asset using Guid(fe29ddfe7df32c547b615e46c0ceb91d) Importer(815301076,1909f56bfc062723c751e8b465ee728b)  -> (artifact id: 'aff227633683a97fd92325a5eb640fe6') in 0.004993 seconds 
========================================================================
Received Import Request.
  Time since last request: 16.586873 seconds.
  path: Assets/Parts/Female/Hair/Part 15.asset
  artifactKey: Guid(b87b8753ed527d14889d1e9c46c0b49a) Importer(815301076,1909f56bfc062723c751e8b465ee728b)
Start importing Assets/Parts/Female/Hair/Part 15.asset using Guid(b87b8753ed527d14889d1e9c46c0b49a) Importer(815301076,1909f56bfc062723c751e8b465ee728b)  -> (artifact id: '464ae9049e3e4ef2ff783108c5a482dd') in 0.004652 seconds 
========================================================================
Received Import Request.
  Time since last request: 0.000032 seconds.
  path: Assets/Parts/Female/Hair/Part 19.asset
  artifactKey: Guid(d8b94647b34d76d4ba6494463431437b) Importer(815301076,1909f56bfc062723c751e8b465ee728b)
Start importing Assets/Parts/Female/Hair/Part 19.asset using Guid(d8b94647b34d76d4ba6494463431437b) Importer(815301076,1909f56bfc062723c751e8b465ee728b)  -> (artifact id: 'f7f4d8e927b93a38835de31cdc4932e0') in 0.004002 seconds 
Editor requested this worker to shutdown with reason: Scaling down because of idle timeout
AssetImportWorker is now disconnected from the server
Process exiting
Exiting without the bug reporter. Application will terminate with return code 0